#! /mingw64/bin/vvp
:ivl_version "10.3 (stable)" "(v10_3-42-gb9885430)";
:ivl_delay_selection "TYPICAL";
:vpi_time_precision - 10;
:vpi_module "system";
:vpi_module "vhdl_sys";
:vpi_module "v2005_math";
:vpi_module "va_math";
S_0000000004384600 .scope module, "tb_proj2" "tb_proj2" 2 2;
 .timescale -8 -10;
v000000000442a3c0_0 .var "BUTT", 1 0;
v000000000442a460_0 .net "DISP0", 7 0, v00000000043c4190_0;  1 drivers
v000000000442be00_0 .net "DISP1", 7 0, v00000000043c3c90_0;  1 drivers
v000000000442bf40_0 .net "DISP2", 7 0, v00000000043c4f50_0;  1 drivers
v000000000442a820_0 .net "DISP3", 7 0, v00000000043c30b0_0;  1 drivers
v000000000442a1e0_0 .net "DISP4", 7 0, v00000000043c3fb0_0;  1 drivers
v000000000442a500_0 .net "DISP5", 7 0, v00000000043c4230_0;  1 drivers
v000000000442a5a0_0 .net "LEDS", 9 0, L_000000000442e5f0;  1 drivers
v000000000442a640_0 .var "SWIT", 9 0;
v000000000442a8c0_0 .var "clk", 0 0;
S_0000000004196170 .scope module, "B0" "proj2" 2 10, 3 1 0, S_0000000004384600;
 .timescale -8 -10;
    .port_info 0 /INPUT 10 "SW"
    .port_info 1 /OUTPUT 8 "HEX0"
    .port_info 2 /OUTPUT 8 "HEX1"
    .port_info 3 /OUTPUT 8 "HEX2"
    .port_info 4 /OUTPUT 8 "HEX3"
    .port_info 5 /OUTPUT 8 "HEX4"
    .port_info 6 /OUTPUT 8 "HEX5"
    .port_info 7 /INPUT 2 "KEY"
    .port_info 8 /OUTPUT 10 "LEDR"
    .port_info 9 /INPUT 1 "ADC_CLK_10"
P_00000000041962f0 .param/l "divider1" 0 4 3, C4<00000000000000000000000000001010>;
P_0000000004196328 .param/l "divider2" 0 4 4, C4<00000000000000000000000000000010>;
P_0000000004196360 .param/l "timing" 0 4 2, C4<00000000000000000010>;
L_00000000043b3990 .functor BUFZ 1, L_000000000442d3d0, C4<0>, C4<0>, C4<0>;
v000000000442ad20_0 .net "ADC_CLK_10", 0 0, v000000000442a8c0_0;  1 drivers
v000000000442ba40_0 .net "HEX0", 7 0, v00000000043c4190_0;  alias, 1 drivers
v000000000442aaa0_0 .net "HEX1", 7 0, v00000000043c3c90_0;  alias, 1 drivers
v000000000442af00_0 .net "HEX2", 7 0, v00000000043c4f50_0;  alias, 1 drivers
v000000000442b400_0 .net "HEX3", 7 0, v00000000043c30b0_0;  alias, 1 drivers
v000000000442b0e0_0 .net "HEX4", 7 0, v00000000043c3fb0_0;  alias, 1 drivers
v000000000442aa00_0 .net "HEX5", 7 0, v00000000043c4230_0;  alias, 1 drivers
v000000000442abe0_0 .net "KEY", 1 0, v000000000442a3c0_0;  1 drivers
v000000000442adc0_0 .net "LEDR", 9 0, L_000000000442e5f0;  alias, 1 drivers
v000000000442ac80_0 .net "SW", 9 0, v000000000442a640_0;  1 drivers
v000000000442ae60_0 .net *"_s10", 7 0, L_000000000442ea50;  1 drivers
L_0000000005be0088 .functor BUFT 1, C4<0000>, C4<0>, C4<0>, C4<0>;
v000000000442b040_0 .net *"_s13", 3 0, L_0000000005be0088;  1 drivers
L_0000000005be00d0 .functor BUFT 1, C4<00001010>, C4<0>, C4<0>, C4<0>;
v000000000442b9a0_0 .net/2u *"_s14", 7 0, L_0000000005be00d0;  1 drivers
v000000000442b180_0 .net *"_s17", 7 0, L_000000000442cd90;  1 drivers
L_0000000005be0118 .functor BUFT 1, C4<0000>, C4<0>, C4<0>, C4<0>;
v000000000442bea0_0 .net/2u *"_s18", 3 0, L_0000000005be0118;  1 drivers
v000000000442b360_0 .net *"_s21", 3 0, L_000000000442de70;  1 drivers
v000000000442b4a0_0 .net *"_s22", 7 0, L_000000000442e0f0;  1 drivers
v000000000442a780_0 .net *"_s27", 3 0, L_000000000442d330;  1 drivers
L_0000000005be0160 .functor BUFT 1, C4<0000>, C4<0>, C4<0>, C4<0>;
v000000000442b220_0 .net/2u *"_s28", 3 0, L_0000000005be0160;  1 drivers
v000000000442b540_0 .net *"_s3", 0 0, L_00000000043b3990;  1 drivers
v000000000442bfe0_0 .net *"_s30", 0 0, L_000000000442e690;  1 drivers
v000000000442b5e0_0 .net *"_s33", 3 0, L_000000000442d790;  1 drivers
L_0000000005be01a8 .functor BUFT 1, C4<1010>, C4<0>, C4<0>, C4<0>;
v000000000442b2c0_0 .net/2u *"_s34", 3 0, L_0000000005be01a8;  1 drivers
v000000000442b680_0 .net *"_s5", 0 0, L_000000000442e2d0;  1 drivers
v000000000442b720_0 .net *"_s9", 3 0, L_000000000442df10;  1 drivers
v000000000442bc20_0 .net "clk", 0 0, L_000000000442d3d0;  1 drivers
v000000000442b860_0 .net "clk1", 0 0, v00000000043c45f0_0;  1 drivers
v000000000442b900_0 .net "clk2", 0 0, v000000000442ab40_0;  1 drivers
v000000000442bae0_0 .net "domA", 7 0, v000000000442a280_0;  1 drivers
v000000000442bb80_0 .net "doy", 7 0, v00000000043c3330_0;  1 drivers
v000000000442a6e0_0 .net "doyA", 7 0, L_000000000442e190;  1 drivers
v000000000442bcc0_0 .net "doyTens", 3 0, L_000000000442e4b0;  1 drivers
v000000000442bd60_0 .net "month", 3 0, v000000000442a320_0;  1 drivers
L_000000000442e5f0 .part/pv L_00000000043b3990, 0, 1, 10;
L_000000000442e2d0 .part v000000000442a3c0_0, 1, 1;
L_000000000442d3d0 .functor MUXZ 1, v000000000442ab40_0, v00000000043c45f0_0, L_000000000442e2d0, C4<>;
L_000000000442df10 .part v00000000043c3330_0, 4, 4;
L_000000000442ea50 .concat [ 4 4 0 0], L_000000000442df10, L_0000000005be0088;
L_000000000442cd90 .arith/mult 8, L_000000000442ea50, L_0000000005be00d0;
L_000000000442de70 .part v00000000043c3330_0, 0, 4;
L_000000000442e0f0 .concat [ 4 4 0 0], L_000000000442de70, L_0000000005be0118;
L_000000000442e190 .arith/sum 8, L_000000000442cd90, L_000000000442e0f0;
L_000000000442d330 .part v00000000043c3330_0, 4, 4;
L_000000000442e690 .cmp/ne 4, L_000000000442d330, L_0000000005be0160;
L_000000000442d790 .part v00000000043c3330_0, 4, 4;
L_000000000442e4b0 .functor MUXZ 4, L_0000000005be01a8, L_000000000442d790, L_000000000442e690, C4<>;
L_000000000442dc90 .part v000000000442a280_0, 0, 4;
L_000000000442dfb0 .part v000000000442a280_0, 4, 4;
L_000000000442d5b0 .part v00000000043c3330_0, 0, 4;
L_000000000442ce30 .part v000000000442a3c0_0, 0, 1;
L_000000000442cf70 .part v000000000442a3c0_0, 0, 1;
L_000000000442d010 .part v000000000442a3c0_0, 0, 1;
L_000000000442e550 .part v000000000442a640_0, 9, 1;
S_000000000438ed60 .scope module, "U0" "sevenSeg" 3 24, 5 1 0, S_0000000004196170;
 .timescale -8 -10;
    .port_info 0 /INPUT 4 "a1"
    .port_info 1 /INPUT 4 "a2"
    .port_info 2 /INPUT 1 "b"
    .port_info 3 /OUTPUT 8 "x"
v00000000043c4eb0_0 .net "a1", 3 0, L_000000000442dc90;  1 drivers
L_0000000005be01f0 .functor BUFT 1, C4<0000>, C4<0>, C4<0>, C4<0>;
v00000000043c38d0_0 .net "a2", 3 0, L_0000000005be01f0;  1 drivers
L_0000000005be0238 .functor BUFT 1, C4<1>, C4<0>, C4<0>, C4<0>;
v00000000043c3150_0 .net "b", 0 0, L_0000000005be0238;  1 drivers
v00000000043c4190_0 .var "x", 7 0;
E_00000000043c76a0 .event edge, v00000000043c3150_0, v00000000043c4eb0_0, v00000000043c38d0_0;
S_000000000438eee0 .scope module, "U1" "sevenSeg" 3 25, 5 1 0, S_0000000004196170;
 .timescale -8 -10;
    .port_info 0 /INPUT 4 "a1"
    .port_info 1 /INPUT 4 "a2"
    .port_info 2 /INPUT 1 "b"
    .port_info 3 /OUTPUT 8 "x"
v00000000043c4a50_0 .net "a1", 3 0, L_000000000442dfb0;  1 drivers
L_0000000005be0280 .functor BUFT 1, C4<0000>, C4<0>, C4<0>, C4<0>;
v00000000043c3dd0_0 .net "a2", 3 0, L_0000000005be0280;  1 drivers
L_0000000005be02c8 .functor BUFT 1, C4<1>, C4<0>, C4<0>, C4<0>;
v00000000043c49b0_0 .net "b", 0 0, L_0000000005be02c8;  1 drivers
v00000000043c3c90_0 .var "x", 7 0;
E_00000000043c7a60 .event edge, v00000000043c49b0_0, v00000000043c4a50_0, v00000000043c3dd0_0;
S_00000000043a3a30 .scope module, "U2" "sevenSeg" 3 26, 5 1 0, S_0000000004196170;
 .timescale -8 -10;
    .port_info 0 /INPUT 4 "a1"
    .port_info 1 /INPUT 4 "a2"
    .port_info 2 /INPUT 1 "b"
    .port_info 3 /OUTPUT 8 "x"
v00000000043c4cd0_0 .net "a1", 3 0, v000000000442a320_0;  alias, 1 drivers
L_0000000005be0310 .functor BUFT 1, C4<0000>, C4<0>, C4<0>, C4<0>;
v00000000043c4af0_0 .net "a2", 3 0, L_0000000005be0310;  1 drivers
L_0000000005be0358 .functor BUFT 1, C4<1>, C4<0>, C4<0>, C4<0>;
v00000000043c4690_0 .net "b", 0 0, L_0000000005be0358;  1 drivers
v00000000043c4f50_0 .var "x", 7 0;
E_00000000043c7e20 .event edge, v00000000043c4690_0, v00000000043c4cd0_0, v00000000043c4af0_0;
S_00000000043a3bb0 .scope module, "U3" "sevenSeg" 3 27, 5 1 0, S_0000000004196170;
 .timescale -8 -10;
    .port_info 0 /INPUT 4 "a1"
    .port_info 1 /INPUT 4 "a2"
    .port_info 2 /INPUT 1 "b"
    .port_info 3 /OUTPUT 8 "x"
L_0000000005be03a0 .functor BUFT 1, C4<1010>, C4<0>, C4<0>, C4<0>;
v00000000043c4d70_0 .net "a1", 3 0, L_0000000005be03a0;  1 drivers
L_0000000005be03e8 .functor BUFT 1, C4<0000>, C4<0>, C4<0>, C4<0>;
v00000000043c3790_0 .net "a2", 3 0, L_0000000005be03e8;  1 drivers
L_0000000005be0430 .functor BUFT 1, C4<1>, C4<0>, C4<0>, C4<0>;
v00000000043c3d30_0 .net "b", 0 0, L_0000000005be0430;  1 drivers
v00000000043c30b0_0 .var "x", 7 0;
E_00000000043c7720 .event edge, v00000000043c3d30_0, v00000000043c4d70_0, v00000000043c3790_0;
S_000000000439ae30 .scope module, "U4" "sevenSeg" 3 28, 5 1 0, S_0000000004196170;
 .timescale -8 -10;
    .port_info 0 /INPUT 4 "a1"
    .port_info 1 /INPUT 4 "a2"
    .port_info 2 /INPUT 1 "b"
    .port_info 3 /OUTPUT 8 "x"
v00000000043c3e70_0 .net "a1", 3 0, L_000000000442d5b0;  1 drivers
L_0000000005be0478 .functor BUFT 1, C4<0000>, C4<0>, C4<0>, C4<0>;
v00000000043c3f10_0 .net "a2", 3 0, L_0000000005be0478;  1 drivers
L_0000000005be04c0 .functor BUFT 1, C4<1>, C4<0>, C4<0>, C4<0>;
v00000000043c4410_0 .net "b", 0 0, L_0000000005be04c0;  1 drivers
v00000000043c3fb0_0 .var "x", 7 0;
E_00000000043c7d60 .event edge, v00000000043c4410_0, v00000000043c3e70_0, v00000000043c3f10_0;
S_000000000439afb0 .scope module, "U5" "sevenSeg" 3 29, 5 1 0, S_0000000004196170;
 .timescale -8 -10;
    .port_info 0 /INPUT 4 "a1"
    .port_info 1 /INPUT 4 "a2"
    .port_info 2 /INPUT 1 "b"
    .port_info 3 /OUTPUT 8 "x"
v00000000043c4050_0 .net "a1", 3 0, L_000000000442e4b0;  alias, 1 drivers
L_0000000005be0508 .functor BUFT 1, C4<0000>, C4<0>, C4<0>, C4<0>;
v00000000043c40f0_0 .net "a2", 3 0, L_0000000005be0508;  1 drivers
L_0000000005be0550 .functor BUFT 1, C4<1>, C4<0>, C4<0>, C4<0>;
v00000000043c31f0_0 .net "b", 0 0, L_0000000005be0550;  1 drivers
v00000000043c4230_0 .var "x", 7 0;
E_00000000043c7760 .event edge, v00000000043c31f0_0, v00000000043c4050_0, v00000000043c40f0_0;
S_0000000004395ff0 .scope module, "c0" "counter" 3 34, 6 1 0, S_0000000004196170;
 .timescale -8 -10;
    .port_info 0 /INPUT 1 "clk"
    .port_info 1 /OUTPUT 8 "out"
    .port_info 2 /INPUT 1 "rst"
v00000000043c3290_0 .net "clk", 0 0, L_000000000442d3d0;  alias, 1 drivers
v00000000043c3330_0 .var "count", 7 0;
v00000000043c33d0_0 .net "out", 7 0, v00000000043c3330_0;  alias, 1 drivers
v00000000043c42d0_0 .net "rst", 0 0, L_000000000442d010;  1 drivers
E_00000000043c7e60/0 .event negedge, v00000000043c42d0_0;
E_00000000043c7e60/1 .event posedge, v00000000043c3290_0;
E_00000000043c7e60 .event/or E_00000000043c7e60/0, E_00000000043c7e60/1;
S_0000000004396170 .scope module, "cd0" "clk_divider" 3 31, 7 1 0, S_0000000004196170;
 .timescale -8 -10;
    .port_info 0 /INPUT 1 "clk"
    .port_info 1 /OUTPUT 1 "out"
    .port_info 2 /INPUT 1 "rst"
P_00000000043c77a0 .param/l "divider" 0 7 9, C4<00000000000000000000000000001010>;
v00000000043c4730_0 .net "clk", 0 0, v000000000442a8c0_0;  alias, 1 drivers
v00000000043c3650_0 .var "count", 31 0;
v00000000043c45f0_0 .var "out", 0 0;
v00000000043c47d0_0 .net "rst", 0 0, L_000000000442ce30;  1 drivers
E_00000000043c7260/0 .event negedge, v00000000043c47d0_0;
E_00000000043c7260/1 .event posedge, v00000000043c4730_0;
E_00000000043c7260 .event/or E_00000000043c7260/0, E_00000000043c7260/1;
S_000000000442a010 .scope module, "cd1" "clk_divider" 3 32, 7 1 0, S_0000000004196170;
 .timescale -8 -10;
    .port_info 0 /INPUT 1 "clk"
    .port_info 1 /OUTPUT 1 "out"
    .port_info 2 /INPUT 1 "rst"
P_00000000043c77e0 .param/l "divider" 0 7 9, C4<00000000000000000000000000000010>;
v00000000043c4370_0 .net "clk", 0 0, v000000000442a8c0_0;  alias, 1 drivers
v00000000043c4870_0 .var "count", 31 0;
v000000000442ab40_0 .var "out", 0 0;
v000000000442afa0_0 .net "rst", 0 0, L_000000000442cf70;  1 drivers
E_00000000043c7860/0 .event negedge, v000000000442afa0_0;
E_00000000043c7860/1 .event posedge, v00000000043c4730_0;
E_00000000043c7860 .event/or E_00000000043c7860/0, E_00000000043c7860/1;
S_000000000442c1a0 .scope module, "m0" "monthProcesssor" 3 36, 8 1 0, S_0000000004196170;
 .timescale -8 -10;
    .port_info 0 /INPUT 8 "doy"
    .port_info 1 /OUTPUT 4 "month"
    .port_info 2 /INPUT 1 "yearCount"
    .port_info 3 /OUTPUT 8 "domA"
v000000000442a960_0 .var "dom", 7 0;
v000000000442a280_0 .var "domA", 7 0;
v000000000442c080_0 .net "doy", 7 0, L_000000000442e190;  alias, 1 drivers
v000000000442a320_0 .var "month", 3 0;
v000000000442b7c0_0 .net "yearCount", 0 0, L_000000000442e550;  1 drivers
E_00000000043c78a0 .event edge, v000000000442a960_0;
E_00000000043c70e0 .event edge, v000000000442c080_0, v000000000442b7c0_0;
    .scope S_000000000438ed60;
T_0 ;
    %wait E_00000000043c76a0;
    %load/vec4 v00000000043c3150_0;
    %flag_set/vec4 8;
    %jmp/0xz  T_0.0, 8;
    %load/vec4 v00000000043c4eb0_0;
    %dup/vec4;
    %pushi/vec4 0, 0, 4;
    %cmp/u;
    %jmp/1 T_0.2, 6;
    %dup/vec4;
    %pushi/vec4 1, 0, 4;
    %cmp/u;
    %jmp/1 T_0.3, 6;
    %dup/vec4;
    %pushi/vec4 2, 0, 4;
    %cmp/u;
    %jmp/1 T_0.4, 6;
    %dup/vec4;
    %pushi/vec4 3, 0, 4;
    %cmp/u;
    %jmp/1 T_0.5, 6;
    %dup/vec4;
    %pushi/vec4 4, 0, 4;
    %cmp/u;
    %jmp/1 T_0.6, 6;
    %dup/vec4;
    %pushi/vec4 5, 0, 4;
    %cmp/u;
    %jmp/1 T_0.7, 6;
    %dup/vec4;
    %pushi/vec4 6, 0, 4;
    %cmp/u;
    %jmp/1 T_0.8, 6;
    %dup/vec4;
    %pushi/vec4 7, 0, 4;
    %cmp/u;
    %jmp/1 T_0.9, 6;
    %dup/vec4;
    %pushi/vec4 8, 0, 4;
    %cmp/u;
    %jmp/1 T_0.10, 6;
    %dup/vec4;
    %pushi/vec4 9, 0, 4;
    %cmp/u;
    %jmp/1 T_0.11, 6;
    %dup/vec4;
    %pushi/vec4 10, 0, 4;
    %cmp/u;
    %jmp/1 T_0.12, 6;
    %dup/vec4;
    %pushi/vec4 11, 0, 4;
    %cmp/u;
    %jmp/1 T_0.13, 6;
    %dup/vec4;
    %pushi/vec4 12, 0, 4;
    %cmp/u;
    %jmp/1 T_0.14, 6;
    %dup/vec4;
    %pushi/vec4 13, 0, 4;
    %cmp/u;
    %jmp/1 T_0.15, 6;
    %dup/vec4;
    %pushi/vec4 14, 0, 4;
    %cmp/u;
    %jmp/1 T_0.16, 6;
    %dup/vec4;
    %pushi/vec4 15, 0, 4;
    %cmp/u;
    %jmp/1 T_0.17, 6;
    %pushi/vec4 255, 0, 8;
    %store/vec4 v00000000043c4190_0, 0, 8;
    %jmp T_0.19;
T_0.2 ;
    %pushi/vec4 192, 0, 8;
    %store/vec4 v00000000043c4190_0, 0, 8;
    %jmp T_0.19;
T_0.3 ;
    %pushi/vec4 249, 0, 8;
    %store/vec4 v00000000043c4190_0, 0, 8;
    %jmp T_0.19;
T_0.4 ;
    %pushi/vec4 164, 0, 8;
    %store/vec4 v00000000043c4190_0, 0, 8;
    %jmp T_0.19;
T_0.5 ;
    %pushi/vec4 176, 0, 8;
    %store/vec4 v00000000043c4190_0, 0, 8;
    %jmp T_0.19;
T_0.6 ;
    %pushi/vec4 153, 0, 8;
    %store/vec4 v00000000043c4190_0, 0, 8;
    %jmp T_0.19;
T_0.7 ;
    %pushi/vec4 146, 0, 8;
    %store/vec4 v00000000043c4190_0, 0, 8;
    %jmp T_0.19;
T_0.8 ;
    %pushi/vec4 130, 0, 8;
    %store/vec4 v00000000043c4190_0, 0, 8;
    %jmp T_0.19;
T_0.9 ;
    %pushi/vec4 248, 0, 8;
    %store/vec4 v00000000043c4190_0, 0, 8;
    %jmp T_0.19;
T_0.10 ;
    %pushi/vec4 128, 0, 8;
    %store/vec4 v00000000043c4190_0, 0, 8;
    %jmp T_0.19;
T_0.11 ;
    %pushi/vec4 152, 0, 8;
    %store/vec4 v00000000043c4190_0, 0, 8;
    %jmp T_0.19;
T_0.12 ;
    %pushi/vec4 255, 0, 8;
    %store/vec4 v00000000043c4190_0, 0, 8;
    %jmp T_0.19;
T_0.13 ;
    %pushi/vec4 131, 0, 8;
    %store/vec4 v00000000043c4190_0, 0, 8;
    %jmp T_0.19;
T_0.14 ;
    %pushi/vec4 198, 0, 8;
    %store/vec4 v00000000043c4190_0, 0, 8;
    %jmp T_0.19;
T_0.15 ;
    %pushi/vec4 161, 0, 8;
    %store/vec4 v00000000043c4190_0, 0, 8;
    %jmp T_0.19;
T_0.16 ;
    %pushi/vec4 134, 0, 8;
    %store/vec4 v00000000043c4190_0, 0, 8;
    %jmp T_0.19;
T_0.17 ;
    %pushi/vec4 142, 0, 8;
    %store/vec4 v00000000043c4190_0, 0, 8;
    %jmp T_0.19;
T_0.19 ;
    %pop/vec4 1;
    %jmp T_0.1;
T_0.0 ;
    %load/vec4 v00000000043c38d0_0;
    %dup/vec4;
    %pushi/vec4 0, 0, 4;
    %cmp/u;
    %jmp/1 T_0.20, 6;
    %dup/vec4;
    %pushi/vec4 1, 0, 4;
    %cmp/u;
    %jmp/1 T_0.21, 6;
    %dup/vec4;
    %pushi/vec4 2, 0, 4;
    %cmp/u;
    %jmp/1 T_0.22, 6;
    %dup/vec4;
    %pushi/vec4 3, 0, 4;
    %cmp/u;
    %jmp/1 T_0.23, 6;
    %dup/vec4;
    %pushi/vec4 4, 0, 4;
    %cmp/u;
    %jmp/1 T_0.24, 6;
    %dup/vec4;
    %pushi/vec4 5, 0, 4;
    %cmp/u;
    %jmp/1 T_0.25, 6;
    %dup/vec4;
    %pushi/vec4 6, 0, 4;
    %cmp/u;
    %jmp/1 T_0.26, 6;
    %dup/vec4;
    %pushi/vec4 7, 0, 4;
    %cmp/u;
    %jmp/1 T_0.27, 6;
    %dup/vec4;
    %pushi/vec4 8, 0, 4;
    %cmp/u;
    %jmp/1 T_0.28, 6;
    %dup/vec4;
    %pushi/vec4 9, 0, 4;
    %cmp/u;
    %jmp/1 T_0.29, 6;
    %dup/vec4;
    %pushi/vec4 10, 0, 4;
    %cmp/u;
    %jmp/1 T_0.30, 6;
    %dup/vec4;
    %pushi/vec4 11, 0, 4;
    %cmp/u;
    %jmp/1 T_0.31, 6;
    %dup/vec4;
    %pushi/vec4 12, 0, 4;
    %cmp/u;
    %jmp/1 T_0.32, 6;
    %dup/vec4;
    %pushi/vec4 13, 0, 4;
    %cmp/u;
    %jmp/1 T_0.33, 6;
    %dup/vec4;
    %pushi/vec4 14, 0, 4;
    %cmp/u;
    %jmp/1 T_0.34, 6;
    %dup/vec4;
    %pushi/vec4 15, 0, 4;
    %cmp/u;
    %jmp/1 T_0.35, 6;
    %pushi/vec4 255, 0, 8;
    %store/vec4 v00000000043c4190_0, 0, 8;
    %jmp T_0.37;
T_0.20 ;
    %pushi/vec4 192, 0, 8;
    %store/vec4 v00000000043c4190_0, 0, 8;
    %jmp T_0.37;
T_0.21 ;
    %pushi/vec4 249, 0, 8;
    %store/vec4 v00000000043c4190_0, 0, 8;
    %jmp T_0.37;
T_0.22 ;
    %pushi/vec4 164, 0, 8;
    %store/vec4 v00000000043c4190_0, 0, 8;
    %jmp T_0.37;
T_0.23 ;
    %pushi/vec4 176, 0, 8;
    %store/vec4 v00000000043c4190_0, 0, 8;
    %jmp T_0.37;
T_0.24 ;
    %pushi/vec4 153, 0, 8;
    %store/vec4 v00000000043c4190_0, 0, 8;
    %jmp T_0.37;
T_0.25 ;
    %pushi/vec4 146, 0, 8;
    %store/vec4 v00000000043c4190_0, 0, 8;
    %jmp T_0.37;
T_0.26 ;
    %pushi/vec4 130, 0, 8;
    %store/vec4 v00000000043c4190_0, 0, 8;
    %jmp T_0.37;
T_0.27 ;
    %pushi/vec4 248, 0, 8;
    %store/vec4 v00000000043c4190_0, 0, 8;
    %jmp T_0.37;
T_0.28 ;
    %pushi/vec4 128, 0, 8;
    %store/vec4 v00000000043c4190_0, 0, 8;
    %jmp T_0.37;
T_0.29 ;
    %pushi/vec4 152, 0, 8;
    %store/vec4 v00000000043c4190_0, 0, 8;
    %jmp T_0.37;
T_0.30 ;
    %pushi/vec4 136, 0, 8;
    %store/vec4 v00000000043c4190_0, 0, 8;
    %jmp T_0.37;
T_0.31 ;
    %pushi/vec4 131, 0, 8;
    %store/vec4 v00000000043c4190_0, 0, 8;
    %jmp T_0.37;
T_0.32 ;
    %pushi/vec4 198, 0, 8;
    %store/vec4 v00000000043c4190_0, 0, 8;
    %jmp T_0.37;
T_0.33 ;
    %pushi/vec4 161, 0, 8;
    %store/vec4 v00000000043c4190_0, 0, 8;
    %jmp T_0.37;
T_0.34 ;
    %pushi/vec4 134, 0, 8;
    %store/vec4 v00000000043c4190_0, 0, 8;
    %jmp T_0.37;
T_0.35 ;
    %pushi/vec4 142, 0, 8;
    %store/vec4 v00000000043c4190_0, 0, 8;
    %jmp T_0.37;
T_0.37 ;
    %pop/vec4 1;
T_0.1 ;
    %jmp T_0;
    .thread T_0, $push;
    .scope S_000000000438eee0;
T_1 ;
    %wait E_00000000043c7a60;
    %load/vec4 v00000000043c49b0_0;
    %flag_set/vec4 8;
    %jmp/0xz  T_1.0, 8;
    %load/vec4 v00000000043c4a50_0;
    %dup/vec4;
    %pushi/vec4 0, 0, 4;
    %cmp/u;
    %jmp/1 T_1.2, 6;
    %dup/vec4;
    %pushi/vec4 1, 0, 4;
    %cmp/u;
    %jmp/1 T_1.3, 6;
    %dup/vec4;
    %pushi/vec4 2, 0, 4;
    %cmp/u;
    %jmp/1 T_1.4, 6;
    %dup/vec4;
    %pushi/vec4 3, 0, 4;
    %cmp/u;
    %jmp/1 T_1.5, 6;
    %dup/vec4;
    %pushi/vec4 4, 0, 4;
    %cmp/u;
    %jmp/1 T_1.6, 6;
    %dup/vec4;
    %pushi/vec4 5, 0, 4;
    %cmp/u;
    %jmp/1 T_1.7, 6;
    %dup/vec4;
    %pushi/vec4 6, 0, 4;
    %cmp/u;
    %jmp/1 T_1.8, 6;
    %dup/vec4;
    %pushi/vec4 7, 0, 4;
    %cmp/u;
    %jmp/1 T_1.9, 6;
    %dup/vec4;
    %pushi/vec4 8, 0, 4;
    %cmp/u;
    %jmp/1 T_1.10, 6;
    %dup/vec4;
    %pushi/vec4 9, 0, 4;
    %cmp/u;
    %jmp/1 T_1.11, 6;
    %dup/vec4;
    %pushi/vec4 10, 0, 4;
    %cmp/u;
    %jmp/1 T_1.12, 6;
    %dup/vec4;
    %pushi/vec4 11, 0, 4;
    %cmp/u;
    %jmp/1 T_1.13, 6;
    %dup/vec4;
    %pushi/vec4 12, 0, 4;
    %cmp/u;
    %jmp/1 T_1.14, 6;
    %dup/vec4;
    %pushi/vec4 13, 0, 4;
    %cmp/u;
    %jmp/1 T_1.15, 6;
    %dup/vec4;
    %pushi/vec4 14, 0, 4;
    %cmp/u;
    %jmp/1 T_1.16, 6;
    %dup/vec4;
    %pushi/vec4 15, 0, 4;
    %cmp/u;
    %jmp/1 T_1.17, 6;
    %pushi/vec4 255, 0, 8;
    %store/vec4 v00000000043c3c90_0, 0, 8;
    %jmp T_1.19;
T_1.2 ;
    %pushi/vec4 192, 0, 8;
    %store/vec4 v00000000043c3c90_0, 0, 8;
    %jmp T_1.19;
T_1.3 ;
    %pushi/vec4 249, 0, 8;
    %store/vec4 v00000000043c3c90_0, 0, 8;
    %jmp T_1.19;
T_1.4 ;
    %pushi/vec4 164, 0, 8;
    %store/vec4 v00000000043c3c90_0, 0, 8;
    %jmp T_1.19;
T_1.5 ;
    %pushi/vec4 176, 0, 8;
    %store/vec4 v00000000043c3c90_0, 0, 8;
    %jmp T_1.19;
T_1.6 ;
    %pushi/vec4 153, 0, 8;
    %store/vec4 v00000000043c3c90_0, 0, 8;
    %jmp T_1.19;
T_1.7 ;
    %pushi/vec4 146, 0, 8;
    %store/vec4 v00000000043c3c90_0, 0, 8;
    %jmp T_1.19;
T_1.8 ;
    %pushi/vec4 130, 0, 8;
    %store/vec4 v00000000043c3c90_0, 0, 8;
    %jmp T_1.19;
T_1.9 ;
    %pushi/vec4 248, 0, 8;
    %store/vec4 v00000000043c3c90_0, 0, 8;
    %jmp T_1.19;
T_1.10 ;
    %pushi/vec4 128, 0, 8;
    %store/vec4 v00000000043c3c90_0, 0, 8;
    %jmp T_1.19;
T_1.11 ;
    %pushi/vec4 152, 0, 8;
    %store/vec4 v00000000043c3c90_0, 0, 8;
    %jmp T_1.19;
T_1.12 ;
    %pushi/vec4 255, 0, 8;
    %store/vec4 v00000000043c3c90_0, 0, 8;
    %jmp T_1.19;
T_1.13 ;
    %pushi/vec4 131, 0, 8;
    %store/vec4 v00000000043c3c90_0, 0, 8;
    %jmp T_1.19;
T_1.14 ;
    %pushi/vec4 198, 0, 8;
    %store/vec4 v00000000043c3c90_0, 0, 8;
    %jmp T_1.19;
T_1.15 ;
    %pushi/vec4 161, 0, 8;
    %store/vec4 v00000000043c3c90_0, 0, 8;
    %jmp T_1.19;
T_1.16 ;
    %pushi/vec4 134, 0, 8;
    %store/vec4 v00000000043c3c90_0, 0, 8;
    %jmp T_1.19;
T_1.17 ;
    %pushi/vec4 142, 0, 8;
    %store/vec4 v00000000043c3c90_0, 0, 8;
    %jmp T_1.19;
T_1.19 ;
    %pop/vec4 1;
    %jmp T_1.1;
T_1.0 ;
    %load/vec4 v00000000043c3dd0_0;
    %dup/vec4;
    %pushi/vec4 0, 0, 4;
    %cmp/u;
    %jmp/1 T_1.20, 6;
    %dup/vec4;
    %pushi/vec4 1, 0, 4;
    %cmp/u;
    %jmp/1 T_1.21, 6;
    %dup/vec4;
    %pushi/vec4 2, 0, 4;
    %cmp/u;
    %jmp/1 T_1.22, 6;
    %dup/vec4;
    %pushi/vec4 3, 0, 4;
    %cmp/u;
    %jmp/1 T_1.23, 6;
    %dup/vec4;
    %pushi/vec4 4, 0, 4;
    %cmp/u;
    %jmp/1 T_1.24, 6;
    %dup/vec4;
    %pushi/vec4 5, 0, 4;
    %cmp/u;
    %jmp/1 T_1.25, 6;
    %dup/vec4;
    %pushi/vec4 6, 0, 4;
    %cmp/u;
    %jmp/1 T_1.26, 6;
    %dup/vec4;
    %pushi/vec4 7, 0, 4;
    %cmp/u;
    %jmp/1 T_1.27, 6;
    %dup/vec4;
    %pushi/vec4 8, 0, 4;
    %cmp/u;
    %jmp/1 T_1.28, 6;
    %dup/vec4;
    %pushi/vec4 9, 0, 4;
    %cmp/u;
    %jmp/1 T_1.29, 6;
    %dup/vec4;
    %pushi/vec4 10, 0, 4;
    %cmp/u;
    %jmp/1 T_1.30, 6;
    %dup/vec4;
    %pushi/vec4 11, 0, 4;
    %cmp/u;
    %jmp/1 T_1.31, 6;
    %dup/vec4;
    %pushi/vec4 12, 0, 4;
    %cmp/u;
    %jmp/1 T_1.32, 6;
    %dup/vec4;
    %pushi/vec4 13, 0, 4;
    %cmp/u;
    %jmp/1 T_1.33, 6;
    %dup/vec4;
    %pushi/vec4 14, 0, 4;
    %cmp/u;
    %jmp/1 T_1.34, 6;
    %dup/vec4;
    %pushi/vec4 15, 0, 4;
    %cmp/u;
    %jmp/1 T_1.35, 6;
    %pushi/vec4 255, 0, 8;
    %store/vec4 v00000000043c3c90_0, 0, 8;
    %jmp T_1.37;
T_1.20 ;
    %pushi/vec4 192, 0, 8;
    %store/vec4 v00000000043c3c90_0, 0, 8;
    %jmp T_1.37;
T_1.21 ;
    %pushi/vec4 249, 0, 8;
    %store/vec4 v00000000043c3c90_0, 0, 8;
    %jmp T_1.37;
T_1.22 ;
    %pushi/vec4 164, 0, 8;
    %store/vec4 v00000000043c3c90_0, 0, 8;
    %jmp T_1.37;
T_1.23 ;
    %pushi/vec4 176, 0, 8;
    %store/vec4 v00000000043c3c90_0, 0, 8;
    %jmp T_1.37;
T_1.24 ;
    %pushi/vec4 153, 0, 8;
    %store/vec4 v00000000043c3c90_0, 0, 8;
    %jmp T_1.37;
T_1.25 ;
    %pushi/vec4 146, 0, 8;
    %store/vec4 v00000000043c3c90_0, 0, 8;
    %jmp T_1.37;
T_1.26 ;
    %pushi/vec4 130, 0, 8;
    %store/vec4 v00000000043c3c90_0, 0, 8;
    %jmp T_1.37;
T_1.27 ;
    %pushi/vec4 248, 0, 8;
    %store/vec4 v00000000043c3c90_0, 0, 8;
    %jmp T_1.37;
T_1.28 ;
    %pushi/vec4 128, 0, 8;
    %store/vec4 v00000000043c3c90_0, 0, 8;
    %jmp T_1.37;
T_1.29 ;
    %pushi/vec4 152, 0, 8;
    %store/vec4 v00000000043c3c90_0, 0, 8;
    %jmp T_1.37;
T_1.30 ;
    %pushi/vec4 136, 0, 8;
    %store/vec4 v00000000043c3c90_0, 0, 8;
    %jmp T_1.37;
T_1.31 ;
    %pushi/vec4 131, 0, 8;
    %store/vec4 v00000000043c3c90_0, 0, 8;
    %jmp T_1.37;
T_1.32 ;
    %pushi/vec4 198, 0, 8;
    %store/vec4 v00000000043c3c90_0, 0, 8;
    %jmp T_1.37;
T_1.33 ;
    %pushi/vec4 161, 0, 8;
    %store/vec4 v00000000043c3c90_0, 0, 8;
    %jmp T_1.37;
T_1.34 ;
    %pushi/vec4 134, 0, 8;
    %store/vec4 v00000000043c3c90_0, 0, 8;
    %jmp T_1.37;
T_1.35 ;
    %pushi/vec4 142, 0, 8;
    %store/vec4 v00000000043c3c90_0, 0, 8;
    %jmp T_1.37;
T_1.37 ;
    %pop/vec4 1;
T_1.1 ;
    %jmp T_1;
    .thread T_1, $push;
    .scope S_00000000043a3a30;
T_2 ;
    %wait E_00000000043c7e20;
    %load/vec4 v00000000043c4690_0;
    %flag_set/vec4 8;
    %jmp/0xz  T_2.0, 8;
    %load/vec4 v00000000043c4cd0_0;
    %dup/vec4;
    %pushi/vec4 0, 0, 4;
    %cmp/u;
    %jmp/1 T_2.2, 6;
    %dup/vec4;
    %pushi/vec4 1, 0, 4;
    %cmp/u;
    %jmp/1 T_2.3, 6;
    %dup/vec4;
    %pushi/vec4 2, 0, 4;
    %cmp/u;
    %jmp/1 T_2.4, 6;
    %dup/vec4;
    %pushi/vec4 3, 0, 4;
    %cmp/u;
    %jmp/1 T_2.5, 6;
    %dup/vec4;
    %pushi/vec4 4, 0, 4;
    %cmp/u;
    %jmp/1 T_2.6, 6;
    %dup/vec4;
    %pushi/vec4 5, 0, 4;
    %cmp/u;
    %jmp/1 T_2.7, 6;
    %dup/vec4;
    %pushi/vec4 6, 0, 4;
    %cmp/u;
    %jmp/1 T_2.8, 6;
    %dup/vec4;
    %pushi/vec4 7, 0, 4;
    %cmp/u;
    %jmp/1 T_2.9, 6;
    %dup/vec4;
    %pushi/vec4 8, 0, 4;
    %cmp/u;
    %jmp/1 T_2.10, 6;
    %dup/vec4;
    %pushi/vec4 9, 0, 4;
    %cmp/u;
    %jmp/1 T_2.11, 6;
    %dup/vec4;
    %pushi/vec4 10, 0, 4;
    %cmp/u;
    %jmp/1 T_2.12, 6;
    %dup/vec4;
    %pushi/vec4 11, 0, 4;
    %cmp/u;
    %jmp/1 T_2.13, 6;
    %dup/vec4;
    %pushi/vec4 12, 0, 4;
    %cmp/u;
    %jmp/1 T_2.14, 6;
    %dup/vec4;
    %pushi/vec4 13, 0, 4;
    %cmp/u;
    %jmp/1 T_2.15, 6;
    %dup/vec4;
    %pushi/vec4 14, 0, 4;
    %cmp/u;
    %jmp/1 T_2.16, 6;
    %dup/vec4;
    %pushi/vec4 15, 0, 4;
    %cmp/u;
    %jmp/1 T_2.17, 6;
    %pushi/vec4 255, 0, 8;
    %store/vec4 v00000000043c4f50_0, 0, 8;
    %jmp T_2.19;
T_2.2 ;
    %pushi/vec4 192, 0, 8;
    %store/vec4 v00000000043c4f50_0, 0, 8;
    %jmp T_2.19;
T_2.3 ;
    %pushi/vec4 249, 0, 8;
    %store/vec4 v00000000043c4f50_0, 0, 8;
    %jmp T_2.19;
T_2.4 ;
    %pushi/vec4 164, 0, 8;
    %store/vec4 v00000000043c4f50_0, 0, 8;
    %jmp T_2.19;
T_2.5 ;
    %pushi/vec4 176, 0, 8;
    %store/vec4 v00000000043c4f50_0, 0, 8;
    %jmp T_2.19;
T_2.6 ;
    %pushi/vec4 153, 0, 8;
    %store/vec4 v00000000043c4f50_0, 0, 8;
    %jmp T_2.19;
T_2.7 ;
    %pushi/vec4 146, 0, 8;
    %store/vec4 v00000000043c4f50_0, 0, 8;
    %jmp T_2.19;
T_2.8 ;
    %pushi/vec4 130, 0, 8;
    %store/vec4 v00000000043c4f50_0, 0, 8;
    %jmp T_2.19;
T_2.9 ;
    %pushi/vec4 248, 0, 8;
    %store/vec4 v00000000043c4f50_0, 0, 8;
    %jmp T_2.19;
T_2.10 ;
    %pushi/vec4 128, 0, 8;
    %store/vec4 v00000000043c4f50_0, 0, 8;
    %jmp T_2.19;
T_2.11 ;
    %pushi/vec4 152, 0, 8;
    %store/vec4 v00000000043c4f50_0, 0, 8;
    %jmp T_2.19;
T_2.12 ;
    %pushi/vec4 255, 0, 8;
    %store/vec4 v00000000043c4f50_0, 0, 8;
    %jmp T_2.19;
T_2.13 ;
    %pushi/vec4 131, 0, 8;
    %store/vec4 v00000000043c4f50_0, 0, 8;
    %jmp T_2.19;
T_2.14 ;
    %pushi/vec4 198, 0, 8;
    %store/vec4 v00000000043c4f50_0, 0, 8;
    %jmp T_2.19;
T_2.15 ;
    %pushi/vec4 161, 0, 8;
    %store/vec4 v00000000043c4f50_0, 0, 8;
    %jmp T_2.19;
T_2.16 ;
    %pushi/vec4 134, 0, 8;
    %store/vec4 v00000000043c4f50_0, 0, 8;
    %jmp T_2.19;
T_2.17 ;
    %pushi/vec4 142, 0, 8;
    %store/vec4 v00000000043c4f50_0, 0, 8;
    %jmp T_2.19;
T_2.19 ;
    %pop/vec4 1;
    %jmp T_2.1;
T_2.0 ;
    %load/vec4 v00000000043c4af0_0;
    %dup/vec4;
    %pushi/vec4 0, 0, 4;
    %cmp/u;
    %jmp/1 T_2.20, 6;
    %dup/vec4;
    %pushi/vec4 1, 0, 4;
    %cmp/u;
    %jmp/1 T_2.21, 6;
    %dup/vec4;
    %pushi/vec4 2, 0, 4;
    %cmp/u;
    %jmp/1 T_2.22, 6;
    %dup/vec4;
    %pushi/vec4 3, 0, 4;
    %cmp/u;
    %jmp/1 T_2.23, 6;
    %dup/vec4;
    %pushi/vec4 4, 0, 4;
    %cmp/u;
    %jmp/1 T_2.24, 6;
    %dup/vec4;
    %pushi/vec4 5, 0, 4;
    %cmp/u;
    %jmp/1 T_2.25, 6;
    %dup/vec4;
    %pushi/vec4 6, 0, 4;
    %cmp/u;
    %jmp/1 T_2.26, 6;
    %dup/vec4;
    %pushi/vec4 7, 0, 4;
    %cmp/u;
    %jmp/1 T_2.27, 6;
    %dup/vec4;
    %pushi/vec4 8, 0, 4;
    %cmp/u;
    %jmp/1 T_2.28, 6;
    %dup/vec4;
    %pushi/vec4 9, 0, 4;
    %cmp/u;
    %jmp/1 T_2.29, 6;
    %dup/vec4;
    %pushi/vec4 10, 0, 4;
    %cmp/u;
    %jmp/1 T_2.30, 6;
    %dup/vec4;
    %pushi/vec4 11, 0, 4;
    %cmp/u;
    %jmp/1 T_2.31, 6;
    %dup/vec4;
    %pushi/vec4 12, 0, 4;
    %cmp/u;
    %jmp/1 T_2.32, 6;
    %dup/vec4;
    %pushi/vec4 13, 0, 4;
    %cmp/u;
    %jmp/1 T_2.33, 6;
    %dup/vec4;
    %pushi/vec4 14, 0, 4;
    %cmp/u;
    %jmp/1 T_2.34, 6;
    %dup/vec4;
    %pushi/vec4 15, 0, 4;
    %cmp/u;
    %jmp/1 T_2.35, 6;
    %pushi/vec4 255, 0, 8;
    %store/vec4 v00000000043c4f50_0, 0, 8;
    %jmp T_2.37;
T_2.20 ;
    %pushi/vec4 192, 0, 8;
    %store/vec4 v00000000043c4f50_0, 0, 8;
    %jmp T_2.37;
T_2.21 ;
    %pushi/vec4 249, 0, 8;
    %store/vec4 v00000000043c4f50_0, 0, 8;
    %jmp T_2.37;
T_2.22 ;
    %pushi/vec4 164, 0, 8;
    %store/vec4 v00000000043c4f50_0, 0, 8;
    %jmp T_2.37;
T_2.23 ;
    %pushi/vec4 176, 0, 8;
    %store/vec4 v00000000043c4f50_0, 0, 8;
    %jmp T_2.37;
T_2.24 ;
    %pushi/vec4 153, 0, 8;
    %store/vec4 v00000000043c4f50_0, 0, 8;
    %jmp T_2.37;
T_2.25 ;
    %pushi/vec4 146, 0, 8;
    %store/vec4 v00000000043c4f50_0, 0, 8;
    %jmp T_2.37;
T_2.26 ;
    %pushi/vec4 130, 0, 8;
    %store/vec4 v00000000043c4f50_0, 0, 8;
    %jmp T_2.37;
T_2.27 ;
    %pushi/vec4 248, 0, 8;
    %store/vec4 v00000000043c4f50_0, 0, 8;
    %jmp T_2.37;
T_2.28 ;
    %pushi/vec4 128, 0, 8;
    %store/vec4 v00000000043c4f50_0, 0, 8;
    %jmp T_2.37;
T_2.29 ;
    %pushi/vec4 152, 0, 8;
    %store/vec4 v00000000043c4f50_0, 0, 8;
    %jmp T_2.37;
T_2.30 ;
    %pushi/vec4 136, 0, 8;
    %store/vec4 v00000000043c4f50_0, 0, 8;
    %jmp T_2.37;
T_2.31 ;
    %pushi/vec4 131, 0, 8;
    %store/vec4 v00000000043c4f50_0, 0, 8;
    %jmp T_2.37;
T_2.32 ;
    %pushi/vec4 198, 0, 8;
    %store/vec4 v00000000043c4f50_0, 0, 8;
    %jmp T_2.37;
T_2.33 ;
    %pushi/vec4 161, 0, 8;
    %store/vec4 v00000000043c4f50_0, 0, 8;
    %jmp T_2.37;
T_2.34 ;
    %pushi/vec4 134, 0, 8;
    %store/vec4 v00000000043c4f50_0, 0, 8;
    %jmp T_2.37;
T_2.35 ;
    %pushi/vec4 142, 0, 8;
    %store/vec4 v00000000043c4f50_0, 0, 8;
    %jmp T_2.37;
T_2.37 ;
    %pop/vec4 1;
T_2.1 ;
    %jmp T_2;
    .thread T_2, $push;
    .scope S_00000000043a3bb0;
T_3 ;
    %wait E_00000000043c7720;
    %load/vec4 v00000000043c3d30_0;
    %flag_set/vec4 8;
    %jmp/0xz  T_3.0, 8;
    %load/vec4 v00000000043c4d70_0;
    %dup/vec4;
    %pushi/vec4 0, 0, 4;
    %cmp/u;
    %jmp/1 T_3.2, 6;
    %dup/vec4;
    %pushi/vec4 1, 0, 4;
    %cmp/u;
    %jmp/1 T_3.3, 6;
    %dup/vec4;
    %pushi/vec4 2, 0, 4;
    %cmp/u;
    %jmp/1 T_3.4, 6;
    %dup/vec4;
    %pushi/vec4 3, 0, 4;
    %cmp/u;
    %jmp/1 T_3.5, 6;
    %dup/vec4;
    %pushi/vec4 4, 0, 4;
    %cmp/u;
    %jmp/1 T_3.6, 6;
    %dup/vec4;
    %pushi/vec4 5, 0, 4;
    %cmp/u;
    %jmp/1 T_3.7, 6;
    %dup/vec4;
    %pushi/vec4 6, 0, 4;
    %cmp/u;
    %jmp/1 T_3.8, 6;
    %dup/vec4;
    %pushi/vec4 7, 0, 4;
    %cmp/u;
    %jmp/1 T_3.9, 6;
    %dup/vec4;
    %pushi/vec4 8, 0, 4;
    %cmp/u;
    %jmp/1 T_3.10, 6;
    %dup/vec4;
    %pushi/vec4 9, 0, 4;
    %cmp/u;
    %jmp/1 T_3.11, 6;
    %dup/vec4;
    %pushi/vec4 10, 0, 4;
    %cmp/u;
    %jmp/1 T_3.12, 6;
    %dup/vec4;
    %pushi/vec4 11, 0, 4;
    %cmp/u;
    %jmp/1 T_3.13, 6;
    %dup/vec4;
    %pushi/vec4 12, 0, 4;
    %cmp/u;
    %jmp/1 T_3.14, 6;
    %dup/vec4;
    %pushi/vec4 13, 0, 4;
    %cmp/u;
    %jmp/1 T_3.15, 6;
    %dup/vec4;
    %pushi/vec4 14, 0, 4;
    %cmp/u;
    %jmp/1 T_3.16, 6;
    %dup/vec4;
    %pushi/vec4 15, 0, 4;
    %cmp/u;
    %jmp/1 T_3.17, 6;
    %pushi/vec4 255, 0, 8;
    %store/vec4 v00000000043c30b0_0, 0, 8;
    %jmp T_3.19;
T_3.2 ;
    %pushi/vec4 192, 0, 8;
    %store/vec4 v00000000043c30b0_0, 0, 8;
    %jmp T_3.19;
T_3.3 ;
    %pushi/vec4 249, 0, 8;
    %store/vec4 v00000000043c30b0_0, 0, 8;
    %jmp T_3.19;
T_3.4 ;
    %pushi/vec4 164, 0, 8;
    %store/vec4 v00000000043c30b0_0, 0, 8;
    %jmp T_3.19;
T_3.5 ;
    %pushi/vec4 176, 0, 8;
    %store/vec4 v00000000043c30b0_0, 0, 8;
    %jmp T_3.19;
T_3.6 ;
    %pushi/vec4 153, 0, 8;
    %store/vec4 v00000000043c30b0_0, 0, 8;
    %jmp T_3.19;
T_3.7 ;
    %pushi/vec4 146, 0, 8;
    %store/vec4 v00000000043c30b0_0, 0, 8;
    %jmp T_3.19;
T_3.8 ;
    %pushi/vec4 130, 0, 8;
    %store/vec4 v00000000043c30b0_0, 0, 8;
    %jmp T_3.19;
T_3.9 ;
    %pushi/vec4 248, 0, 8;
    %store/vec4 v00000000043c30b0_0, 0, 8;
    %jmp T_3.19;
T_3.10 ;
    %pushi/vec4 128, 0, 8;
    %store/vec4 v00000000043c30b0_0, 0, 8;
    %jmp T_3.19;
T_3.11 ;
    %pushi/vec4 152, 0, 8;
    %store/vec4 v00000000043c30b0_0, 0, 8;
    %jmp T_3.19;
T_3.12 ;
    %pushi/vec4 255, 0, 8;
    %store/vec4 v00000000043c30b0_0, 0, 8;
    %jmp T_3.19;
T_3.13 ;
    %pushi/vec4 131, 0, 8;
    %store/vec4 v00000000043c30b0_0, 0, 8;
    %jmp T_3.19;
T_3.14 ;
    %pushi/vec4 198, 0, 8;
    %store/vec4 v00000000043c30b0_0, 0, 8;
    %jmp T_3.19;
T_3.15 ;
    %pushi/vec4 161, 0, 8;
    %store/vec4 v00000000043c30b0_0, 0, 8;
    %jmp T_3.19;
T_3.16 ;
    %pushi/vec4 134, 0, 8;
    %store/vec4 v00000000043c30b0_0, 0, 8;
    %jmp T_3.19;
T_3.17 ;
    %pushi/vec4 142, 0, 8;
    %store/vec4 v00000000043c30b0_0, 0, 8;
    %jmp T_3.19;
T_3.19 ;
    %pop/vec4 1;
    %jmp T_3.1;
T_3.0 ;
    %load/vec4 v00000000043c3790_0;
    %dup/vec4;
    %pushi/vec4 0, 0, 4;
    %cmp/u;
    %jmp/1 T_3.20, 6;
    %dup/vec4;
    %pushi/vec4 1, 0, 4;
    %cmp/u;
    %jmp/1 T_3.21, 6;
    %dup/vec4;
    %pushi/vec4 2, 0, 4;
    %cmp/u;
    %jmp/1 T_3.22, 6;
    %dup/vec4;
    %pushi/vec4 3, 0, 4;
    %cmp/u;
    %jmp/1 T_3.23, 6;
    %dup/vec4;
    %pushi/vec4 4, 0, 4;
    %cmp/u;
    %jmp/1 T_3.24, 6;
    %dup/vec4;
    %pushi/vec4 5, 0, 4;
    %cmp/u;
    %jmp/1 T_3.25, 6;
    %dup/vec4;
    %pushi/vec4 6, 0, 4;
    %cmp/u;
    %jmp/1 T_3.26, 6;
    %dup/vec4;
    %pushi/vec4 7, 0, 4;
    %cmp/u;
    %jmp/1 T_3.27, 6;
    %dup/vec4;
    %pushi/vec4 8, 0, 4;
    %cmp/u;
    %jmp/1 T_3.28, 6;
    %dup/vec4;
    %pushi/vec4 9, 0, 4;
    %cmp/u;
    %jmp/1 T_3.29, 6;
    %dup/vec4;
    %pushi/vec4 10, 0, 4;
    %cmp/u;
    %jmp/1 T_3.30, 6;
    %dup/vec4;
    %pushi/vec4 11, 0, 4;
    %cmp/u;
    %jmp/1 T_3.31, 6;
    %dup/vec4;
    %pushi/vec4 12, 0, 4;
    %cmp/u;
    %jmp/1 T_3.32, 6;
    %dup/vec4;
    %pushi/vec4 13, 0, 4;
    %cmp/u;
    %jmp/1 T_3.33, 6;
    %dup/vec4;
    %pushi/vec4 14, 0, 4;
    %cmp/u;
    %jmp/1 T_3.34, 6;
    %dup/vec4;
    %pushi/vec4 15, 0, 4;
    %cmp/u;
    %jmp/1 T_3.35, 6;
    %pushi/vec4 255, 0, 8;
    %store/vec4 v00000000043c30b0_0, 0, 8;
    %jmp T_3.37;
T_3.20 ;
    %pushi/vec4 192, 0, 8;
    %store/vec4 v00000000043c30b0_0, 0, 8;
    %jmp T_3.37;
T_3.21 ;
    %pushi/vec4 249, 0, 8;
    %store/vec4 v00000000043c30b0_0, 0, 8;
    %jmp T_3.37;
T_3.22 ;
    %pushi/vec4 164, 0, 8;
    %store/vec4 v00000000043c30b0_0, 0, 8;
    %jmp T_3.37;
T_3.23 ;
    %pushi/vec4 176, 0, 8;
    %store/vec4 v00000000043c30b0_0, 0, 8;
    %jmp T_3.37;
T_3.24 ;
    %pushi/vec4 153, 0, 8;
    %store/vec4 v00000000043c30b0_0, 0, 8;
    %jmp T_3.37;
T_3.25 ;
    %pushi/vec4 146, 0, 8;
    %store/vec4 v00000000043c30b0_0, 0, 8;
    %jmp T_3.37;
T_3.26 ;
    %pushi/vec4 130, 0, 8;
    %store/vec4 v00000000043c30b0_0, 0, 8;
    %jmp T_3.37;
T_3.27 ;
    %pushi/vec4 248, 0, 8;
    %store/vec4 v00000000043c30b0_0, 0, 8;
    %jmp T_3.37;
T_3.28 ;
    %pushi/vec4 128, 0, 8;
    %store/vec4 v00000000043c30b0_0, 0, 8;
    %jmp T_3.37;
T_3.29 ;
    %pushi/vec4 152, 0, 8;
    %store/vec4 v00000000043c30b0_0, 0, 8;
    %jmp T_3.37;
T_3.30 ;
    %pushi/vec4 136, 0, 8;
    %store/vec4 v00000000043c30b0_0, 0, 8;
    %jmp T_3.37;
T_3.31 ;
    %pushi/vec4 131, 0, 8;
    %store/vec4 v00000000043c30b0_0, 0, 8;
    %jmp T_3.37;
T_3.32 ;
    %pushi/vec4 198, 0, 8;
    %store/vec4 v00000000043c30b0_0, 0, 8;
    %jmp T_3.37;
T_3.33 ;
    %pushi/vec4 161, 0, 8;
    %store/vec4 v00000000043c30b0_0, 0, 8;
    %jmp T_3.37;
T_3.34 ;
    %pushi/vec4 134, 0, 8;
    %store/vec4 v00000000043c30b0_0, 0, 8;
    %jmp T_3.37;
T_3.35 ;
    %pushi/vec4 142, 0, 8;
    %store/vec4 v00000000043c30b0_0, 0, 8;
    %jmp T_3.37;
T_3.37 ;
    %pop/vec4 1;
T_3.1 ;
    %jmp T_3;
    .thread T_3, $push;
    .scope S_000000000439ae30;
T_4 ;
    %wait E_00000000043c7d60;
    %load/vec4 v00000000043c4410_0;
    %flag_set/vec4 8;
    %jmp/0xz  T_4.0, 8;
    %load/vec4 v00000000043c3e70_0;
    %dup/vec4;
    %pushi/vec4 0, 0, 4;
    %cmp/u;
    %jmp/1 T_4.2, 6;
    %dup/vec4;
    %pushi/vec4 1, 0, 4;
    %cmp/u;
    %jmp/1 T_4.3, 6;
    %dup/vec4;
    %pushi/vec4 2, 0, 4;
    %cmp/u;
    %jmp/1 T_4.4, 6;
    %dup/vec4;
    %pushi/vec4 3, 0, 4;
    %cmp/u;
    %jmp/1 T_4.5, 6;
    %dup/vec4;
    %pushi/vec4 4, 0, 4;
    %cmp/u;
    %jmp/1 T_4.6, 6;
    %dup/vec4;
    %pushi/vec4 5, 0, 4;
    %cmp/u;
    %jmp/1 T_4.7, 6;
    %dup/vec4;
    %pushi/vec4 6, 0, 4;
    %cmp/u;
    %jmp/1 T_4.8, 6;
    %dup/vec4;
    %pushi/vec4 7, 0, 4;
    %cmp/u;
    %jmp/1 T_4.9, 6;
    %dup/vec4;
    %pushi/vec4 8, 0, 4;
    %cmp/u;
    %jmp/1 T_4.10, 6;
    %dup/vec4;
    %pushi/vec4 9, 0, 4;
    %cmp/u;
    %jmp/1 T_4.11, 6;
    %dup/vec4;
    %pushi/vec4 10, 0, 4;
    %cmp/u;
    %jmp/1 T_4.12, 6;
    %dup/vec4;
    %pushi/vec4 11, 0, 4;
    %cmp/u;
    %jmp/1 T_4.13, 6;
    %dup/vec4;
    %pushi/vec4 12, 0, 4;
    %cmp/u;
    %jmp/1 T_4.14, 6;
    %dup/vec4;
    %pushi/vec4 13, 0, 4;
    %cmp/u;
    %jmp/1 T_4.15, 6;
    %dup/vec4;
    %pushi/vec4 14, 0, 4;
    %cmp/u;
    %jmp/1 T_4.16, 6;
    %dup/vec4;
    %pushi/vec4 15, 0, 4;
    %cmp/u;
    %jmp/1 T_4.17, 6;
    %pushi/vec4 255, 0, 8;
    %store/vec4 v00000000043c3fb0_0, 0, 8;
    %jmp T_4.19;
T_4.2 ;
    %pushi/vec4 192, 0, 8;
    %store/vec4 v00000000043c3fb0_0, 0, 8;
    %jmp T_4.19;
T_4.3 ;
    %pushi/vec4 249, 0, 8;
    %store/vec4 v00000000043c3fb0_0, 0, 8;
    %jmp T_4.19;
T_4.4 ;
    %pushi/vec4 164, 0, 8;
    %store/vec4 v00000000043c3fb0_0, 0, 8;
    %jmp T_4.19;
T_4.5 ;
    %pushi/vec4 176, 0, 8;
    %store/vec4 v00000000043c3fb0_0, 0, 8;
    %jmp T_4.19;
T_4.6 ;
    %pushi/vec4 153, 0, 8;
    %store/vec4 v00000000043c3fb0_0, 0, 8;
    %jmp T_4.19;
T_4.7 ;
    %pushi/vec4 146, 0, 8;
    %store/vec4 v00000000043c3fb0_0, 0, 8;
    %jmp T_4.19;
T_4.8 ;
    %pushi/vec4 130, 0, 8;
    %store/vec4 v00000000043c3fb0_0, 0, 8;
    %jmp T_4.19;
T_4.9 ;
    %pushi/vec4 248, 0, 8;
    %store/vec4 v00000000043c3fb0_0, 0, 8;
    %jmp T_4.19;
T_4.10 ;
    %pushi/vec4 128, 0, 8;
    %store/vec4 v00000000043c3fb0_0, 0, 8;
    %jmp T_4.19;
T_4.11 ;
    %pushi/vec4 152, 0, 8;
    %store/vec4 v00000000043c3fb0_0, 0, 8;
    %jmp T_4.19;
T_4.12 ;
    %pushi/vec4 255, 0, 8;
    %store/vec4 v00000000043c3fb0_0, 0, 8;
    %jmp T_4.19;
T_4.13 ;
    %pushi/vec4 131, 0, 8;
    %store/vec4 v00000000043c3fb0_0, 0, 8;
    %jmp T_4.19;
T_4.14 ;
    %pushi/vec4 198, 0, 8;
    %store/vec4 v00000000043c3fb0_0, 0, 8;
    %jmp T_4.19;
T_4.15 ;
    %pushi/vec4 161, 0, 8;
    %store/vec4 v00000000043c3fb0_0, 0, 8;
    %jmp T_4.19;
T_4.16 ;
    %pushi/vec4 134, 0, 8;
    %store/vec4 v00000000043c3fb0_0, 0, 8;
    %jmp T_4.19;
T_4.17 ;
    %pushi/vec4 142, 0, 8;
    %store/vec4 v00000000043c3fb0_0, 0, 8;
    %jmp T_4.19;
T_4.19 ;
    %pop/vec4 1;
    %jmp T_4.1;
T_4.0 ;
    %load/vec4 v00000000043c3f10_0;
    %dup/vec4;
    %pushi/vec4 0, 0, 4;
    %cmp/u;
    %jmp/1 T_4.20, 6;
    %dup/vec4;
    %pushi/vec4 1, 0, 4;
    %cmp/u;
    %jmp/1 T_4.21, 6;
    %dup/vec4;
    %pushi/vec4 2, 0, 4;
    %cmp/u;
    %jmp/1 T_4.22, 6;
    %dup/vec4;
    %pushi/vec4 3, 0, 4;
    %cmp/u;
    %jmp/1 T_4.23, 6;
    %dup/vec4;
    %pushi/vec4 4, 0, 4;
    %cmp/u;
    %jmp/1 T_4.24, 6;
    %dup/vec4;
    %pushi/vec4 5, 0, 4;
    %cmp/u;
    %jmp/1 T_4.25, 6;
    %dup/vec4;
    %pushi/vec4 6, 0, 4;
    %cmp/u;
    %jmp/1 T_4.26, 6;
    %dup/vec4;
    %pushi/vec4 7, 0, 4;
    %cmp/u;
    %jmp/1 T_4.27, 6;
    %dup/vec4;
    %pushi/vec4 8, 0, 4;
    %cmp/u;
    %jmp/1 T_4.28, 6;
    %dup/vec4;
    %pushi/vec4 9, 0, 4;
    %cmp/u;
    %jmp/1 T_4.29, 6;
    %dup/vec4;
    %pushi/vec4 10, 0, 4;
    %cmp/u;
    %jmp/1 T_4.30, 6;
    %dup/vec4;
    %pushi/vec4 11, 0, 4;
    %cmp/u;
    %jmp/1 T_4.31, 6;
    %dup/vec4;
    %pushi/vec4 12, 0, 4;
    %cmp/u;
    %jmp/1 T_4.32, 6;
    %dup/vec4;
    %pushi/vec4 13, 0, 4;
    %cmp/u;
    %jmp/1 T_4.33, 6;
    %dup/vec4;
    %pushi/vec4 14, 0, 4;
    %cmp/u;
    %jmp/1 T_4.34, 6;
    %dup/vec4;
    %pushi/vec4 15, 0, 4;
    %cmp/u;
    %jmp/1 T_4.35, 6;
    %pushi/vec4 255, 0, 8;
    %store/vec4 v00000000043c3fb0_0, 0, 8;
    %jmp T_4.37;
T_4.20 ;
    %pushi/vec4 192, 0, 8;
    %store/vec4 v00000000043c3fb0_0, 0, 8;
    %jmp T_4.37;
T_4.21 ;
    %pushi/vec4 249, 0, 8;
    %store/vec4 v00000000043c3fb0_0, 0, 8;
    %jmp T_4.37;
T_4.22 ;
    %pushi/vec4 164, 0, 8;
    %store/vec4 v00000000043c3fb0_0, 0, 8;
    %jmp T_4.37;
T_4.23 ;
    %pushi/vec4 176, 0, 8;
    %store/vec4 v00000000043c3fb0_0, 0, 8;
    %jmp T_4.37;
T_4.24 ;
    %pushi/vec4 153, 0, 8;
    %store/vec4 v00000000043c3fb0_0, 0, 8;
    %jmp T_4.37;
T_4.25 ;
    %pushi/vec4 146, 0, 8;
    %store/vec4 v00000000043c3fb0_0, 0, 8;
    %jmp T_4.37;
T_4.26 ;
    %pushi/vec4 130, 0, 8;
    %store/vec4 v00000000043c3fb0_0, 0, 8;
    %jmp T_4.37;
T_4.27 ;
    %pushi/vec4 248, 0, 8;
    %store/vec4 v00000000043c3fb0_0, 0, 8;
    %jmp T_4.37;
T_4.28 ;
    %pushi/vec4 128, 0, 8;
    %store/vec4 v00000000043c3fb0_0, 0, 8;
    %jmp T_4.37;
T_4.29 ;
    %pushi/vec4 152, 0, 8;
    %store/vec4 v00000000043c3fb0_0, 0, 8;
    %jmp T_4.37;
T_4.30 ;
    %pushi/vec4 136, 0, 8;
    %store/vec4 v00000000043c3fb0_0, 0, 8;
    %jmp T_4.37;
T_4.31 ;
    %pushi/vec4 131, 0, 8;
    %store/vec4 v00000000043c3fb0_0, 0, 8;
    %jmp T_4.37;
T_4.32 ;
    %pushi/vec4 198, 0, 8;
    %store/vec4 v00000000043c3fb0_0, 0, 8;
    %jmp T_4.37;
T_4.33 ;
    %pushi/vec4 161, 0, 8;
    %store/vec4 v00000000043c3fb0_0, 0, 8;
    %jmp T_4.37;
T_4.34 ;
    %pushi/vec4 134, 0, 8;
    %store/vec4 v00000000043c3fb0_0, 0, 8;
    %jmp T_4.37;
T_4.35 ;
    %pushi/vec4 142, 0, 8;
    %store/vec4 v00000000043c3fb0_0, 0, 8;
    %jmp T_4.37;
T_4.37 ;
    %pop/vec4 1;
T_4.1 ;
    %jmp T_4;
    .thread T_4, $push;
    .scope S_000000000439afb0;
T_5 ;
    %wait E_00000000043c7760;
    %load/vec4 v00000000043c31f0_0;
    %flag_set/vec4 8;
    %jmp/0xz  T_5.0, 8;
    %load/vec4 v00000000043c4050_0;
    %dup/vec4;
    %pushi/vec4 0, 0, 4;
    %cmp/u;
    %jmp/1 T_5.2, 6;
    %dup/vec4;
    %pushi/vec4 1, 0, 4;
    %cmp/u;
    %jmp/1 T_5.3, 6;
    %dup/vec4;
    %pushi/vec4 2, 0, 4;
    %cmp/u;
    %jmp/1 T_5.4, 6;
    %dup/vec4;
    %pushi/vec4 3, 0, 4;
    %cmp/u;
    %jmp/1 T_5.5, 6;
    %dup/vec4;
    %pushi/vec4 4, 0, 4;
    %cmp/u;
    %jmp/1 T_5.6, 6;
    %dup/vec4;
    %pushi/vec4 5, 0, 4;
    %cmp/u;
    %jmp/1 T_5.7, 6;
    %dup/vec4;
    %pushi/vec4 6, 0, 4;
    %cmp/u;
    %jmp/1 T_5.8, 6;
    %dup/vec4;
    %pushi/vec4 7, 0, 4;
    %cmp/u;
    %jmp/1 T_5.9, 6;
    %dup/vec4;
    %pushi/vec4 8, 0, 4;
    %cmp/u;
    %jmp/1 T_5.10, 6;
    %dup/vec4;
    %pushi/vec4 9, 0, 4;
    %cmp/u;
    %jmp/1 T_5.11, 6;
    %dup/vec4;
    %pushi/vec4 10, 0, 4;
    %cmp/u;
    %jmp/1 T_5.12, 6;
    %dup/vec4;
    %pushi/vec4 11, 0, 4;
    %cmp/u;
    %jmp/1 T_5.13, 6;
    %dup/vec4;
    %pushi/vec4 12, 0, 4;
    %cmp/u;
    %jmp/1 T_5.14, 6;
    %dup/vec4;
    %pushi/vec4 13, 0, 4;
    %cmp/u;
    %jmp/1 T_5.15, 6;
    %dup/vec4;
    %pushi/vec4 14, 0, 4;
    %cmp/u;
    %jmp/1 T_5.16, 6;
    %dup/vec4;
    %pushi/vec4 15, 0, 4;
    %cmp/u;
    %jmp/1 T_5.17, 6;
    %pushi/vec4 255, 0, 8;
    %store/vec4 v00000000043c4230_0, 0, 8;
    %jmp T_5.19;
T_5.2 ;
    %pushi/vec4 192, 0, 8;
    %store/vec4 v00000000043c4230_0, 0, 8;
    %jmp T_5.19;
T_5.3 ;
    %pushi/vec4 249, 0, 8;
    %store/vec4 v00000000043c4230_0, 0, 8;
    %jmp T_5.19;
T_5.4 ;
    %pushi/vec4 164, 0, 8;
    %store/vec4 v00000000043c4230_0, 0, 8;
    %jmp T_5.19;
T_5.5 ;
    %pushi/vec4 176, 0, 8;
    %store/vec4 v00000000043c4230_0, 0, 8;
    %jmp T_5.19;
T_5.6 ;
    %pushi/vec4 153, 0, 8;
    %store/vec4 v00000000043c4230_0, 0, 8;
    %jmp T_5.19;
T_5.7 ;
    %pushi/vec4 146, 0, 8;
    %store/vec4 v00000000043c4230_0, 0, 8;
    %jmp T_5.19;
T_5.8 ;
    %pushi/vec4 130, 0, 8;
    %store/vec4 v00000000043c4230_0, 0, 8;
    %jmp T_5.19;
T_5.9 ;
    %pushi/vec4 248, 0, 8;
    %store/vec4 v00000000043c4230_0, 0, 8;
    %jmp T_5.19;
T_5.10 ;
    %pushi/vec4 128, 0, 8;
    %store/vec4 v00000000043c4230_0, 0, 8;
    %jmp T_5.19;
T_5.11 ;
    %pushi/vec4 152, 0, 8;
    %store/vec4 v00000000043c4230_0, 0, 8;
    %jmp T_5.19;
T_5.12 ;
    %pushi/vec4 255, 0, 8;
    %store/vec4 v00000000043c4230_0, 0, 8;
    %jmp T_5.19;
T_5.13 ;
    %pushi/vec4 131, 0, 8;
    %store/vec4 v00000000043c4230_0, 0, 8;
    %jmp T_5.19;
T_5.14 ;
    %pushi/vec4 198, 0, 8;
    %store/vec4 v00000000043c4230_0, 0, 8;
    %jmp T_5.19;
T_5.15 ;
    %pushi/vec4 161, 0, 8;
    %store/vec4 v00000000043c4230_0, 0, 8;
    %jmp T_5.19;
T_5.16 ;
    %pushi/vec4 134, 0, 8;
    %store/vec4 v00000000043c4230_0, 0, 8;
    %jmp T_5.19;
T_5.17 ;
    %pushi/vec4 142, 0, 8;
    %store/vec4 v00000000043c4230_0, 0, 8;
    %jmp T_5.19;
T_5.19 ;
    %pop/vec4 1;
    %jmp T_5.1;
T_5.0 ;
    %load/vec4 v00000000043c40f0_0;
    %dup/vec4;
    %pushi/vec4 0, 0, 4;
    %cmp/u;
    %jmp/1 T_5.20, 6;
    %dup/vec4;
    %pushi/vec4 1, 0, 4;
    %cmp/u;
    %jmp/1 T_5.21, 6;
    %dup/vec4;
    %pushi/vec4 2, 0, 4;
    %cmp/u;
    %jmp/1 T_5.22, 6;
    %dup/vec4;
    %pushi/vec4 3, 0, 4;
    %cmp/u;
    %jmp/1 T_5.23, 6;
    %dup/vec4;
    %pushi/vec4 4, 0, 4;
    %cmp/u;
    %jmp/1 T_5.24, 6;
    %dup/vec4;
    %pushi/vec4 5, 0, 4;
    %cmp/u;
    %jmp/1 T_5.25, 6;
    %dup/vec4;
    %pushi/vec4 6, 0, 4;
    %cmp/u;
    %jmp/1 T_5.26, 6;
    %dup/vec4;
    %pushi/vec4 7, 0, 4;
    %cmp/u;
    %jmp/1 T_5.27, 6;
    %dup/vec4;
    %pushi/vec4 8, 0, 4;
    %cmp/u;
    %jmp/1 T_5.28, 6;
    %dup/vec4;
    %pushi/vec4 9, 0, 4;
    %cmp/u;
    %jmp/1 T_5.29, 6;
    %dup/vec4;
    %pushi/vec4 10, 0, 4;
    %cmp/u;
    %jmp/1 T_5.30, 6;
    %dup/vec4;
    %pushi/vec4 11, 0, 4;
    %cmp/u;
    %jmp/1 T_5.31, 6;
    %dup/vec4;
    %pushi/vec4 12, 0, 4;
    %cmp/u;
    %jmp/1 T_5.32, 6;
    %dup/vec4;
    %pushi/vec4 13, 0, 4;
    %cmp/u;
    %jmp/1 T_5.33, 6;
    %dup/vec4;
    %pushi/vec4 14, 0, 4;
    %cmp/u;
    %jmp/1 T_5.34, 6;
    %dup/vec4;
    %pushi/vec4 15, 0, 4;
    %cmp/u;
    %jmp/1 T_5.35, 6;
    %pushi/vec4 255, 0, 8;
    %store/vec4 v00000000043c4230_0, 0, 8;
    %jmp T_5.37;
T_5.20 ;
    %pushi/vec4 192, 0, 8;
    %store/vec4 v00000000043c4230_0, 0, 8;
    %jmp T_5.37;
T_5.21 ;
    %pushi/vec4 249, 0, 8;
    %store/vec4 v00000000043c4230_0, 0, 8;
    %jmp T_5.37;
T_5.22 ;
    %pushi/vec4 164, 0, 8;
    %store/vec4 v00000000043c4230_0, 0, 8;
    %jmp T_5.37;
T_5.23 ;
    %pushi/vec4 176, 0, 8;
    %store/vec4 v00000000043c4230_0, 0, 8;
    %jmp T_5.37;
T_5.24 ;
    %pushi/vec4 153, 0, 8;
    %store/vec4 v00000000043c4230_0, 0, 8;
    %jmp T_5.37;
T_5.25 ;
    %pushi/vec4 146, 0, 8;
    %store/vec4 v00000000043c4230_0, 0, 8;
    %jmp T_5.37;
T_5.26 ;
    %pushi/vec4 130, 0, 8;
    %store/vec4 v00000000043c4230_0, 0, 8;
    %jmp T_5.37;
T_5.27 ;
    %pushi/vec4 248, 0, 8;
    %store/vec4 v00000000043c4230_0, 0, 8;
    %jmp T_5.37;
T_5.28 ;
    %pushi/vec4 128, 0, 8;
    %store/vec4 v00000000043c4230_0, 0, 8;
    %jmp T_5.37;
T_5.29 ;
    %pushi/vec4 152, 0, 8;
    %store/vec4 v00000000043c4230_0, 0, 8;
    %jmp T_5.37;
T_5.30 ;
    %pushi/vec4 136, 0, 8;
    %store/vec4 v00000000043c4230_0, 0, 8;
    %jmp T_5.37;
T_5.31 ;
    %pushi/vec4 131, 0, 8;
    %store/vec4 v00000000043c4230_0, 0, 8;
    %jmp T_5.37;
T_5.32 ;
    %pushi/vec4 198, 0, 8;
    %store/vec4 v00000000043c4230_0, 0, 8;
    %jmp T_5.37;
T_5.33 ;
    %pushi/vec4 161, 0, 8;
    %store/vec4 v00000000043c4230_0, 0, 8;
    %jmp T_5.37;
T_5.34 ;
    %pushi/vec4 134, 0, 8;
    %store/vec4 v00000000043c4230_0, 0, 8;
    %jmp T_5.37;
T_5.35 ;
    %pushi/vec4 142, 0, 8;
    %store/vec4 v00000000043c4230_0, 0, 8;
    %jmp T_5.37;
T_5.37 ;
    %pop/vec4 1;
T_5.1 ;
    %jmp T_5;
    .thread T_5, $push;
    .scope S_0000000004396170;
T_6 ;
    %wait E_00000000043c7260;
    %load/vec4 v00000000043c47d0_0;
    %pad/u 32;
    %cmpi/e 0, 0, 32;
    %jmp/0xz  T_6.0, 4;
    %pushi/vec4 0, 0, 32;
    %assign/vec4 v00000000043c3650_0, 0;
    %pushi/vec4 0, 0, 1;
    %assign/vec4 v00000000043c45f0_0, 0;
    %jmp T_6.1;
T_6.0 ;
    %load/vec4 v00000000043c3650_0;
    %cmpi/ne 10, 0, 32;
    %jmp/0xz  T_6.2, 4;
    %load/vec4 v00000000043c3650_0;
    %addi 1, 0, 32;
    %assign/vec4 v00000000043c3650_0, 0;
    %jmp T_6.3;
T_6.2 ;
    %pushi/vec4 0, 0, 32;
    %assign/vec4 v00000000043c3650_0, 0;
    %load/vec4 v00000000043c45f0_0;
    %inv;
    %assign/vec4 v00000000043c45f0_0, 0;
T_6.3 ;
T_6.1 ;
    %jmp T_6;
    .thread T_6;
    .scope S_000000000442a010;
T_7 ;
    %wait E_00000000043c7860;
    %load/vec4 v000000000442afa0_0;
    %pad/u 32;
    %cmpi/e 0, 0, 32;
    %jmp/0xz  T_7.0, 4;
    %pushi/vec4 0, 0, 32;
    %assign/vec4 v00000000043c4870_0, 0;
    %pushi/vec4 0, 0, 1;
    %assign/vec4 v000000000442ab40_0, 0;
    %jmp T_7.1;
T_7.0 ;
    %load/vec4 v00000000043c4870_0;
    %cmpi/ne 2, 0, 32;
    %jmp/0xz  T_7.2, 4;
    %load/vec4 v00000000043c4870_0;
    %addi 1, 0, 32;
    %assign/vec4 v00000000043c4870_0, 0;
    %jmp T_7.3;
T_7.2 ;
    %pushi/vec4 0, 0, 32;
    %assign/vec4 v00000000043c4870_0, 0;
    %load/vec4 v000000000442ab40_0;
    %inv;
    %assign/vec4 v000000000442ab40_0, 0;
T_7.3 ;
T_7.1 ;
    %jmp T_7;
    .thread T_7;
    .scope S_0000000004395ff0;
T_8 ;
    %wait E_00000000043c7e60;
    %load/vec4 v00000000043c42d0_0;
    %pad/u 32;
    %cmpi/e 0, 0, 32;
    %jmp/0xz  T_8.0, 4;
    %pushi/vec4 1, 0, 4;
    %ix/load 4, 0, 0;
    %ix/load 5, 0, 0;
    %flag_set/imm 4, 0;
    %assign/vec4/off/d v00000000043c3330_0, 4, 5;
    %jmp T_8.1;
T_8.0 ;
    %load/vec4 v00000000043c3330_0;
    %parti/s 4, 0, 2;
    %pad/u 32;
    %cmpi/ne 9, 0, 32;
    %jmp/0xz  T_8.2, 4;
    %load/vec4 v00000000043c3330_0;
    %parti/s 4, 0, 2;
    %addi 1, 0, 4;
    %ix/load 4, 0, 0;
    %ix/load 5, 0, 0;
    %flag_set/imm 4, 0;
    %assign/vec4/off/d v00000000043c3330_0, 4, 5;
    %jmp T_8.3;
T_8.2 ;
    %load/vec4 v00000000043c3330_0;
    %parti/s 4, 4, 4;
    %pad/u 32;
    %cmpi/ne 9, 0, 32;
    %jmp/0xz  T_8.4, 4;
    %pushi/vec4 0, 0, 4;
    %ix/load 4, 0, 0;
    %ix/load 5, 0, 0;
    %flag_set/imm 4, 0;
    %assign/vec4/off/d v00000000043c3330_0, 4, 5;
    %jmp T_8.5;
T_8.4 ;
    %pushi/vec4 1, 0, 4;
    %ix/load 4, 0, 0;
    %ix/load 5, 0, 0;
    %flag_set/imm 4, 0;
    %assign/vec4/off/d v00000000043c3330_0, 4, 5;
T_8.5 ;
T_8.3 ;
T_8.1 ;
    %jmp T_8;
    .thread T_8;
    .scope S_0000000004395ff0;
T_9 ;
    %wait E_00000000043c7e60;
    %load/vec4 v00000000043c42d0_0;
    %pad/u 32;
    %cmpi/e 0, 0, 32;
    %jmp/0xz  T_9.0, 4;
    %pushi/vec4 0, 0, 4;
    %ix/load 4, 4, 0;
    %ix/load 5, 0, 0;
    %flag_set/imm 4, 0;
    %assign/vec4/off/d v00000000043c3330_0, 4, 5;
    %jmp T_9.1;
T_9.0 ;
    %load/vec4 v00000000043c3330_0;
    %parti/s 4, 0, 2;
    %pad/u 32;
    %pushi/vec4 9, 0, 32;
    %cmp/e;
    %flag_get/vec4 4;
    %load/vec4 v00000000043c3330_0;
    %parti/s 4, 4, 4;
    %pad/u 32;
    %pushi/vec4 9, 0, 32;
    %cmp/e;
    %flag_get/vec4 4;
    %inv;
    %and;
    %flag_set/vec4 8;
    %jmp/0xz  T_9.2, 8;
    %load/vec4 v00000000043c3330_0;
    %parti/s 4, 4, 4;
    %addi 1, 0, 4;
    %ix/load 4, 4, 0;
    %ix/load 5, 0, 0;
    %flag_set/imm 4, 0;
    %assign/vec4/off/d v00000000043c3330_0, 4, 5;
    %jmp T_9.3;
T_9.2 ;
    %load/vec4 v00000000043c3330_0;
    %parti/s 4, 0, 2;
    %pad/u 32;
    %pushi/vec4 9, 0, 32;
    %cmp/e;
    %flag_get/vec4 4;
    %load/vec4 v00000000043c3330_0;
    %parti/s 4, 4, 4;
    %pad/u 32;
    %pushi/vec4 9, 0, 32;
    %cmp/e;
    %flag_get/vec4 4;
    %and;
    %flag_set/vec4 8;
    %jmp/0xz  T_9.4, 8;
    %pushi/vec4 0, 0, 4;
    %ix/load 4, 4, 0;
    %ix/load 5, 0, 0;
    %flag_set/imm 4, 0;
    %assign/vec4/off/d v00000000043c3330_0, 4, 5;
T_9.4 ;
T_9.3 ;
T_9.1 ;
    %jmp T_9;
    .thread T_9;
    .scope S_000000000442c1a0;
T_10 ;
    %wait E_00000000043c70e0;
    %load/vec4 v000000000442c080_0;
    %cmpi/u 31, 0, 8;
    %flag_or 5, 4;
    %jmp/0xz  T_10.0, 5;
    %pushi/vec4 1, 0, 4;
    %store/vec4 v000000000442a320_0, 0, 4;
    %load/vec4 v000000000442c080_0;
    %store/vec4 v000000000442a960_0, 0, 8;
    %jmp T_10.1;
T_10.0 ;
    %load/vec4 v000000000442c080_0;
    %pushi/vec4 59, 0, 8;
    %load/vec4 v000000000442b7c0_0;
    %pad/u 8;
    %add;
    %cmp/u;
    %flag_or 5, 4;
    %jmp/0xz  T_10.2, 5;
    %pushi/vec4 2, 0, 4;
    %store/vec4 v000000000442a320_0, 0, 4;
    %load/vec4 v000000000442c080_0;
    %subi 31, 0, 8;
    %store/vec4 v000000000442a960_0, 0, 8;
    %jmp T_10.3;
T_10.2 ;
    %load/vec4 v000000000442c080_0;
    %pushi/vec4 90, 0, 8;
    %load/vec4 v000000000442b7c0_0;
    %pad/u 8;
    %add;
    %cmp/u;
    %flag_or 5, 4;
    %jmp/0xz  T_10.4, 5;
    %pushi/vec4 3, 0, 4;
    %store/vec4 v000000000442a320_0, 0, 4;
    %load/vec4 v000000000442c080_0;
    %pushi/vec4 59, 0, 8;
    %load/vec4 v000000000442b7c0_0;
    %pad/u 8;
    %add;
    %sub;
    %store/vec4 v000000000442a960_0, 0, 8;
    %jmp T_10.5;
T_10.4 ;
    %pushi/vec4 4, 0, 4;
    %store/vec4 v000000000442a320_0, 0, 4;
    %load/vec4 v000000000442c080_0;
    %pushi/vec4 90, 0, 8;
    %load/vec4 v000000000442b7c0_0;
    %pad/u 8;
    %add;
    %sub;
    %store/vec4 v000000000442a960_0, 0, 8;
T_10.5 ;
T_10.3 ;
T_10.1 ;
    %jmp T_10;
    .thread T_10, $push;
    .scope S_000000000442c1a0;
T_11 ;
    %wait E_00000000043c78a0;
    %load/vec4 v000000000442a960_0;
    %cmpi/u 9, 0, 8;
    %flag_or 5, 4;
    %jmp/0xz  T_11.0, 5;
    %pushi/vec4 10, 0, 4;
    %ix/load 4, 4, 0;
    %flag_set/imm 4, 0;
    %store/vec4 v000000000442a280_0, 4, 4;
    %load/vec4 v000000000442a960_0;
    %parti/s 4, 0, 2;
    %ix/load 4, 0, 0;
    %flag_set/imm 4, 0;
    %store/vec4 v000000000442a280_0, 4, 4;
    %jmp T_11.1;
T_11.0 ;
    %load/vec4 v000000000442a960_0;
    %cmpi/u 19, 0, 8;
    %flag_or 5, 4;
    %jmp/0xz  T_11.2, 5;
    %pushi/vec4 1, 0, 4;
    %ix/load 4, 4, 0;
    %flag_set/imm 4, 0;
    %store/vec4 v000000000442a280_0, 4, 4;
    %load/vec4 v000000000442a960_0;
    %subi 10, 0, 8;
    %pad/u 4;
    %ix/load 4, 0, 0;
    %flag_set/imm 4, 0;
    %store/vec4 v000000000442a280_0, 4, 4;
    %jmp T_11.3;
T_11.2 ;
    %load/vec4 v000000000442a960_0;
    %cmpi/u 29, 0, 8;
    %flag_or 5, 4;
    %jmp/0xz  T_11.4, 5;
    %pushi/vec4 2, 0, 4;
    %ix/load 4, 4, 0;
    %flag_set/imm 4, 0;
    %store/vec4 v000000000442a280_0, 4, 4;
    %load/vec4 v000000000442a960_0;
    %subi 20, 0, 8;
    %pad/u 4;
    %ix/load 4, 0, 0;
    %flag_set/imm 4, 0;
    %store/vec4 v000000000442a280_0, 4, 4;
    %jmp T_11.5;
T_11.4 ;
    %pushi/vec4 3, 0, 4;
    %ix/load 4, 4, 0;
    %flag_set/imm 4, 0;
    %store/vec4 v000000000442a280_0, 4, 4;
    %load/vec4 v000000000442a960_0;
    %subi 30, 0, 8;
    %pad/u 4;
    %ix/load 4, 0, 0;
    %flag_set/imm 4, 0;
    %store/vec4 v000000000442a280_0, 4, 4;
T_11.5 ;
T_11.3 ;
T_11.1 ;
    %jmp T_11;
    .thread T_11, $push;
    .scope S_0000000004384600;
T_12 ;
    %pushi/vec4 0, 0, 1;
    %store/vec4 v000000000442a8c0_0, 0, 1;
    %end;
    .thread T_12;
    .scope S_0000000004384600;
T_13 ;
	  %vpi_call 2 13 "$dumpfile", "tb_proj2.vcd" {0 0 0};
    %vpi_call 2 14 "$dumpvars" {0 0 0};
	  %vpi_call 2 15 "$dumplimit", 32'sb00000000000011110100001001000000 {0 0 0};
    %pushi/vec4 0, 0, 1;
    %ix/load 4, 9, 0;
    %flag_set/imm 4, 0;
    %store/vec4 v000000000442a640_0, 4, 1;
    %pushi/vec4 0, 0, 1;
    %ix/load 4, 0, 0;
    %flag_set/imm 4, 0;
    %store/vec4 v000000000442a3c0_0, 4, 1;
    %pushi/vec4 1, 0, 1;
    %ix/load 4, 1, 0;
    %flag_set/imm 4, 0;
    %store/vec4 v000000000442a3c0_0, 4, 1;
    %delay 1000, 0;
    %pushi/vec4 1, 0, 1;
    %ix/load 4, 0, 0;
    %flag_set/imm 4, 0;
    %store/vec4 v000000000442a3c0_0, 4, 1;
    %delay 10000, 0;
    %pushi/vec4 0, 0, 1;
    %ix/load 4, 1, 0;
    %flag_set/imm 4, 0;
    %store/vec4 v000000000442a3c0_0, 4, 1;
    %delay 100000, 0;
    %pushi/vec4 1, 0, 1;
    %ix/load 4, 9, 0;
    %flag_set/imm 4, 0;
    %store/vec4 v000000000442a640_0, 4, 1;
    %delay 50000, 0;
    %pushi/vec4 0, 0, 1;
    %ix/load 4, 0, 0;
    %flag_set/imm 4, 0;
    %store/vec4 v000000000442a3c0_0, 4, 1;
    %delay 51000, 0;
    %pushi/vec4 1, 0, 1;
    %ix/load 4, 0, 0;
    %flag_set/imm 4, 0;
    %store/vec4 v000000000442a3c0_0, 4, 1;
    %delay 1000000, 0;
    %vpi_call 2 25 "$finish" {0 0 0};
    %end;
    .thread T_13;
    .scope S_0000000004384600;
T_14 ;
    %delay 100, 0;
    %load/vec4 v000000000442a8c0_0;
    %inv;
    %store/vec4 v000000000442a8c0_0, 0, 1;
    %jmp T_14;
    .thread T_14;
# The file index is used to find the file name in the following table.
:file_names 9;
    "N/A";
    "<interactive>";
    "tb_proj2.v";
    "proj2.v";
    "./params.vh";
    "sevenSeg.v";
    "counter.v";
    "clk_divider.v";
    "monthProcessor.v";
