#! /usr/local/iverilog/bin/vvp
:ivl_version "11.0 (devel)" "(s20150603-642-g3bdb50da)";
:ivl_delay_selection "TYPICAL";
:vpi_time_precision - 10;
:vpi_module "system";
:vpi_module "vhdl_sys";
:vpi_module "vhdl_textio";
:vpi_module "v2005_math";
:vpi_module "va_math";
S_00000000011e9910 .scope module, "p1tb" "p1tb" 2 3;
 .timescale -9 -10;
v00000000010dd460_0 .var "b0", 0 0;
v00000000010dcec0_0 .var "b1", 0 0;
v00000000010dcf60_0 .var "swsin", 9 0;
v00000000010dc740_0 .net "x", 9 0, v00000000010dd820_0;  1 drivers
v00000000010dd320_0 .net "y0", 7 0, v0000000001076d90_0;  1 drivers
v00000000010dde60_0 .net "y1", 7 0, v0000000001076ed0_0;  1 drivers
v00000000010dd3c0_0 .net "y2", 7 0, v00000000010dd780_0;  1 drivers
v00000000010dc380_0 .net "y3", 7 0, v00000000010dc560_0;  1 drivers
v00000000010dc7e0_0 .net "y4", 7 0, v00000000010dd500_0;  1 drivers
v00000000010dca60_0 .net "y5", 7 0, v00000000010dcba0_0;  1 drivers
L_00000000010ddb40 .part v00000000010dcf60_0, 0, 8;
S_00000000010557d0 .scope module, "s1" "switchesHex" 2 21, 3 1 0, S_00000000011e9910;
 .timescale -9 -10;
    .port_info 0 /INPUT 8 "a";
    .port_info 1 /OUTPUT 10 "w";
    .port_info 2 /OUTPUT 8 "x0";
    .port_info 3 /OUTPUT 8 "x1";
    .port_info 4 /OUTPUT 8 "x2";
    .port_info 5 /OUTPUT 8 "x3";
    .port_info 6 /OUTPUT 8 "x4";
    .port_info 7 /OUTPUT 8 "x5";
L_00000000011f01a8 .functor BUFT 1, C4<00000000000000000000000000000001>, C4<0>, C4<0>, C4<0>;
v00000000010dc1a0_0 .net/2s *"_s12", 31 0, L_00000000011f01a8;  1 drivers
L_00000000011f0238 .functor BUFT 1, C4<00000000000000000000000000000001>, C4<0>, C4<0>, C4<0>;
v00000000010dc2e0_0 .net/2s *"_s18", 31 0, L_00000000011f0238;  1 drivers
L_00000000011f0310 .functor BUFT 1, C4<00000000000000000000000000000001>, C4<0>, C4<0>, C4<0>;
v00000000010dd5a0_0 .net/2s *"_s26", 31 0, L_00000000011f0310;  1 drivers
L_00000000011f03a0 .functor BUFT 1, C4<00000000000000000000000000000001>, C4<0>, C4<0>, C4<0>;
v00000000010dce20_0 .net/2s *"_s34", 31 0, L_00000000011f03a0;  1 drivers
L_00000000011f00d0 .functor BUFT 1, C4<00000000000000000000000000000001>, C4<0>, C4<0>, C4<0>;
v00000000010dd8c0_0 .net/2s *"_s4", 31 0, L_00000000011f00d0;  1 drivers
L_00000000011f0478 .functor BUFT 1, C4<00000000000000000000000000000001>, C4<0>, C4<0>, C4<0>;
v00000000010dc880_0 .net/2s *"_s42", 31 0, L_00000000011f0478;  1 drivers
v00000000010dddc0_0 .net "a", 7 0, L_00000000010ddb40;  1 drivers
v00000000010dd0a0_0 .var "sym", 3 0;
v00000000010dd820_0 .var "w", 9 0;
v00000000010dd140_0 .net "x0", 7 0, v0000000001076d90_0;  alias, 1 drivers
v00000000010dd1e0_0 .net "x1", 7 0, v0000000001076ed0_0;  alias, 1 drivers
v00000000010dc9c0_0 .net "x2", 7 0, v00000000010dd780_0;  alias, 1 drivers
v00000000010dc240_0 .net "x3", 7 0, v00000000010dc560_0;  alias, 1 drivers
v00000000010dc600_0 .net "x4", 7 0, v00000000010dd500_0;  alias, 1 drivers
v00000000010ddc80_0 .net "x5", 7 0, v00000000010dcba0_0;  alias, 1 drivers
E_0000000001081e20 .event edge, v00000000010dddc0_0;
L_00000000010dcc40 .part L_00000000010ddb40, 4, 4;
L_00000000010dcce0 .part L_00000000011f00d0, 0, 1;
L_00000000010dda00 .part L_00000000011f01a8, 0, 1;
L_00000000010ddd20 .part L_00000000011f0238, 0, 1;
L_00000000010dd640 .part L_00000000011f0310, 0, 1;
L_00000000010dcd80 .part L_00000000010ddb40, 0, 4;
L_00000000010ddaa0 .part L_00000000011f03a0, 0, 1;
L_00000000010dd000 .part L_00000000011f0478, 0, 1;
S_0000000001055960 .scope module, "V0" "sevenSegNum" 3 13, 4 1 0, S_00000000010557d0;
 .timescale -9 -10;
    .port_info 0 /INPUT 4 "a1";
    .port_info 1 /INPUT 4 "a2";
    .port_info 2 /INPUT 1 "b";
    .port_info 3 /OUTPUT 8 "x";
L_00000000011f03e8 .functor BUFT 1, C4<1010>, C4<0>, C4<0>, C4<0>;
v0000000001077470_0 .net "a1", 3 0, L_00000000011f03e8;  1 drivers
L_00000000011f0430 .functor BUFT 1, C4<1010>, C4<0>, C4<0>, C4<0>;
v0000000001077510_0 .net "a2", 3 0, L_00000000011f0430;  1 drivers
v0000000001077650_0 .net "b", 0 0, L_00000000010dd000;  1 drivers
v0000000001076d90_0 .var "x", 7 0;
E_0000000001081320 .event edge, v0000000001077650_0, v0000000001077470_0, v0000000001077510_0;
S_000000000105fa40 .scope module, "V1" "sevenSeg" 3 12, 5 1 0, S_00000000010557d0;
 .timescale -9 -10;
    .port_info 0 /INPUT 4 "a1";
    .port_info 1 /INPUT 4 "a2";
    .port_info 2 /INPUT 1 "b";
    .port_info 3 /OUTPUT 8 "x";
v0000000001076e30_0 .net "a1", 3 0, L_00000000010dcd80;  1 drivers
L_00000000011f0358 .functor BUFT 1, C4<1010>, C4<0>, C4<0>, C4<0>;
v0000000001077830_0 .net "a2", 3 0, L_00000000011f0358;  1 drivers
v0000000001077290_0 .net "b", 0 0, L_00000000010ddaa0;  1 drivers
v0000000001076ed0_0 .var "x", 7 0;
E_0000000001081120 .event edge, v0000000001077290_0, v0000000001076e30_0, v0000000001077830_0;
S_000000000105fbd0 .scope module, "V2" "sevenSegNum" 3 11, 4 1 0, S_00000000010557d0;
 .timescale -9 -10;
    .port_info 0 /INPUT 4 "a1";
    .port_info 1 /INPUT 4 "a2";
    .port_info 2 /INPUT 1 "b";
    .port_info 3 /OUTPUT 8 "x";
L_00000000011f0280 .functor BUFT 1, C4<1010>, C4<0>, C4<0>, C4<0>;
v0000000001076f70_0 .net "a1", 3 0, L_00000000011f0280;  1 drivers
L_00000000011f02c8 .functor BUFT 1, C4<1010>, C4<0>, C4<0>, C4<0>;
v0000000001077010_0 .net "a2", 3 0, L_00000000011f02c8;  1 drivers
v0000000001077330_0 .net "b", 0 0, L_00000000010dd640;  1 drivers
v00000000010dd780_0 .var "x", 7 0;
E_0000000001081820 .event edge, v0000000001077330_0, v0000000001076f70_0, v0000000001077010_0;
S_0000000001022720 .scope module, "V3" "sevenSegNum" 3 10, 4 1 0, S_00000000010557d0;
 .timescale -9 -10;
    .port_info 0 /INPUT 4 "a1";
    .port_info 1 /INPUT 4 "a2";
    .port_info 2 /INPUT 1 "b";
    .port_info 3 /OUTPUT 8 "x";
v00000000010dc4c0_0 .net "a1", 3 0, v00000000010dd0a0_0;  1 drivers
L_00000000011f01f0 .functor BUFT 1, C4<1010>, C4<0>, C4<0>, C4<0>;
v00000000010dcb00_0 .net "a2", 3 0, L_00000000011f01f0;  1 drivers
v00000000010dc420_0 .net "b", 0 0, L_00000000010ddd20;  1 drivers
v00000000010dc560_0 .var "x", 7 0;
E_00000000010815e0 .event edge, v00000000010dc420_0, v00000000010dc4c0_0, v00000000010dcb00_0;
S_00000000010228b0 .scope module, "V4" "sevenSegNum" 3 9, 4 1 0, S_00000000010557d0;
 .timescale -9 -10;
    .port_info 0 /INPUT 4 "a1";
    .port_info 1 /INPUT 4 "a2";
    .port_info 2 /INPUT 1 "b";
    .port_info 3 /OUTPUT 8 "x";
L_00000000011f0118 .functor BUFT 1, C4<1010>, C4<0>, C4<0>, C4<0>;
v00000000010dc920_0 .net "a1", 3 0, L_00000000011f0118;  1 drivers
L_00000000011f0160 .functor BUFT 1, C4<1010>, C4<0>, C4<0>, C4<0>;
v00000000010dc6a0_0 .net "a2", 3 0, L_00000000011f0160;  1 drivers
v00000000010dc060_0 .net "b", 0 0, L_00000000010dda00;  1 drivers
v00000000010dd500_0 .var "x", 7 0;
E_0000000001081860 .event edge, v00000000010dc060_0, v00000000010dc920_0, v00000000010dc6a0_0;
S_0000000001086400 .scope module, "V5" "sevenSeg" 3 8, 5 1 0, S_00000000010557d0;
 .timescale -9 -10;
    .port_info 0 /INPUT 4 "a1";
    .port_info 1 /INPUT 4 "a2";
    .port_info 2 /INPUT 1 "b";
    .port_info 3 /OUTPUT 8 "x";
v00000000010dd6e0_0 .net "a1", 3 0, L_00000000010dcc40;  1 drivers
L_00000000011f0088 .functor BUFT 1, C4<1010>, C4<0>, C4<0>, C4<0>;
v00000000010dd960_0 .net "a2", 3 0, L_00000000011f0088;  1 drivers
v00000000010dd280_0 .net "b", 0 0, L_00000000010dcce0;  1 drivers
v00000000010dcba0_0 .var "x", 7 0;
E_0000000001081620 .event edge, v00000000010dd280_0, v00000000010dd6e0_0, v00000000010dd960_0;
    .scope S_0000000001086400;
T_0 ;
    %wait E_0000000001081620;
    %load/vec4 v00000000010dd280_0;
    %flag_set/vec4 8;
    %jmp/0xz  T_0.0, 8;
    %load/vec4 v00000000010dd6e0_0;
    %dup/vec4;
    %pushi/vec4 0, 0, 4;
    %cmp/u;
    %jmp/1 T_0.2, 6;
    %dup/vec4;
    %pushi/vec4 1, 0, 4;
    %cmp/u;
    %jmp/1 T_0.3, 6;
    %dup/vec4;
    %pushi/vec4 2, 0, 4;
    %cmp/u;
    %jmp/1 T_0.4, 6;
    %dup/vec4;
    %pushi/vec4 3, 0, 4;
    %cmp/u;
    %jmp/1 T_0.5, 6;
    %dup/vec4;
    %pushi/vec4 4, 0, 4;
    %cmp/u;
    %jmp/1 T_0.6, 6;
    %dup/vec4;
    %pushi/vec4 5, 0, 4;
    %cmp/u;
    %jmp/1 T_0.7, 6;
    %dup/vec4;
    %pushi/vec4 6, 0, 4;
    %cmp/u;
    %jmp/1 T_0.8, 6;
    %dup/vec4;
    %pushi/vec4 7, 0, 4;
    %cmp/u;
    %jmp/1 T_0.9, 6;
    %dup/vec4;
    %pushi/vec4 8, 0, 4;
    %cmp/u;
    %jmp/1 T_0.10, 6;
    %dup/vec4;
    %pushi/vec4 9, 0, 4;
    %cmp/u;
    %jmp/1 T_0.11, 6;
    %dup/vec4;
    %pushi/vec4 10, 0, 4;
    %cmp/u;
    %jmp/1 T_0.12, 6;
    %dup/vec4;
    %pushi/vec4 11, 0, 4;
    %cmp/u;
    %jmp/1 T_0.13, 6;
    %dup/vec4;
    %pushi/vec4 12, 0, 4;
    %cmp/u;
    %jmp/1 T_0.14, 6;
    %dup/vec4;
    %pushi/vec4 13, 0, 4;
    %cmp/u;
    %jmp/1 T_0.15, 6;
    %dup/vec4;
    %pushi/vec4 14, 0, 4;
    %cmp/u;
    %jmp/1 T_0.16, 6;
    %dup/vec4;
    %pushi/vec4 15, 0, 4;
    %cmp/u;
    %jmp/1 T_0.17, 6;
    %pushi/vec4 255, 0, 8;
    %store/vec4 v00000000010dcba0_0, 0, 8;
    %jmp T_0.19;
T_0.2 ;
    %pushi/vec4 192, 0, 8;
    %store/vec4 v00000000010dcba0_0, 0, 8;
    %jmp T_0.19;
T_0.3 ;
    %pushi/vec4 249, 0, 8;
    %store/vec4 v00000000010dcba0_0, 0, 8;
    %jmp T_0.19;
T_0.4 ;
    %pushi/vec4 164, 0, 8;
    %store/vec4 v00000000010dcba0_0, 0, 8;
    %jmp T_0.19;
T_0.5 ;
    %pushi/vec4 176, 0, 8;
    %store/vec4 v00000000010dcba0_0, 0, 8;
    %jmp T_0.19;
T_0.6 ;
    %pushi/vec4 153, 0, 8;
    %store/vec4 v00000000010dcba0_0, 0, 8;
    %jmp T_0.19;
T_0.7 ;
    %pushi/vec4 146, 0, 8;
    %store/vec4 v00000000010dcba0_0, 0, 8;
    %jmp T_0.19;
T_0.8 ;
    %pushi/vec4 130, 0, 8;
    %store/vec4 v00000000010dcba0_0, 0, 8;
    %jmp T_0.19;
T_0.9 ;
    %pushi/vec4 248, 0, 8;
    %store/vec4 v00000000010dcba0_0, 0, 8;
    %jmp T_0.19;
T_0.10 ;
    %pushi/vec4 128, 0, 8;
    %store/vec4 v00000000010dcba0_0, 0, 8;
    %jmp T_0.19;
T_0.11 ;
    %pushi/vec4 152, 0, 8;
    %store/vec4 v00000000010dcba0_0, 0, 8;
    %jmp T_0.19;
T_0.12 ;
    %pushi/vec4 136, 0, 8;
    %store/vec4 v00000000010dcba0_0, 0, 8;
    %jmp T_0.19;
T_0.13 ;
    %pushi/vec4 131, 0, 8;
    %store/vec4 v00000000010dcba0_0, 0, 8;
    %jmp T_0.19;
T_0.14 ;
    %pushi/vec4 198, 0, 8;
    %store/vec4 v00000000010dcba0_0, 0, 8;
    %jmp T_0.19;
T_0.15 ;
    %pushi/vec4 161, 0, 8;
    %store/vec4 v00000000010dcba0_0, 0, 8;
    %jmp T_0.19;
T_0.16 ;
    %pushi/vec4 134, 0, 8;
    %store/vec4 v00000000010dcba0_0, 0, 8;
    %jmp T_0.19;
T_0.17 ;
    %pushi/vec4 142, 0, 8;
    %store/vec4 v00000000010dcba0_0, 0, 8;
    %jmp T_0.19;
T_0.19 ;
    %pop/vec4 1;
    %jmp T_0.1;
T_0.0 ;
    %load/vec4 v00000000010dd960_0;
    %dup/vec4;
    %pushi/vec4 0, 0, 4;
    %cmp/u;
    %jmp/1 T_0.20, 6;
    %dup/vec4;
    %pushi/vec4 1, 0, 4;
    %cmp/u;
    %jmp/1 T_0.21, 6;
    %dup/vec4;
    %pushi/vec4 2, 0, 4;
    %cmp/u;
    %jmp/1 T_0.22, 6;
    %dup/vec4;
    %pushi/vec4 3, 0, 4;
    %cmp/u;
    %jmp/1 T_0.23, 6;
    %dup/vec4;
    %pushi/vec4 4, 0, 4;
    %cmp/u;
    %jmp/1 T_0.24, 6;
    %dup/vec4;
    %pushi/vec4 5, 0, 4;
    %cmp/u;
    %jmp/1 T_0.25, 6;
    %dup/vec4;
    %pushi/vec4 6, 0, 4;
    %cmp/u;
    %jmp/1 T_0.26, 6;
    %dup/vec4;
    %pushi/vec4 7, 0, 4;
    %cmp/u;
    %jmp/1 T_0.27, 6;
    %dup/vec4;
    %pushi/vec4 8, 0, 4;
    %cmp/u;
    %jmp/1 T_0.28, 6;
    %dup/vec4;
    %pushi/vec4 9, 0, 4;
    %cmp/u;
    %jmp/1 T_0.29, 6;
    %dup/vec4;
    %pushi/vec4 10, 0, 4;
    %cmp/u;
    %jmp/1 T_0.30, 6;
    %dup/vec4;
    %pushi/vec4 11, 0, 4;
    %cmp/u;
    %jmp/1 T_0.31, 6;
    %dup/vec4;
    %pushi/vec4 12, 0, 4;
    %cmp/u;
    %jmp/1 T_0.32, 6;
    %dup/vec4;
    %pushi/vec4 13, 0, 4;
    %cmp/u;
    %jmp/1 T_0.33, 6;
    %dup/vec4;
    %pushi/vec4 14, 0, 4;
    %cmp/u;
    %jmp/1 T_0.34, 6;
    %dup/vec4;
    %pushi/vec4 15, 0, 4;
    %cmp/u;
    %jmp/1 T_0.35, 6;
    %pushi/vec4 255, 0, 8;
    %store/vec4 v00000000010dcba0_0, 0, 8;
    %jmp T_0.37;
T_0.20 ;
    %pushi/vec4 192, 0, 8;
    %store/vec4 v00000000010dcba0_0, 0, 8;
    %jmp T_0.37;
T_0.21 ;
    %pushi/vec4 249, 0, 8;
    %store/vec4 v00000000010dcba0_0, 0, 8;
    %jmp T_0.37;
T_0.22 ;
    %pushi/vec4 164, 0, 8;
    %store/vec4 v00000000010dcba0_0, 0, 8;
    %jmp T_0.37;
T_0.23 ;
    %pushi/vec4 176, 0, 8;
    %store/vec4 v00000000010dcba0_0, 0, 8;
    %jmp T_0.37;
T_0.24 ;
    %pushi/vec4 153, 0, 8;
    %store/vec4 v00000000010dcba0_0, 0, 8;
    %jmp T_0.37;
T_0.25 ;
    %pushi/vec4 146, 0, 8;
    %store/vec4 v00000000010dcba0_0, 0, 8;
    %jmp T_0.37;
T_0.26 ;
    %pushi/vec4 130, 0, 8;
    %store/vec4 v00000000010dcba0_0, 0, 8;
    %jmp T_0.37;
T_0.27 ;
    %pushi/vec4 248, 0, 8;
    %store/vec4 v00000000010dcba0_0, 0, 8;
    %jmp T_0.37;
T_0.28 ;
    %pushi/vec4 128, 0, 8;
    %store/vec4 v00000000010dcba0_0, 0, 8;
    %jmp T_0.37;
T_0.29 ;
    %pushi/vec4 152, 0, 8;
    %store/vec4 v00000000010dcba0_0, 0, 8;
    %jmp T_0.37;
T_0.30 ;
    %pushi/vec4 136, 0, 8;
    %store/vec4 v00000000010dcba0_0, 0, 8;
    %jmp T_0.37;
T_0.31 ;
    %pushi/vec4 131, 0, 8;
    %store/vec4 v00000000010dcba0_0, 0, 8;
    %jmp T_0.37;
T_0.32 ;
    %pushi/vec4 198, 0, 8;
    %store/vec4 v00000000010dcba0_0, 0, 8;
    %jmp T_0.37;
T_0.33 ;
    %pushi/vec4 161, 0, 8;
    %store/vec4 v00000000010dcba0_0, 0, 8;
    %jmp T_0.37;
T_0.34 ;
    %pushi/vec4 134, 0, 8;
    %store/vec4 v00000000010dcba0_0, 0, 8;
    %jmp T_0.37;
T_0.35 ;
    %pushi/vec4 142, 0, 8;
    %store/vec4 v00000000010dcba0_0, 0, 8;
    %jmp T_0.37;
T_0.37 ;
    %pop/vec4 1;
T_0.1 ;
    %jmp T_0;
    .thread T_0, $push;
    .scope S_00000000010228b0;
T_1 ;
    %wait E_0000000001081860;
    %load/vec4 v00000000010dc060_0;
    %flag_set/vec4 8;
    %jmp/0xz  T_1.0, 8;
    %load/vec4 v00000000010dc920_0;
    %dup/vec4;
    %pushi/vec4 0, 0, 4;
    %cmp/u;
    %jmp/1 T_1.2, 6;
    %dup/vec4;
    %pushi/vec4 1, 0, 4;
    %cmp/u;
    %jmp/1 T_1.3, 6;
    %dup/vec4;
    %pushi/vec4 2, 0, 4;
    %cmp/u;
    %jmp/1 T_1.4, 6;
    %dup/vec4;
    %pushi/vec4 3, 0, 4;
    %cmp/u;
    %jmp/1 T_1.5, 6;
    %dup/vec4;
    %pushi/vec4 4, 0, 4;
    %cmp/u;
    %jmp/1 T_1.6, 6;
    %dup/vec4;
    %pushi/vec4 5, 0, 4;
    %cmp/u;
    %jmp/1 T_1.7, 6;
    %dup/vec4;
    %pushi/vec4 6, 0, 4;
    %cmp/u;
    %jmp/1 T_1.8, 6;
    %dup/vec4;
    %pushi/vec4 7, 0, 4;
    %cmp/u;
    %jmp/1 T_1.9, 6;
    %dup/vec4;
    %pushi/vec4 8, 0, 4;
    %cmp/u;
    %jmp/1 T_1.10, 6;
    %dup/vec4;
    %pushi/vec4 9, 0, 4;
    %cmp/u;
    %jmp/1 T_1.11, 6;
    %dup/vec4;
    %pushi/vec4 10, 0, 4;
    %cmp/u;
    %jmp/1 T_1.12, 6;
    %dup/vec4;
    %pushi/vec4 11, 0, 4;
    %cmp/u;
    %jmp/1 T_1.13, 6;
    %dup/vec4;
    %pushi/vec4 12, 0, 4;
    %cmp/u;
    %jmp/1 T_1.14, 6;
    %dup/vec4;
    %pushi/vec4 13, 0, 4;
    %cmp/u;
    %jmp/1 T_1.15, 6;
    %dup/vec4;
    %pushi/vec4 14, 0, 4;
    %cmp/u;
    %jmp/1 T_1.16, 6;
    %dup/vec4;
    %pushi/vec4 15, 0, 4;
    %cmp/u;
    %jmp/1 T_1.17, 6;
    %pushi/vec4 255, 0, 8;
    %store/vec4 v00000000010dd500_0, 0, 8;
    %jmp T_1.19;
T_1.2 ;
    %pushi/vec4 192, 0, 8;
    %store/vec4 v00000000010dd500_0, 0, 8;
    %jmp T_1.19;
T_1.3 ;
    %pushi/vec4 249, 0, 8;
    %store/vec4 v00000000010dd500_0, 0, 8;
    %jmp T_1.19;
T_1.4 ;
    %pushi/vec4 164, 0, 8;
    %store/vec4 v00000000010dd500_0, 0, 8;
    %jmp T_1.19;
T_1.5 ;
    %pushi/vec4 176, 0, 8;
    %store/vec4 v00000000010dd500_0, 0, 8;
    %jmp T_1.19;
T_1.6 ;
    %pushi/vec4 153, 0, 8;
    %store/vec4 v00000000010dd500_0, 0, 8;
    %jmp T_1.19;
T_1.7 ;
    %pushi/vec4 146, 0, 8;
    %store/vec4 v00000000010dd500_0, 0, 8;
    %jmp T_1.19;
T_1.8 ;
    %pushi/vec4 130, 0, 8;
    %store/vec4 v00000000010dd500_0, 0, 8;
    %jmp T_1.19;
T_1.9 ;
    %pushi/vec4 248, 0, 8;
    %store/vec4 v00000000010dd500_0, 0, 8;
    %jmp T_1.19;
T_1.10 ;
    %pushi/vec4 128, 0, 8;
    %store/vec4 v00000000010dd500_0, 0, 8;
    %jmp T_1.19;
T_1.11 ;
    %pushi/vec4 152, 0, 8;
    %store/vec4 v00000000010dd500_0, 0, 8;
    %jmp T_1.19;
T_1.12 ;
    %pushi/vec4 255, 0, 8;
    %store/vec4 v00000000010dd500_0, 0, 8;
    %jmp T_1.19;
T_1.13 ;
    %pushi/vec4 199, 0, 8;
    %store/vec4 v00000000010dd500_0, 0, 8;
    %jmp T_1.19;
T_1.14 ;
    %pushi/vec4 198, 0, 8;
    %store/vec4 v00000000010dd500_0, 0, 8;
    %jmp T_1.19;
T_1.15 ;
    %pushi/vec4 161, 0, 8;
    %store/vec4 v00000000010dd500_0, 0, 8;
    %jmp T_1.19;
T_1.16 ;
    %pushi/vec4 134, 0, 8;
    %store/vec4 v00000000010dd500_0, 0, 8;
    %jmp T_1.19;
T_1.17 ;
    %pushi/vec4 142, 0, 8;
    %store/vec4 v00000000010dd500_0, 0, 8;
    %jmp T_1.19;
T_1.19 ;
    %pop/vec4 1;
    %jmp T_1.1;
T_1.0 ;
    %load/vec4 v00000000010dc6a0_0;
    %dup/vec4;
    %pushi/vec4 0, 0, 4;
    %cmp/u;
    %jmp/1 T_1.20, 6;
    %dup/vec4;
    %pushi/vec4 1, 0, 4;
    %cmp/u;
    %jmp/1 T_1.21, 6;
    %dup/vec4;
    %pushi/vec4 2, 0, 4;
    %cmp/u;
    %jmp/1 T_1.22, 6;
    %dup/vec4;
    %pushi/vec4 3, 0, 4;
    %cmp/u;
    %jmp/1 T_1.23, 6;
    %dup/vec4;
    %pushi/vec4 4, 0, 4;
    %cmp/u;
    %jmp/1 T_1.24, 6;
    %dup/vec4;
    %pushi/vec4 5, 0, 4;
    %cmp/u;
    %jmp/1 T_1.25, 6;
    %dup/vec4;
    %pushi/vec4 6, 0, 4;
    %cmp/u;
    %jmp/1 T_1.26, 6;
    %dup/vec4;
    %pushi/vec4 7, 0, 4;
    %cmp/u;
    %jmp/1 T_1.27, 6;
    %dup/vec4;
    %pushi/vec4 8, 0, 4;
    %cmp/u;
    %jmp/1 T_1.28, 6;
    %dup/vec4;
    %pushi/vec4 9, 0, 4;
    %cmp/u;
    %jmp/1 T_1.29, 6;
    %dup/vec4;
    %pushi/vec4 10, 0, 4;
    %cmp/u;
    %jmp/1 T_1.30, 6;
    %dup/vec4;
    %pushi/vec4 11, 0, 4;
    %cmp/u;
    %jmp/1 T_1.31, 6;
    %dup/vec4;
    %pushi/vec4 12, 0, 4;
    %cmp/u;
    %jmp/1 T_1.32, 6;
    %dup/vec4;
    %pushi/vec4 13, 0, 4;
    %cmp/u;
    %jmp/1 T_1.33, 6;
    %dup/vec4;
    %pushi/vec4 14, 0, 4;
    %cmp/u;
    %jmp/1 T_1.34, 6;
    %dup/vec4;
    %pushi/vec4 15, 0, 4;
    %cmp/u;
    %jmp/1 T_1.35, 6;
    %pushi/vec4 255, 0, 8;
    %store/vec4 v00000000010dd500_0, 0, 8;
    %jmp T_1.37;
T_1.20 ;
    %pushi/vec4 192, 0, 8;
    %store/vec4 v00000000010dd500_0, 0, 8;
    %jmp T_1.37;
T_1.21 ;
    %pushi/vec4 249, 0, 8;
    %store/vec4 v00000000010dd500_0, 0, 8;
    %jmp T_1.37;
T_1.22 ;
    %pushi/vec4 164, 0, 8;
    %store/vec4 v00000000010dd500_0, 0, 8;
    %jmp T_1.37;
T_1.23 ;
    %pushi/vec4 176, 0, 8;
    %store/vec4 v00000000010dd500_0, 0, 8;
    %jmp T_1.37;
T_1.24 ;
    %pushi/vec4 153, 0, 8;
    %store/vec4 v00000000010dd500_0, 0, 8;
    %jmp T_1.37;
T_1.25 ;
    %pushi/vec4 146, 0, 8;
    %store/vec4 v00000000010dd500_0, 0, 8;
    %jmp T_1.37;
T_1.26 ;
    %pushi/vec4 130, 0, 8;
    %store/vec4 v00000000010dd500_0, 0, 8;
    %jmp T_1.37;
T_1.27 ;
    %pushi/vec4 248, 0, 8;
    %store/vec4 v00000000010dd500_0, 0, 8;
    %jmp T_1.37;
T_1.28 ;
    %pushi/vec4 128, 0, 8;
    %store/vec4 v00000000010dd500_0, 0, 8;
    %jmp T_1.37;
T_1.29 ;
    %pushi/vec4 152, 0, 8;
    %store/vec4 v00000000010dd500_0, 0, 8;
    %jmp T_1.37;
T_1.30 ;
    %pushi/vec4 255, 0, 8;
    %store/vec4 v00000000010dd500_0, 0, 8;
    %jmp T_1.37;
T_1.31 ;
    %pushi/vec4 199, 0, 8;
    %store/vec4 v00000000010dd500_0, 0, 8;
    %jmp T_1.37;
T_1.32 ;
    %pushi/vec4 198, 0, 8;
    %store/vec4 v00000000010dd500_0, 0, 8;
    %jmp T_1.37;
T_1.33 ;
    %pushi/vec4 161, 0, 8;
    %store/vec4 v00000000010dd500_0, 0, 8;
    %jmp T_1.37;
T_1.34 ;
    %pushi/vec4 134, 0, 8;
    %store/vec4 v00000000010dd500_0, 0, 8;
    %jmp T_1.37;
T_1.35 ;
    %pushi/vec4 142, 0, 8;
    %store/vec4 v00000000010dd500_0, 0, 8;
    %jmp T_1.37;
T_1.37 ;
    %pop/vec4 1;
T_1.1 ;
    %jmp T_1;
    .thread T_1, $push;
    .scope S_0000000001022720;
T_2 ;
    %wait E_00000000010815e0;
    %load/vec4 v00000000010dc420_0;
    %flag_set/vec4 8;
    %jmp/0xz  T_2.0, 8;
    %load/vec4 v00000000010dc4c0_0;
    %dup/vec4;
    %pushi/vec4 0, 0, 4;
    %cmp/u;
    %jmp/1 T_2.2, 6;
    %dup/vec4;
    %pushi/vec4 1, 0, 4;
    %cmp/u;
    %jmp/1 T_2.3, 6;
    %dup/vec4;
    %pushi/vec4 2, 0, 4;
    %cmp/u;
    %jmp/1 T_2.4, 6;
    %dup/vec4;
    %pushi/vec4 3, 0, 4;
    %cmp/u;
    %jmp/1 T_2.5, 6;
    %dup/vec4;
    %pushi/vec4 4, 0, 4;
    %cmp/u;
    %jmp/1 T_2.6, 6;
    %dup/vec4;
    %pushi/vec4 5, 0, 4;
    %cmp/u;
    %jmp/1 T_2.7, 6;
    %dup/vec4;
    %pushi/vec4 6, 0, 4;
    %cmp/u;
    %jmp/1 T_2.8, 6;
    %dup/vec4;
    %pushi/vec4 7, 0, 4;
    %cmp/u;
    %jmp/1 T_2.9, 6;
    %dup/vec4;
    %pushi/vec4 8, 0, 4;
    %cmp/u;
    %jmp/1 T_2.10, 6;
    %dup/vec4;
    %pushi/vec4 9, 0, 4;
    %cmp/u;
    %jmp/1 T_2.11, 6;
    %dup/vec4;
    %pushi/vec4 10, 0, 4;
    %cmp/u;
    %jmp/1 T_2.12, 6;
    %dup/vec4;
    %pushi/vec4 11, 0, 4;
    %cmp/u;
    %jmp/1 T_2.13, 6;
    %dup/vec4;
    %pushi/vec4 12, 0, 4;
    %cmp/u;
    %jmp/1 T_2.14, 6;
    %dup/vec4;
    %pushi/vec4 13, 0, 4;
    %cmp/u;
    %jmp/1 T_2.15, 6;
    %dup/vec4;
    %pushi/vec4 14, 0, 4;
    %cmp/u;
    %jmp/1 T_2.16, 6;
    %dup/vec4;
    %pushi/vec4 15, 0, 4;
    %cmp/u;
    %jmp/1 T_2.17, 6;
    %pushi/vec4 255, 0, 8;
    %store/vec4 v00000000010dc560_0, 0, 8;
    %jmp T_2.19;
T_2.2 ;
    %pushi/vec4 192, 0, 8;
    %store/vec4 v00000000010dc560_0, 0, 8;
    %jmp T_2.19;
T_2.3 ;
    %pushi/vec4 249, 0, 8;
    %store/vec4 v00000000010dc560_0, 0, 8;
    %jmp T_2.19;
T_2.4 ;
    %pushi/vec4 164, 0, 8;
    %store/vec4 v00000000010dc560_0, 0, 8;
    %jmp T_2.19;
T_2.5 ;
    %pushi/vec4 176, 0, 8;
    %store/vec4 v00000000010dc560_0, 0, 8;
    %jmp T_2.19;
T_2.6 ;
    %pushi/vec4 153, 0, 8;
    %store/vec4 v00000000010dc560_0, 0, 8;
    %jmp T_2.19;
T_2.7 ;
    %pushi/vec4 146, 0, 8;
    %store/vec4 v00000000010dc560_0, 0, 8;
    %jmp T_2.19;
T_2.8 ;
    %pushi/vec4 130, 0, 8;
    %store/vec4 v00000000010dc560_0, 0, 8;
    %jmp T_2.19;
T_2.9 ;
    %pushi/vec4 248, 0, 8;
    %store/vec4 v00000000010dc560_0, 0, 8;
    %jmp T_2.19;
T_2.10 ;
    %pushi/vec4 128, 0, 8;
    %store/vec4 v00000000010dc560_0, 0, 8;
    %jmp T_2.19;
T_2.11 ;
    %pushi/vec4 152, 0, 8;
    %store/vec4 v00000000010dc560_0, 0, 8;
    %jmp T_2.19;
T_2.12 ;
    %pushi/vec4 255, 0, 8;
    %store/vec4 v00000000010dc560_0, 0, 8;
    %jmp T_2.19;
T_2.13 ;
    %pushi/vec4 199, 0, 8;
    %store/vec4 v00000000010dc560_0, 0, 8;
    %jmp T_2.19;
T_2.14 ;
    %pushi/vec4 198, 0, 8;
    %store/vec4 v00000000010dc560_0, 0, 8;
    %jmp T_2.19;
T_2.15 ;
    %pushi/vec4 161, 0, 8;
    %store/vec4 v00000000010dc560_0, 0, 8;
    %jmp T_2.19;
T_2.16 ;
    %pushi/vec4 134, 0, 8;
    %store/vec4 v00000000010dc560_0, 0, 8;
    %jmp T_2.19;
T_2.17 ;
    %pushi/vec4 142, 0, 8;
    %store/vec4 v00000000010dc560_0, 0, 8;
    %jmp T_2.19;
T_2.19 ;
    %pop/vec4 1;
    %jmp T_2.1;
T_2.0 ;
    %load/vec4 v00000000010dcb00_0;
    %dup/vec4;
    %pushi/vec4 0, 0, 4;
    %cmp/u;
    %jmp/1 T_2.20, 6;
    %dup/vec4;
    %pushi/vec4 1, 0, 4;
    %cmp/u;
    %jmp/1 T_2.21, 6;
    %dup/vec4;
    %pushi/vec4 2, 0, 4;
    %cmp/u;
    %jmp/1 T_2.22, 6;
    %dup/vec4;
    %pushi/vec4 3, 0, 4;
    %cmp/u;
    %jmp/1 T_2.23, 6;
    %dup/vec4;
    %pushi/vec4 4, 0, 4;
    %cmp/u;
    %jmp/1 T_2.24, 6;
    %dup/vec4;
    %pushi/vec4 5, 0, 4;
    %cmp/u;
    %jmp/1 T_2.25, 6;
    %dup/vec4;
    %pushi/vec4 6, 0, 4;
    %cmp/u;
    %jmp/1 T_2.26, 6;
    %dup/vec4;
    %pushi/vec4 7, 0, 4;
    %cmp/u;
    %jmp/1 T_2.27, 6;
    %dup/vec4;
    %pushi/vec4 8, 0, 4;
    %cmp/u;
    %jmp/1 T_2.28, 6;
    %dup/vec4;
    %pushi/vec4 9, 0, 4;
    %cmp/u;
    %jmp/1 T_2.29, 6;
    %dup/vec4;
    %pushi/vec4 10, 0, 4;
    %cmp/u;
    %jmp/1 T_2.30, 6;
    %dup/vec4;
    %pushi/vec4 11, 0, 4;
    %cmp/u;
    %jmp/1 T_2.31, 6;
    %dup/vec4;
    %pushi/vec4 12, 0, 4;
    %cmp/u;
    %jmp/1 T_2.32, 6;
    %dup/vec4;
    %pushi/vec4 13, 0, 4;
    %cmp/u;
    %jmp/1 T_2.33, 6;
    %dup/vec4;
    %pushi/vec4 14, 0, 4;
    %cmp/u;
    %jmp/1 T_2.34, 6;
    %dup/vec4;
    %pushi/vec4 15, 0, 4;
    %cmp/u;
    %jmp/1 T_2.35, 6;
    %pushi/vec4 255, 0, 8;
    %store/vec4 v00000000010dc560_0, 0, 8;
    %jmp T_2.37;
T_2.20 ;
    %pushi/vec4 192, 0, 8;
    %store/vec4 v00000000010dc560_0, 0, 8;
    %jmp T_2.37;
T_2.21 ;
    %pushi/vec4 249, 0, 8;
    %store/vec4 v00000000010dc560_0, 0, 8;
    %jmp T_2.37;
T_2.22 ;
    %pushi/vec4 164, 0, 8;
    %store/vec4 v00000000010dc560_0, 0, 8;
    %jmp T_2.37;
T_2.23 ;
    %pushi/vec4 176, 0, 8;
    %store/vec4 v00000000010dc560_0, 0, 8;
    %jmp T_2.37;
T_2.24 ;
    %pushi/vec4 153, 0, 8;
    %store/vec4 v00000000010dc560_0, 0, 8;
    %jmp T_2.37;
T_2.25 ;
    %pushi/vec4 146, 0, 8;
    %store/vec4 v00000000010dc560_0, 0, 8;
    %jmp T_2.37;
T_2.26 ;
    %pushi/vec4 130, 0, 8;
    %store/vec4 v00000000010dc560_0, 0, 8;
    %jmp T_2.37;
T_2.27 ;
    %pushi/vec4 248, 0, 8;
    %store/vec4 v00000000010dc560_0, 0, 8;
    %jmp T_2.37;
T_2.28 ;
    %pushi/vec4 128, 0, 8;
    %store/vec4 v00000000010dc560_0, 0, 8;
    %jmp T_2.37;
T_2.29 ;
    %pushi/vec4 152, 0, 8;
    %store/vec4 v00000000010dc560_0, 0, 8;
    %jmp T_2.37;
T_2.30 ;
    %pushi/vec4 255, 0, 8;
    %store/vec4 v00000000010dc560_0, 0, 8;
    %jmp T_2.37;
T_2.31 ;
    %pushi/vec4 199, 0, 8;
    %store/vec4 v00000000010dc560_0, 0, 8;
    %jmp T_2.37;
T_2.32 ;
    %pushi/vec4 198, 0, 8;
    %store/vec4 v00000000010dc560_0, 0, 8;
    %jmp T_2.37;
T_2.33 ;
    %pushi/vec4 161, 0, 8;
    %store/vec4 v00000000010dc560_0, 0, 8;
    %jmp T_2.37;
T_2.34 ;
    %pushi/vec4 134, 0, 8;
    %store/vec4 v00000000010dc560_0, 0, 8;
    %jmp T_2.37;
T_2.35 ;
    %pushi/vec4 142, 0, 8;
    %store/vec4 v00000000010dc560_0, 0, 8;
    %jmp T_2.37;
T_2.37 ;
    %pop/vec4 1;
T_2.1 ;
    %jmp T_2;
    .thread T_2, $push;
    .scope S_000000000105fbd0;
T_3 ;
    %wait E_0000000001081820;
    %load/vec4 v0000000001077330_0;
    %flag_set/vec4 8;
    %jmp/0xz  T_3.0, 8;
    %load/vec4 v0000000001076f70_0;
    %dup/vec4;
    %pushi/vec4 0, 0, 4;
    %cmp/u;
    %jmp/1 T_3.2, 6;
    %dup/vec4;
    %pushi/vec4 1, 0, 4;
    %cmp/u;
    %jmp/1 T_3.3, 6;
    %dup/vec4;
    %pushi/vec4 2, 0, 4;
    %cmp/u;
    %jmp/1 T_3.4, 6;
    %dup/vec4;
    %pushi/vec4 3, 0, 4;
    %cmp/u;
    %jmp/1 T_3.5, 6;
    %dup/vec4;
    %pushi/vec4 4, 0, 4;
    %cmp/u;
    %jmp/1 T_3.6, 6;
    %dup/vec4;
    %pushi/vec4 5, 0, 4;
    %cmp/u;
    %jmp/1 T_3.7, 6;
    %dup/vec4;
    %pushi/vec4 6, 0, 4;
    %cmp/u;
    %jmp/1 T_3.8, 6;
    %dup/vec4;
    %pushi/vec4 7, 0, 4;
    %cmp/u;
    %jmp/1 T_3.9, 6;
    %dup/vec4;
    %pushi/vec4 8, 0, 4;
    %cmp/u;
    %jmp/1 T_3.10, 6;
    %dup/vec4;
    %pushi/vec4 9, 0, 4;
    %cmp/u;
    %jmp/1 T_3.11, 6;
    %dup/vec4;
    %pushi/vec4 10, 0, 4;
    %cmp/u;
    %jmp/1 T_3.12, 6;
    %dup/vec4;
    %pushi/vec4 11, 0, 4;
    %cmp/u;
    %jmp/1 T_3.13, 6;
    %dup/vec4;
    %pushi/vec4 12, 0, 4;
    %cmp/u;
    %jmp/1 T_3.14, 6;
    %dup/vec4;
    %pushi/vec4 13, 0, 4;
    %cmp/u;
    %jmp/1 T_3.15, 6;
    %dup/vec4;
    %pushi/vec4 14, 0, 4;
    %cmp/u;
    %jmp/1 T_3.16, 6;
    %dup/vec4;
    %pushi/vec4 15, 0, 4;
    %cmp/u;
    %jmp/1 T_3.17, 6;
    %pushi/vec4 255, 0, 8;
    %store/vec4 v00000000010dd780_0, 0, 8;
    %jmp T_3.19;
T_3.2 ;
    %pushi/vec4 192, 0, 8;
    %store/vec4 v00000000010dd780_0, 0, 8;
    %jmp T_3.19;
T_3.3 ;
    %pushi/vec4 249, 0, 8;
    %store/vec4 v00000000010dd780_0, 0, 8;
    %jmp T_3.19;
T_3.4 ;
    %pushi/vec4 164, 0, 8;
    %store/vec4 v00000000010dd780_0, 0, 8;
    %jmp T_3.19;
T_3.5 ;
    %pushi/vec4 176, 0, 8;
    %store/vec4 v00000000010dd780_0, 0, 8;
    %jmp T_3.19;
T_3.6 ;
    %pushi/vec4 153, 0, 8;
    %store/vec4 v00000000010dd780_0, 0, 8;
    %jmp T_3.19;
T_3.7 ;
    %pushi/vec4 146, 0, 8;
    %store/vec4 v00000000010dd780_0, 0, 8;
    %jmp T_3.19;
T_3.8 ;
    %pushi/vec4 130, 0, 8;
    %store/vec4 v00000000010dd780_0, 0, 8;
    %jmp T_3.19;
T_3.9 ;
    %pushi/vec4 248, 0, 8;
    %store/vec4 v00000000010dd780_0, 0, 8;
    %jmp T_3.19;
T_3.10 ;
    %pushi/vec4 128, 0, 8;
    %store/vec4 v00000000010dd780_0, 0, 8;
    %jmp T_3.19;
T_3.11 ;
    %pushi/vec4 152, 0, 8;
    %store/vec4 v00000000010dd780_0, 0, 8;
    %jmp T_3.19;
T_3.12 ;
    %pushi/vec4 255, 0, 8;
    %store/vec4 v00000000010dd780_0, 0, 8;
    %jmp T_3.19;
T_3.13 ;
    %pushi/vec4 199, 0, 8;
    %store/vec4 v00000000010dd780_0, 0, 8;
    %jmp T_3.19;
T_3.14 ;
    %pushi/vec4 198, 0, 8;
    %store/vec4 v00000000010dd780_0, 0, 8;
    %jmp T_3.19;
T_3.15 ;
    %pushi/vec4 161, 0, 8;
    %store/vec4 v00000000010dd780_0, 0, 8;
    %jmp T_3.19;
T_3.16 ;
    %pushi/vec4 134, 0, 8;
    %store/vec4 v00000000010dd780_0, 0, 8;
    %jmp T_3.19;
T_3.17 ;
    %pushi/vec4 142, 0, 8;
    %store/vec4 v00000000010dd780_0, 0, 8;
    %jmp T_3.19;
T_3.19 ;
    %pop/vec4 1;
    %jmp T_3.1;
T_3.0 ;
    %load/vec4 v0000000001077010_0;
    %dup/vec4;
    %pushi/vec4 0, 0, 4;
    %cmp/u;
    %jmp/1 T_3.20, 6;
    %dup/vec4;
    %pushi/vec4 1, 0, 4;
    %cmp/u;
    %jmp/1 T_3.21, 6;
    %dup/vec4;
    %pushi/vec4 2, 0, 4;
    %cmp/u;
    %jmp/1 T_3.22, 6;
    %dup/vec4;
    %pushi/vec4 3, 0, 4;
    %cmp/u;
    %jmp/1 T_3.23, 6;
    %dup/vec4;
    %pushi/vec4 4, 0, 4;
    %cmp/u;
    %jmp/1 T_3.24, 6;
    %dup/vec4;
    %pushi/vec4 5, 0, 4;
    %cmp/u;
    %jmp/1 T_3.25, 6;
    %dup/vec4;
    %pushi/vec4 6, 0, 4;
    %cmp/u;
    %jmp/1 T_3.26, 6;
    %dup/vec4;
    %pushi/vec4 7, 0, 4;
    %cmp/u;
    %jmp/1 T_3.27, 6;
    %dup/vec4;
    %pushi/vec4 8, 0, 4;
    %cmp/u;
    %jmp/1 T_3.28, 6;
    %dup/vec4;
    %pushi/vec4 9, 0, 4;
    %cmp/u;
    %jmp/1 T_3.29, 6;
    %dup/vec4;
    %pushi/vec4 10, 0, 4;
    %cmp/u;
    %jmp/1 T_3.30, 6;
    %dup/vec4;
    %pushi/vec4 11, 0, 4;
    %cmp/u;
    %jmp/1 T_3.31, 6;
    %dup/vec4;
    %pushi/vec4 12, 0, 4;
    %cmp/u;
    %jmp/1 T_3.32, 6;
    %dup/vec4;
    %pushi/vec4 13, 0, 4;
    %cmp/u;
    %jmp/1 T_3.33, 6;
    %dup/vec4;
    %pushi/vec4 14, 0, 4;
    %cmp/u;
    %jmp/1 T_3.34, 6;
    %dup/vec4;
    %pushi/vec4 15, 0, 4;
    %cmp/u;
    %jmp/1 T_3.35, 6;
    %pushi/vec4 255, 0, 8;
    %store/vec4 v00000000010dd780_0, 0, 8;
    %jmp T_3.37;
T_3.20 ;
    %pushi/vec4 192, 0, 8;
    %store/vec4 v00000000010dd780_0, 0, 8;
    %jmp T_3.37;
T_3.21 ;
    %pushi/vec4 249, 0, 8;
    %store/vec4 v00000000010dd780_0, 0, 8;
    %jmp T_3.37;
T_3.22 ;
    %pushi/vec4 164, 0, 8;
    %store/vec4 v00000000010dd780_0, 0, 8;
    %jmp T_3.37;
T_3.23 ;
    %pushi/vec4 176, 0, 8;
    %store/vec4 v00000000010dd780_0, 0, 8;
    %jmp T_3.37;
T_3.24 ;
    %pushi/vec4 153, 0, 8;
    %store/vec4 v00000000010dd780_0, 0, 8;
    %jmp T_3.37;
T_3.25 ;
    %pushi/vec4 146, 0, 8;
    %store/vec4 v00000000010dd780_0, 0, 8;
    %jmp T_3.37;
T_3.26 ;
    %pushi/vec4 130, 0, 8;
    %store/vec4 v00000000010dd780_0, 0, 8;
    %jmp T_3.37;
T_3.27 ;
    %pushi/vec4 248, 0, 8;
    %store/vec4 v00000000010dd780_0, 0, 8;
    %jmp T_3.37;
T_3.28 ;
    %pushi/vec4 128, 0, 8;
    %store/vec4 v00000000010dd780_0, 0, 8;
    %jmp T_3.37;
T_3.29 ;
    %pushi/vec4 152, 0, 8;
    %store/vec4 v00000000010dd780_0, 0, 8;
    %jmp T_3.37;
T_3.30 ;
    %pushi/vec4 255, 0, 8;
    %store/vec4 v00000000010dd780_0, 0, 8;
    %jmp T_3.37;
T_3.31 ;
    %pushi/vec4 199, 0, 8;
    %store/vec4 v00000000010dd780_0, 0, 8;
    %jmp T_3.37;
T_3.32 ;
    %pushi/vec4 198, 0, 8;
    %store/vec4 v00000000010dd780_0, 0, 8;
    %jmp T_3.37;
T_3.33 ;
    %pushi/vec4 161, 0, 8;
    %store/vec4 v00000000010dd780_0, 0, 8;
    %jmp T_3.37;
T_3.34 ;
    %pushi/vec4 134, 0, 8;
    %store/vec4 v00000000010dd780_0, 0, 8;
    %jmp T_3.37;
T_3.35 ;
    %pushi/vec4 142, 0, 8;
    %store/vec4 v00000000010dd780_0, 0, 8;
    %jmp T_3.37;
T_3.37 ;
    %pop/vec4 1;
T_3.1 ;
    %jmp T_3;
    .thread T_3, $push;
    .scope S_000000000105fa40;
T_4 ;
    %wait E_0000000001081120;
    %load/vec4 v0000000001077290_0;
    %flag_set/vec4 8;
    %jmp/0xz  T_4.0, 8;
    %load/vec4 v0000000001076e30_0;
    %dup/vec4;
    %pushi/vec4 0, 0, 4;
    %cmp/u;
    %jmp/1 T_4.2, 6;
    %dup/vec4;
    %pushi/vec4 1, 0, 4;
    %cmp/u;
    %jmp/1 T_4.3, 6;
    %dup/vec4;
    %pushi/vec4 2, 0, 4;
    %cmp/u;
    %jmp/1 T_4.4, 6;
    %dup/vec4;
    %pushi/vec4 3, 0, 4;
    %cmp/u;
    %jmp/1 T_4.5, 6;
    %dup/vec4;
    %pushi/vec4 4, 0, 4;
    %cmp/u;
    %jmp/1 T_4.6, 6;
    %dup/vec4;
    %pushi/vec4 5, 0, 4;
    %cmp/u;
    %jmp/1 T_4.7, 6;
    %dup/vec4;
    %pushi/vec4 6, 0, 4;
    %cmp/u;
    %jmp/1 T_4.8, 6;
    %dup/vec4;
    %pushi/vec4 7, 0, 4;
    %cmp/u;
    %jmp/1 T_4.9, 6;
    %dup/vec4;
    %pushi/vec4 8, 0, 4;
    %cmp/u;
    %jmp/1 T_4.10, 6;
    %dup/vec4;
    %pushi/vec4 9, 0, 4;
    %cmp/u;
    %jmp/1 T_4.11, 6;
    %dup/vec4;
    %pushi/vec4 10, 0, 4;
    %cmp/u;
    %jmp/1 T_4.12, 6;
    %dup/vec4;
    %pushi/vec4 11, 0, 4;
    %cmp/u;
    %jmp/1 T_4.13, 6;
    %dup/vec4;
    %pushi/vec4 12, 0, 4;
    %cmp/u;
    %jmp/1 T_4.14, 6;
    %dup/vec4;
    %pushi/vec4 13, 0, 4;
    %cmp/u;
    %jmp/1 T_4.15, 6;
    %dup/vec4;
    %pushi/vec4 14, 0, 4;
    %cmp/u;
    %jmp/1 T_4.16, 6;
    %dup/vec4;
    %pushi/vec4 15, 0, 4;
    %cmp/u;
    %jmp/1 T_4.17, 6;
    %pushi/vec4 255, 0, 8;
    %store/vec4 v0000000001076ed0_0, 0, 8;
    %jmp T_4.19;
T_4.2 ;
    %pushi/vec4 192, 0, 8;
    %store/vec4 v0000000001076ed0_0, 0, 8;
    %jmp T_4.19;
T_4.3 ;
    %pushi/vec4 249, 0, 8;
    %store/vec4 v0000000001076ed0_0, 0, 8;
    %jmp T_4.19;
T_4.4 ;
    %pushi/vec4 164, 0, 8;
    %store/vec4 v0000000001076ed0_0, 0, 8;
    %jmp T_4.19;
T_4.5 ;
    %pushi/vec4 176, 0, 8;
    %store/vec4 v0000000001076ed0_0, 0, 8;
    %jmp T_4.19;
T_4.6 ;
    %pushi/vec4 153, 0, 8;
    %store/vec4 v0000000001076ed0_0, 0, 8;
    %jmp T_4.19;
T_4.7 ;
    %pushi/vec4 146, 0, 8;
    %store/vec4 v0000000001076ed0_0, 0, 8;
    %jmp T_4.19;
T_4.8 ;
    %pushi/vec4 130, 0, 8;
    %store/vec4 v0000000001076ed0_0, 0, 8;
    %jmp T_4.19;
T_4.9 ;
    %pushi/vec4 248, 0, 8;
    %store/vec4 v0000000001076ed0_0, 0, 8;
    %jmp T_4.19;
T_4.10 ;
    %pushi/vec4 128, 0, 8;
    %store/vec4 v0000000001076ed0_0, 0, 8;
    %jmp T_4.19;
T_4.11 ;
    %pushi/vec4 152, 0, 8;
    %store/vec4 v0000000001076ed0_0, 0, 8;
    %jmp T_4.19;
T_4.12 ;
    %pushi/vec4 136, 0, 8;
    %store/vec4 v0000000001076ed0_0, 0, 8;
    %jmp T_4.19;
T_4.13 ;
    %pushi/vec4 131, 0, 8;
    %store/vec4 v0000000001076ed0_0, 0, 8;
    %jmp T_4.19;
T_4.14 ;
    %pushi/vec4 198, 0, 8;
    %store/vec4 v0000000001076ed0_0, 0, 8;
    %jmp T_4.19;
T_4.15 ;
    %pushi/vec4 161, 0, 8;
    %store/vec4 v0000000001076ed0_0, 0, 8;
    %jmp T_4.19;
T_4.16 ;
    %pushi/vec4 134, 0, 8;
    %store/vec4 v0000000001076ed0_0, 0, 8;
    %jmp T_4.19;
T_4.17 ;
    %pushi/vec4 142, 0, 8;
    %store/vec4 v0000000001076ed0_0, 0, 8;
    %jmp T_4.19;
T_4.19 ;
    %pop/vec4 1;
    %jmp T_4.1;
T_4.0 ;
    %load/vec4 v0000000001077830_0;
    %dup/vec4;
    %pushi/vec4 0, 0, 4;
    %cmp/u;
    %jmp/1 T_4.20, 6;
    %dup/vec4;
    %pushi/vec4 1, 0, 4;
    %cmp/u;
    %jmp/1 T_4.21, 6;
    %dup/vec4;
    %pushi/vec4 2, 0, 4;
    %cmp/u;
    %jmp/1 T_4.22, 6;
    %dup/vec4;
    %pushi/vec4 3, 0, 4;
    %cmp/u;
    %jmp/1 T_4.23, 6;
    %dup/vec4;
    %pushi/vec4 4, 0, 4;
    %cmp/u;
    %jmp/1 T_4.24, 6;
    %dup/vec4;
    %pushi/vec4 5, 0, 4;
    %cmp/u;
    %jmp/1 T_4.25, 6;
    %dup/vec4;
    %pushi/vec4 6, 0, 4;
    %cmp/u;
    %jmp/1 T_4.26, 6;
    %dup/vec4;
    %pushi/vec4 7, 0, 4;
    %cmp/u;
    %jmp/1 T_4.27, 6;
    %dup/vec4;
    %pushi/vec4 8, 0, 4;
    %cmp/u;
    %jmp/1 T_4.28, 6;
    %dup/vec4;
    %pushi/vec4 9, 0, 4;
    %cmp/u;
    %jmp/1 T_4.29, 6;
    %dup/vec4;
    %pushi/vec4 10, 0, 4;
    %cmp/u;
    %jmp/1 T_4.30, 6;
    %dup/vec4;
    %pushi/vec4 11, 0, 4;
    %cmp/u;
    %jmp/1 T_4.31, 6;
    %dup/vec4;
    %pushi/vec4 12, 0, 4;
    %cmp/u;
    %jmp/1 T_4.32, 6;
    %dup/vec4;
    %pushi/vec4 13, 0, 4;
    %cmp/u;
    %jmp/1 T_4.33, 6;
    %dup/vec4;
    %pushi/vec4 14, 0, 4;
    %cmp/u;
    %jmp/1 T_4.34, 6;
    %dup/vec4;
    %pushi/vec4 15, 0, 4;
    %cmp/u;
    %jmp/1 T_4.35, 6;
    %pushi/vec4 255, 0, 8;
    %store/vec4 v0000000001076ed0_0, 0, 8;
    %jmp T_4.37;
T_4.20 ;
    %pushi/vec4 192, 0, 8;
    %store/vec4 v0000000001076ed0_0, 0, 8;
    %jmp T_4.37;
T_4.21 ;
    %pushi/vec4 249, 0, 8;
    %store/vec4 v0000000001076ed0_0, 0, 8;
    %jmp T_4.37;
T_4.22 ;
    %pushi/vec4 164, 0, 8;
    %store/vec4 v0000000001076ed0_0, 0, 8;
    %jmp T_4.37;
T_4.23 ;
    %pushi/vec4 176, 0, 8;
    %store/vec4 v0000000001076ed0_0, 0, 8;
    %jmp T_4.37;
T_4.24 ;
    %pushi/vec4 153, 0, 8;
    %store/vec4 v0000000001076ed0_0, 0, 8;
    %jmp T_4.37;
T_4.25 ;
    %pushi/vec4 146, 0, 8;
    %store/vec4 v0000000001076ed0_0, 0, 8;
    %jmp T_4.37;
T_4.26 ;
    %pushi/vec4 130, 0, 8;
    %store/vec4 v0000000001076ed0_0, 0, 8;
    %jmp T_4.37;
T_4.27 ;
    %pushi/vec4 248, 0, 8;
    %store/vec4 v0000000001076ed0_0, 0, 8;
    %jmp T_4.37;
T_4.28 ;
    %pushi/vec4 128, 0, 8;
    %store/vec4 v0000000001076ed0_0, 0, 8;
    %jmp T_4.37;
T_4.29 ;
    %pushi/vec4 152, 0, 8;
    %store/vec4 v0000000001076ed0_0, 0, 8;
    %jmp T_4.37;
T_4.30 ;
    %pushi/vec4 136, 0, 8;
    %store/vec4 v0000000001076ed0_0, 0, 8;
    %jmp T_4.37;
T_4.31 ;
    %pushi/vec4 131, 0, 8;
    %store/vec4 v0000000001076ed0_0, 0, 8;
    %jmp T_4.37;
T_4.32 ;
    %pushi/vec4 198, 0, 8;
    %store/vec4 v0000000001076ed0_0, 0, 8;
    %jmp T_4.37;
T_4.33 ;
    %pushi/vec4 161, 0, 8;
    %store/vec4 v0000000001076ed0_0, 0, 8;
    %jmp T_4.37;
T_4.34 ;
    %pushi/vec4 134, 0, 8;
    %store/vec4 v0000000001076ed0_0, 0, 8;
    %jmp T_4.37;
T_4.35 ;
    %pushi/vec4 142, 0, 8;
    %store/vec4 v0000000001076ed0_0, 0, 8;
    %jmp T_4.37;
T_4.37 ;
    %pop/vec4 1;
T_4.1 ;
    %jmp T_4;
    .thread T_4, $push;
    .scope S_0000000001055960;
T_5 ;
    %wait E_0000000001081320;
    %load/vec4 v0000000001077650_0;
    %flag_set/vec4 8;
    %jmp/0xz  T_5.0, 8;
    %load/vec4 v0000000001077470_0;
    %dup/vec4;
    %pushi/vec4 0, 0, 4;
    %cmp/u;
    %jmp/1 T_5.2, 6;
    %dup/vec4;
    %pushi/vec4 1, 0, 4;
    %cmp/u;
    %jmp/1 T_5.3, 6;
    %dup/vec4;
    %pushi/vec4 2, 0, 4;
    %cmp/u;
    %jmp/1 T_5.4, 6;
    %dup/vec4;
    %pushi/vec4 3, 0, 4;
    %cmp/u;
    %jmp/1 T_5.5, 6;
    %dup/vec4;
    %pushi/vec4 4, 0, 4;
    %cmp/u;
    %jmp/1 T_5.6, 6;
    %dup/vec4;
    %pushi/vec4 5, 0, 4;
    %cmp/u;
    %jmp/1 T_5.7, 6;
    %dup/vec4;
    %pushi/vec4 6, 0, 4;
    %cmp/u;
    %jmp/1 T_5.8, 6;
    %dup/vec4;
    %pushi/vec4 7, 0, 4;
    %cmp/u;
    %jmp/1 T_5.9, 6;
    %dup/vec4;
    %pushi/vec4 8, 0, 4;
    %cmp/u;
    %jmp/1 T_5.10, 6;
    %dup/vec4;
    %pushi/vec4 9, 0, 4;
    %cmp/u;
    %jmp/1 T_5.11, 6;
    %dup/vec4;
    %pushi/vec4 10, 0, 4;
    %cmp/u;
    %jmp/1 T_5.12, 6;
    %dup/vec4;
    %pushi/vec4 11, 0, 4;
    %cmp/u;
    %jmp/1 T_5.13, 6;
    %dup/vec4;
    %pushi/vec4 12, 0, 4;
    %cmp/u;
    %jmp/1 T_5.14, 6;
    %dup/vec4;
    %pushi/vec4 13, 0, 4;
    %cmp/u;
    %jmp/1 T_5.15, 6;
    %dup/vec4;
    %pushi/vec4 14, 0, 4;
    %cmp/u;
    %jmp/1 T_5.16, 6;
    %dup/vec4;
    %pushi/vec4 15, 0, 4;
    %cmp/u;
    %jmp/1 T_5.17, 6;
    %pushi/vec4 255, 0, 8;
    %store/vec4 v0000000001076d90_0, 0, 8;
    %jmp T_5.19;
T_5.2 ;
    %pushi/vec4 192, 0, 8;
    %store/vec4 v0000000001076d90_0, 0, 8;
    %jmp T_5.19;
T_5.3 ;
    %pushi/vec4 249, 0, 8;
    %store/vec4 v0000000001076d90_0, 0, 8;
    %jmp T_5.19;
T_5.4 ;
    %pushi/vec4 164, 0, 8;
    %store/vec4 v0000000001076d90_0, 0, 8;
    %jmp T_5.19;
T_5.5 ;
    %pushi/vec4 176, 0, 8;
    %store/vec4 v0000000001076d90_0, 0, 8;
    %jmp T_5.19;
T_5.6 ;
    %pushi/vec4 153, 0, 8;
    %store/vec4 v0000000001076d90_0, 0, 8;
    %jmp T_5.19;
T_5.7 ;
    %pushi/vec4 146, 0, 8;
    %store/vec4 v0000000001076d90_0, 0, 8;
    %jmp T_5.19;
T_5.8 ;
    %pushi/vec4 130, 0, 8;
    %store/vec4 v0000000001076d90_0, 0, 8;
    %jmp T_5.19;
T_5.9 ;
    %pushi/vec4 248, 0, 8;
    %store/vec4 v0000000001076d90_0, 0, 8;
    %jmp T_5.19;
T_5.10 ;
    %pushi/vec4 128, 0, 8;
    %store/vec4 v0000000001076d90_0, 0, 8;
    %jmp T_5.19;
T_5.11 ;
    %pushi/vec4 152, 0, 8;
    %store/vec4 v0000000001076d90_0, 0, 8;
    %jmp T_5.19;
T_5.12 ;
    %pushi/vec4 255, 0, 8;
    %store/vec4 v0000000001076d90_0, 0, 8;
    %jmp T_5.19;
T_5.13 ;
    %pushi/vec4 199, 0, 8;
    %store/vec4 v0000000001076d90_0, 0, 8;
    %jmp T_5.19;
T_5.14 ;
    %pushi/vec4 198, 0, 8;
    %store/vec4 v0000000001076d90_0, 0, 8;
    %jmp T_5.19;
T_5.15 ;
    %pushi/vec4 161, 0, 8;
    %store/vec4 v0000000001076d90_0, 0, 8;
    %jmp T_5.19;
T_5.16 ;
    %pushi/vec4 134, 0, 8;
    %store/vec4 v0000000001076d90_0, 0, 8;
    %jmp T_5.19;
T_5.17 ;
    %pushi/vec4 142, 0, 8;
    %store/vec4 v0000000001076d90_0, 0, 8;
    %jmp T_5.19;
T_5.19 ;
    %pop/vec4 1;
    %jmp T_5.1;
T_5.0 ;
    %load/vec4 v0000000001077510_0;
    %dup/vec4;
    %pushi/vec4 0, 0, 4;
    %cmp/u;
    %jmp/1 T_5.20, 6;
    %dup/vec4;
    %pushi/vec4 1, 0, 4;
    %cmp/u;
    %jmp/1 T_5.21, 6;
    %dup/vec4;
    %pushi/vec4 2, 0, 4;
    %cmp/u;
    %jmp/1 T_5.22, 6;
    %dup/vec4;
    %pushi/vec4 3, 0, 4;
    %cmp/u;
    %jmp/1 T_5.23, 6;
    %dup/vec4;
    %pushi/vec4 4, 0, 4;
    %cmp/u;
    %jmp/1 T_5.24, 6;
    %dup/vec4;
    %pushi/vec4 5, 0, 4;
    %cmp/u;
    %jmp/1 T_5.25, 6;
    %dup/vec4;
    %pushi/vec4 6, 0, 4;
    %cmp/u;
    %jmp/1 T_5.26, 6;
    %dup/vec4;
    %pushi/vec4 7, 0, 4;
    %cmp/u;
    %jmp/1 T_5.27, 6;
    %dup/vec4;
    %pushi/vec4 8, 0, 4;
    %cmp/u;
    %jmp/1 T_5.28, 6;
    %dup/vec4;
    %pushi/vec4 9, 0, 4;
    %cmp/u;
    %jmp/1 T_5.29, 6;
    %dup/vec4;
    %pushi/vec4 10, 0, 4;
    %cmp/u;
    %jmp/1 T_5.30, 6;
    %dup/vec4;
    %pushi/vec4 11, 0, 4;
    %cmp/u;
    %jmp/1 T_5.31, 6;
    %dup/vec4;
    %pushi/vec4 12, 0, 4;
    %cmp/u;
    %jmp/1 T_5.32, 6;
    %dup/vec4;
    %pushi/vec4 13, 0, 4;
    %cmp/u;
    %jmp/1 T_5.33, 6;
    %dup/vec4;
    %pushi/vec4 14, 0, 4;
    %cmp/u;
    %jmp/1 T_5.34, 6;
    %dup/vec4;
    %pushi/vec4 15, 0, 4;
    %cmp/u;
    %jmp/1 T_5.35, 6;
    %pushi/vec4 255, 0, 8;
    %store/vec4 v0000000001076d90_0, 0, 8;
    %jmp T_5.37;
T_5.20 ;
    %pushi/vec4 192, 0, 8;
    %store/vec4 v0000000001076d90_0, 0, 8;
    %jmp T_5.37;
T_5.21 ;
    %pushi/vec4 249, 0, 8;
    %store/vec4 v0000000001076d90_0, 0, 8;
    %jmp T_5.37;
T_5.22 ;
    %pushi/vec4 164, 0, 8;
    %store/vec4 v0000000001076d90_0, 0, 8;
    %jmp T_5.37;
T_5.23 ;
    %pushi/vec4 176, 0, 8;
    %store/vec4 v0000000001076d90_0, 0, 8;
    %jmp T_5.37;
T_5.24 ;
    %pushi/vec4 153, 0, 8;
    %store/vec4 v0000000001076d90_0, 0, 8;
    %jmp T_5.37;
T_5.25 ;
    %pushi/vec4 146, 0, 8;
    %store/vec4 v0000000001076d90_0, 0, 8;
    %jmp T_5.37;
T_5.26 ;
    %pushi/vec4 130, 0, 8;
    %store/vec4 v0000000001076d90_0, 0, 8;
    %jmp T_5.37;
T_5.27 ;
    %pushi/vec4 248, 0, 8;
    %store/vec4 v0000000001076d90_0, 0, 8;
    %jmp T_5.37;
T_5.28 ;
    %pushi/vec4 128, 0, 8;
    %store/vec4 v0000000001076d90_0, 0, 8;
    %jmp T_5.37;
T_5.29 ;
    %pushi/vec4 152, 0, 8;
    %store/vec4 v0000000001076d90_0, 0, 8;
    %jmp T_5.37;
T_5.30 ;
    %pushi/vec4 255, 0, 8;
    %store/vec4 v0000000001076d90_0, 0, 8;
    %jmp T_5.37;
T_5.31 ;
    %pushi/vec4 199, 0, 8;
    %store/vec4 v0000000001076d90_0, 0, 8;
    %jmp T_5.37;
T_5.32 ;
    %pushi/vec4 198, 0, 8;
    %store/vec4 v0000000001076d90_0, 0, 8;
    %jmp T_5.37;
T_5.33 ;
    %pushi/vec4 161, 0, 8;
    %store/vec4 v0000000001076d90_0, 0, 8;
    %jmp T_5.37;
T_5.34 ;
    %pushi/vec4 134, 0, 8;
    %store/vec4 v0000000001076d90_0, 0, 8;
    %jmp T_5.37;
T_5.35 ;
    %pushi/vec4 142, 0, 8;
    %store/vec4 v0000000001076d90_0, 0, 8;
    %jmp T_5.37;
T_5.37 ;
    %pop/vec4 1;
T_5.1 ;
    %jmp T_5;
    .thread T_5, $push;
    .scope S_00000000010557d0;
T_6 ;
    %pushi/vec4 10, 0, 4;
    %store/vec4 v00000000010dd0a0_0, 0, 4;
    %end;
    .thread T_6;
    .scope S_00000000010557d0;
T_7 ;
    %wait E_0000000001081e20;
    %pushi/vec4 0, 0, 7;
    %ix/load 4, 3, 0;
    %flag_set/imm 4, 0;
    %store/vec4 v00000000010dd820_0, 4, 7;
    %load/vec4 v00000000010dddc0_0;
    %parti/s 4, 0, 2;
    %load/vec4 v00000000010dddc0_0;
    %parti/s 4, 4, 4;
    %cmp/u;
    %jmp/0xz  T_7.0, 5;
    %pushi/vec4 0, 0, 1;
    %ix/load 4, 0, 0;
    %flag_set/imm 4, 0;
    %store/vec4 v00000000010dd820_0, 4, 1;
    %pushi/vec4 1, 0, 1;
    %ix/load 4, 1, 0;
    %flag_set/imm 4, 0;
    %store/vec4 v00000000010dd820_0, 4, 1;
    %pushi/vec4 0, 0, 1;
    %ix/load 4, 2, 0;
    %flag_set/imm 4, 0;
    %store/vec4 v00000000010dd820_0, 4, 1;
    %pushi/vec4 10, 0, 4;
    %store/vec4 v00000000010dd0a0_0, 0, 4;
    %jmp T_7.1;
T_7.0 ;
    %load/vec4 v00000000010dddc0_0;
    %parti/s 4, 4, 4;
    %load/vec4 v00000000010dddc0_0;
    %parti/s 4, 0, 2;
    %cmp/u;
    %jmp/0xz  T_7.2, 5;
    %pushi/vec4 1, 0, 1;
    %ix/load 4, 0, 0;
    %flag_set/imm 4, 0;
    %store/vec4 v00000000010dd820_0, 4, 1;
    %pushi/vec4 0, 0, 1;
    %ix/load 4, 1, 0;
    %flag_set/imm 4, 0;
    %store/vec4 v00000000010dd820_0, 4, 1;
    %pushi/vec4 0, 0, 1;
    %ix/load 4, 2, 0;
    %flag_set/imm 4, 0;
    %store/vec4 v00000000010dd820_0, 4, 1;
    %pushi/vec4 11, 0, 4;
    %store/vec4 v00000000010dd0a0_0, 0, 4;
    %jmp T_7.3;
T_7.2 ;
    %pushi/vec4 0, 0, 1;
    %ix/load 4, 0, 0;
    %flag_set/imm 4, 0;
    %store/vec4 v00000000010dd820_0, 4, 1;
    %pushi/vec4 0, 0, 1;
    %ix/load 4, 1, 0;
    %flag_set/imm 4, 0;
    %store/vec4 v00000000010dd820_0, 4, 1;
    %pushi/vec4 1, 0, 1;
    %ix/load 4, 2, 0;
    %flag_set/imm 4, 0;
    %store/vec4 v00000000010dd820_0, 4, 1;
    %pushi/vec4 14, 0, 4;
    %store/vec4 v00000000010dd0a0_0, 0, 4;
T_7.3 ;
T_7.1 ;
    %jmp T_7;
    .thread T_7, $push;
    .scope S_00000000011e9910;
T_8 ;
    %vpi_call 2 25 "$dumpfile", "p2.vcd" {0 0 0};
    %vpi_call 2 26 "$dumpvars" {0 0 0};
    %vpi_call 2 27 "$display", "Design Unit 2:" {0 0 0};
    %pushi/vec4 240, 0, 10;
    %store/vec4 v00000000010dcf60_0, 0, 10;
    %delay 100, 0;
    %pushi/vec4 15, 0, 10;
    %store/vec4 v00000000010dcf60_0, 0, 10;
    %delay 100, 0;
    %pushi/vec4 51, 0, 10;
    %store/vec4 v00000000010dcf60_0, 0, 10;
    %delay 100, 0;
    %vpi_call 2 35 "$finish" {0 0 0};
    %end;
    .thread T_8;
    .scope S_00000000011e9910;
T_9 ;
    %vpi_call 2 40 "$monitor", $time, "swsin = %8b, b0 = %b, b1 = %b, x = %10b, y[0] = %7b, y[1] = %7b, y[2] = %7b, y[3] = %7b, y[4] = %7b, y[5] = %7b", v00000000010dcf60_0, v00000000010dd460_0, v00000000010dcec0_0, v00000000010dc740_0, v00000000010dd320_0, v00000000010dde60_0, v00000000010dd3c0_0, v00000000010dc380_0, v00000000010dc7e0_0, v00000000010dca60_0 {0 0 0};
    %end;
    .thread T_9;
# The file index is used to find the file name in the following table.
:file_names 6;
    "N/A";
    "<interactive>";
    "p2tb.v";
    "switcheshex.v";
    "sevensegnum.v";
    "sevenseg.v";
