Analysis & Synthesis report for proj1
Fri Oct 16 19:05:06 2020
Quartus Prime Version 20.1.0 Build 711 06/05/2020 SJ Lite Edition


---------------------
; Table of Contents ;
---------------------
  1. Legal Notice
  2. Analysis & Synthesis Summary
  3. Analysis & Synthesis Settings
  4. Parallel Compilation
  5. Analysis & Synthesis Source Files Read
  6. Analysis & Synthesis Resource Usage Summary
  7. Analysis & Synthesis Resource Utilization by Entity
  8. General Register Statistics
  9. Multiplexer Restructuring Statistics (Restructuring Performed)
 10. Parameter Settings for User Entity Instance: Top-level Entity: |proj1
 11. Port Connectivity Checks: "switchesHex:s1|sevenSegNum:V0"
 12. Port Connectivity Checks: "switchesHex:s1|sevenSeg:V1"
 13. Port Connectivity Checks: "switchesHex:s1|sevenSegNum:V2"
 14. Port Connectivity Checks: "switchesHex:s1|sevenSegNum:V3"
 15. Port Connectivity Checks: "switchesHex:s1|sevenSegNum:V4"
 16. Port Connectivity Checks: "switchesHex:s1|sevenSeg:V5"
 17. Port Connectivity Checks: "birthday:b0"
 18. Post-Synthesis Netlist Statistics for Top Partition
 19. Elapsed Time Per Partition
 20. Analysis & Synthesis Messages



----------------
; Legal Notice ;
----------------
Copyright (C) 2020  Intel Corporation. All rights reserved.
Your use of Intel Corporation's design tools, logic functions 
and other software and tools, and any partner logic 
functions, and any output files from any of the foregoing 
(including device programming or simulation files), and any 
associated documentation or information are expressly subject 
to the terms and conditions of the Intel Program License 
Subscription Agreement, the Intel Quartus Prime License Agreement,
the Intel FPGA IP License Agreement, or other applicable license
agreement, including, without limitation, that your use is for
the sole purpose of programming logic devices manufactured by
Intel and sold by Intel or its authorized distributors.  Please
refer to the applicable agreement for further details, at
https://fpgasoftware.intel.com/eula.



+----------------------------------------------------------------------------------+
; Analysis & Synthesis Summary                                                     ;
+------------------------------------+---------------------------------------------+
; Analysis & Synthesis Status        ; Successful - Fri Oct 16 19:05:05 2020       ;
; Quartus Prime Version              ; 20.1.0 Build 711 06/05/2020 SJ Lite Edition ;
; Revision Name                      ; proj1                                       ;
; Top-level Entity Name              ; proj1                                       ;
; Family                             ; MAX 10                                      ;
; Total logic elements               ; 50                                          ;
;     Total combinational functions  ; 50                                          ;
;     Dedicated logic registers      ; 0                                           ;
; Total registers                    ; 0                                           ;
; Total pins                         ; 70                                          ;
; Total virtual pins                 ; 0                                           ;
; Total memory bits                  ; 0                                           ;
; Embedded Multiplier 9-bit elements ; 0                                           ;
; Total PLLs                         ; 0                                           ;
; UFM blocks                         ; 0                                           ;
; ADC blocks                         ; 0                                           ;
+------------------------------------+---------------------------------------------+


+------------------------------------------------------------------------------------------------------------+
; Analysis & Synthesis Settings                                                                              ;
+------------------------------------------------------------------+--------------------+--------------------+
; Option                                                           ; Setting            ; Default Value      ;
+------------------------------------------------------------------+--------------------+--------------------+
; Device                                                           ; 10M50DAF484C6GES   ;                    ;
; Top-level entity name                                            ; proj1              ; proj1              ;
; Family name                                                      ; MAX 10             ; Cyclone V          ;
; Use smart compilation                                            ; Off                ; Off                ;
; Enable parallel Assembler and Timing Analyzer during compilation ; On                 ; On                 ;
; Enable compact report table                                      ; Off                ; Off                ;
; Restructure Multiplexers                                         ; Auto               ; Auto               ;
; Create Debugging Nodes for IP Cores                              ; Off                ; Off                ;
; Preserve fewer node names                                        ; On                 ; On                 ;
; Intel FPGA IP Evaluation Mode                                    ; Enable             ; Enable             ;
; Verilog Version                                                  ; Verilog_2001       ; Verilog_2001       ;
; VHDL Version                                                     ; VHDL_1993          ; VHDL_1993          ;
; State Machine Processing                                         ; Auto               ; Auto               ;
; Safe State Machine                                               ; Off                ; Off                ;
; Extract Verilog State Machines                                   ; On                 ; On                 ;
; Extract VHDL State Machines                                      ; On                 ; On                 ;
; Ignore Verilog initial constructs                                ; Off                ; Off                ;
; Iteration limit for constant Verilog loops                       ; 5000               ; 5000               ;
; Iteration limit for non-constant Verilog loops                   ; 250                ; 250                ;
; Add Pass-Through Logic to Inferred RAMs                          ; On                 ; On                 ;
; Infer RAMs from Raw Logic                                        ; On                 ; On                 ;
; Parallel Synthesis                                               ; On                 ; On                 ;
; DSP Block Balancing                                              ; Auto               ; Auto               ;
; NOT Gate Push-Back                                               ; On                 ; On                 ;
; Power-Up Don't Care                                              ; On                 ; On                 ;
; Remove Redundant Logic Cells                                     ; Off                ; Off                ;
; Remove Duplicate Registers                                       ; On                 ; On                 ;
; Ignore CARRY Buffers                                             ; Off                ; Off                ;
; Ignore CASCADE Buffers                                           ; Off                ; Off                ;
; Ignore GLOBAL Buffers                                            ; Off                ; Off                ;
; Ignore ROW GLOBAL Buffers                                        ; Off                ; Off                ;
; Ignore LCELL Buffers                                             ; Off                ; Off                ;
; Ignore SOFT Buffers                                              ; On                 ; On                 ;
; Limit AHDL Integers to 32 Bits                                   ; Off                ; Off                ;
; Optimization Technique                                           ; Balanced           ; Balanced           ;
; Carry Chain Length                                               ; 70                 ; 70                 ;
; Auto Carry Chains                                                ; On                 ; On                 ;
; Auto Open-Drain Pins                                             ; On                 ; On                 ;
; Perform WYSIWYG Primitive Resynthesis                            ; Off                ; Off                ;
; Auto ROM Replacement                                             ; On                 ; On                 ;
; Auto RAM Replacement                                             ; On                 ; On                 ;
; Auto DSP Block Replacement                                       ; On                 ; On                 ;
; Auto Shift Register Replacement                                  ; Auto               ; Auto               ;
; Allow Shift Register Merging across Hierarchies                  ; Auto               ; Auto               ;
; Auto Clock Enable Replacement                                    ; On                 ; On                 ;
; Strict RAM Replacement                                           ; Off                ; Off                ;
; Allow Synchronous Control Signals                                ; On                 ; On                 ;
; Force Use of Synchronous Clear Signals                           ; Off                ; Off                ;
; Auto RAM Block Balancing                                         ; On                 ; On                 ;
; Auto RAM to Logic Cell Conversion                                ; Off                ; Off                ;
; Auto Resource Sharing                                            ; Off                ; Off                ;
; Allow Any RAM Size For Recognition                               ; Off                ; Off                ;
; Allow Any ROM Size For Recognition                               ; Off                ; Off                ;
; Allow Any Shift Register Size For Recognition                    ; Off                ; Off                ;
; Use LogicLock Constraints during Resource Balancing              ; On                 ; On                 ;
; Ignore translate_off and synthesis_off directives                ; Off                ; Off                ;
; Timing-Driven Synthesis                                          ; On                 ; On                 ;
; Report Parameter Settings                                        ; On                 ; On                 ;
; Report Source Assignments                                        ; On                 ; On                 ;
; Report Connectivity Checks                                       ; On                 ; On                 ;
; Ignore Maximum Fan-Out Assignments                               ; Off                ; Off                ;
; Synchronization Register Chain Length                            ; 2                  ; 2                  ;
; Power Optimization During Synthesis                              ; Normal compilation ; Normal compilation ;
; HDL message level                                                ; Level2             ; Level2             ;
; Suppress Register Optimization Related Messages                  ; Off                ; Off                ;
; Number of Removed Registers Reported in Synthesis Report         ; 5000               ; 5000               ;
; Number of Swept Nodes Reported in Synthesis Report               ; 5000               ; 5000               ;
; Number of Inverted Registers Reported in Synthesis Report        ; 100                ; 100                ;
; Clock MUX Protection                                             ; On                 ; On                 ;
; Auto Gated Clock Conversion                                      ; Off                ; Off                ;
; Block Design Naming                                              ; Auto               ; Auto               ;
; SDC constraint protection                                        ; Off                ; Off                ;
; Synthesis Effort                                                 ; Auto               ; Auto               ;
; Shift Register Replacement - Allow Asynchronous Clear Signal     ; On                 ; On                 ;
; Pre-Mapping Resynthesis Optimization                             ; Off                ; Off                ;
; Analysis & Synthesis Message Level                               ; Medium             ; Medium             ;
; Disable Register Merging Across Hierarchies                      ; Auto               ; Auto               ;
; Resource Aware Inference For Block RAM                           ; On                 ; On                 ;
+------------------------------------------------------------------+--------------------+--------------------+


+------------------------------------------+
; Parallel Compilation                     ;
+----------------------------+-------------+
; Processors                 ; Number      ;
+----------------------------+-------------+
; Number detected on machine ; 16          ;
; Maximum allowed            ; 16          ;
;                            ;             ;
; Average used               ; 1.00        ;
; Maximum used               ; 1           ;
;                            ;             ;
; Usage by Processor         ; % Time Used ;
;     Processor 1            ; 100.0%      ;
+----------------------------+-------------+


+--------------------------------------------------------------------------------------------------------------------------------------------------------+
; Analysis & Synthesis Source Files Read                                                                                                                 ;
+----------------------------------+-----------------+------------------------------+----------------------------------------------------------+---------+
; File Name with User-Entered Path ; Used in Netlist ; File Type                    ; File Name with Absolute Path                             ; Library ;
+----------------------------------+-----------------+------------------------------+----------------------------------------------------------+---------+
; sevenSegNum.v                    ; yes             ; User Verilog HDL File        ; E:/SpookyHax/Digital Logic Class/Project 1/sevenSegNum.v ;         ;
; switchesHex.v                    ; yes             ; User Verilog HDL File        ; E:/SpookyHax/Digital Logic Class/Project 1/switchesHex.v ;         ;
; proj1.v                          ; yes             ; Auto-Found Verilog HDL File  ; E:/SpookyHax/Digital Logic Class/Project 1/proj1.v       ;         ;
; birthday.v                       ; yes             ; Auto-Found Verilog HDL File  ; E:/SpookyHax/Digital Logic Class/Project 1/birthday.v    ;         ;
; sevenseg.v                       ; yes             ; Auto-Found Verilog HDL File  ; E:/SpookyHax/Digital Logic Class/Project 1/sevenseg.v    ;         ;
; switches.v                       ; yes             ; Auto-Found Verilog HDL File  ; E:/SpookyHax/Digital Logic Class/Project 1/switches.v    ;         ;
+----------------------------------+-----------------+------------------------------+----------------------------------------------------------+---------+


+-----------------------------------------------------------+
; Analysis & Synthesis Resource Usage Summary               ;
+---------------------------------------------+-------------+
; Resource                                    ; Usage       ;
+---------------------------------------------+-------------+
; Estimated Total logic elements              ; 50          ;
;                                             ;             ;
; Total combinational functions               ; 50          ;
; Logic element usage by number of LUT inputs ;             ;
;     -- 4 input functions                    ; 23          ;
;     -- 3 input functions                    ; 18          ;
;     -- <=2 input functions                  ; 9           ;
;                                             ;             ;
; Logic elements by mode                      ;             ;
;     -- normal mode                          ; 50          ;
;     -- arithmetic mode                      ; 0           ;
;                                             ;             ;
; Total registers                             ; 0           ;
;     -- Dedicated logic registers            ; 0           ;
;     -- I/O registers                        ; 0           ;
;                                             ;             ;
; I/O pins                                    ; 70          ;
;                                             ;             ;
; Embedded Multiplier 9-bit elements          ; 0           ;
;                                             ;             ;
; Maximum fan-out node                        ; SW[9]~input ;
; Maximum fan-out                             ; 38          ;
; Total fan-out                               ; 279         ;
; Average fan-out                             ; 1.47        ;
+---------------------------------------------+-------------+


+--------------------------------------------------------------------------------------------------------------------------------------------------------------------------------------------------------------------------------------------------+
; Analysis & Synthesis Resource Utilization by Entity                                                                                                                                                                                              ;
+----------------------------+---------------------+---------------------------+-------------+------------+--------------+---------+-----------+------+--------------+------------+-----------------------------------+-------------+--------------+
; Compilation Hierarchy Node ; Combinational ALUTs ; Dedicated Logic Registers ; Memory Bits ; UFM Blocks ; DSP Elements ; DSP 9x9 ; DSP 18x18 ; Pins ; Virtual Pins ; ADC blocks ; Full Hierarchy Name               ; Entity Name ; Library Name ;
+----------------------------+---------------------+---------------------------+-------------+------------+--------------+---------+-----------+------+--------------+------------+-----------------------------------+-------------+--------------+
; |proj1                     ; 50 (22)             ; 0 (0)                     ; 0           ; 0          ; 0            ; 0       ; 0         ; 70   ; 0            ; 0          ; |proj1                            ; proj1       ; work         ;
;    |switchesHex:s1|        ; 28 (7)              ; 0 (0)                     ; 0           ; 0          ; 0            ; 0       ; 0         ; 0    ; 0            ; 0          ; |proj1|switchesHex:s1             ; switchesHex ; work         ;
;       |sevenSeg:V1|        ; 11 (11)             ; 0 (0)                     ; 0           ; 0          ; 0            ; 0       ; 0         ; 0    ; 0            ; 0          ; |proj1|switchesHex:s1|sevenSeg:V1 ; sevenSeg    ; work         ;
;       |sevenSeg:V5|        ; 10 (10)             ; 0 (0)                     ; 0           ; 0          ; 0            ; 0       ; 0         ; 0    ; 0            ; 0          ; |proj1|switchesHex:s1|sevenSeg:V5 ; sevenSeg    ; work         ;
+----------------------------+---------------------+---------------------------+-------------+------------+--------------+---------+-----------+------+--------------+------------+-----------------------------------+-------------+--------------+
Note: For table entries with two numbers listed, the numbers in parentheses indicate the number of resources of the given type used by the specific entity alone. The numbers listed outside of parentheses indicate the total resources of the given type used by the specific entity and all of its sub-entities in the hierarchy.


+------------------------------------------------------+
; General Register Statistics                          ;
+----------------------------------------------+-------+
; Statistic                                    ; Value ;
+----------------------------------------------+-------+
; Total registers                              ; 0     ;
; Number of registers using Synchronous Clear  ; 0     ;
; Number of registers using Synchronous Load   ; 0     ;
; Number of registers using Asynchronous Clear ; 0     ;
; Number of registers using Asynchronous Load  ; 0     ;
; Number of registers using Clock Enable       ; 0     ;
; Number of registers using Preset             ; 0     ;
+----------------------------------------------+-------+


+------------------------------------------------------------------------------------------------------------------------------------------+
; Multiplexer Restructuring Statistics (Restructuring Performed)                                                                           ;
+--------------------+-----------+---------------+----------------------+------------------------+------------+----------------------------+
; Multiplexer Inputs ; Bus Width ; Baseline Area ; Area if Restructured ; Saving if Restructured ; Registered ; Example Multiplexer Output ;
+--------------------+-----------+---------------+----------------------+------------------------+------------+----------------------------+
; 3:1                ; 5 bits    ; 10 LEs        ; 10 LEs               ; 0 LEs                  ; No         ; |proj1|LITE0               ;
; 4:1                ; 2 bits    ; 4 LEs         ; 4 LEs                ; 0 LEs                  ; No         ; |proj1|LITE0               ;
+--------------------+-----------+---------------+----------------------+------------------------+------------+----------------------------+


+-----------------------------------------------------------------------+
; Parameter Settings for User Entity Instance: Top-level Entity: |proj1 ;
+----------------+--------------------------+---------------------------+
; Parameter Name ; Value                    ; Type                      ;
+----------------+--------------------------+---------------------------+
; bd0            ; 000001110001001000000001 ; Unsigned Binary           ;
; bd1            ; 000100100000100110010111 ; Unsigned Binary           ;
+----------------+--------------------------+---------------------------+
Note: In order to hide this table in the UI and the text report file, please set the "Show Parameter Settings in Synthesis Report" option in "Analysis and Synthesis Settings -> More Settings" to "Off".


+---------------------------------------------------------------------------------------------------------------------------------------------------------------------------------------------------------------+
; Port Connectivity Checks: "switchesHex:s1|sevenSegNum:V0"                                                                                                                                                     ;
+-------+-------+----------+------------------------------------------------------------------------------------------------------------------------------------------------------------------------------------+
; Port  ; Type  ; Severity ; Details                                                                                                                                                                            ;
+-------+-------+----------+------------------------------------------------------------------------------------------------------------------------------------------------------------------------------------+
; a1[3] ; Input ; Info     ; Stuck at VCC                                                                                                                                                                       ;
; a1[2] ; Input ; Info     ; Stuck at GND                                                                                                                                                                       ;
; a1[1] ; Input ; Info     ; Stuck at VCC                                                                                                                                                                       ;
; a1[0] ; Input ; Info     ; Stuck at GND                                                                                                                                                                       ;
; a2[3] ; Input ; Info     ; Stuck at VCC                                                                                                                                                                       ;
; a2[2] ; Input ; Info     ; Stuck at GND                                                                                                                                                                       ;
; a2[1] ; Input ; Info     ; Stuck at VCC                                                                                                                                                                       ;
; a2[0] ; Input ; Info     ; Stuck at GND                                                                                                                                                                       ;
; b     ; Input ; Warning  ; Input port expression (32 bits) is wider than the input port (1 bits) it drives.  The 31 most-significant bit(s) in the expression will be dangling if they have no other fanouts. ;
; b[-1] ; Input ; Info     ; Stuck at VCC                                                                                                                                                                       ;
+-------+-------+----------+------------------------------------------------------------------------------------------------------------------------------------------------------------------------------------+


+---------------------------------------------------------------------------------------------------------------------------------------------------------------------------------------------------------------+
; Port Connectivity Checks: "switchesHex:s1|sevenSeg:V1"                                                                                                                                                        ;
+-------+-------+----------+------------------------------------------------------------------------------------------------------------------------------------------------------------------------------------+
; Port  ; Type  ; Severity ; Details                                                                                                                                                                            ;
+-------+-------+----------+------------------------------------------------------------------------------------------------------------------------------------------------------------------------------------+
; a2[3] ; Input ; Info     ; Stuck at VCC                                                                                                                                                                       ;
; a2[2] ; Input ; Info     ; Stuck at GND                                                                                                                                                                       ;
; a2[1] ; Input ; Info     ; Stuck at VCC                                                                                                                                                                       ;
; a2[0] ; Input ; Info     ; Stuck at GND                                                                                                                                                                       ;
; b     ; Input ; Warning  ; Input port expression (32 bits) is wider than the input port (1 bits) it drives.  The 31 most-significant bit(s) in the expression will be dangling if they have no other fanouts. ;
; b[-1] ; Input ; Info     ; Stuck at VCC                                                                                                                                                                       ;
+-------+-------+----------+------------------------------------------------------------------------------------------------------------------------------------------------------------------------------------+


+---------------------------------------------------------------------------------------------------------------------------------------------------------------------------------------------------------------+
; Port Connectivity Checks: "switchesHex:s1|sevenSegNum:V2"                                                                                                                                                     ;
+-------+-------+----------+------------------------------------------------------------------------------------------------------------------------------------------------------------------------------------+
; Port  ; Type  ; Severity ; Details                                                                                                                                                                            ;
+-------+-------+----------+------------------------------------------------------------------------------------------------------------------------------------------------------------------------------------+
; a1[3] ; Input ; Info     ; Stuck at VCC                                                                                                                                                                       ;
; a1[2] ; Input ; Info     ; Stuck at GND                                                                                                                                                                       ;
; a1[1] ; Input ; Info     ; Stuck at VCC                                                                                                                                                                       ;
; a1[0] ; Input ; Info     ; Stuck at GND                                                                                                                                                                       ;
; a2[3] ; Input ; Info     ; Stuck at VCC                                                                                                                                                                       ;
; a2[2] ; Input ; Info     ; Stuck at GND                                                                                                                                                                       ;
; a2[1] ; Input ; Info     ; Stuck at VCC                                                                                                                                                                       ;
; a2[0] ; Input ; Info     ; Stuck at GND                                                                                                                                                                       ;
; b     ; Input ; Warning  ; Input port expression (32 bits) is wider than the input port (1 bits) it drives.  The 31 most-significant bit(s) in the expression will be dangling if they have no other fanouts. ;
; b[-1] ; Input ; Info     ; Stuck at VCC                                                                                                                                                                       ;
+-------+-------+----------+------------------------------------------------------------------------------------------------------------------------------------------------------------------------------------+


+-----------------------------------------------------------+
; Port Connectivity Checks: "switchesHex:s1|sevenSegNum:V3" ;
+-------+-------+----------+--------------------------------+
; Port  ; Type  ; Severity ; Details                        ;
+-------+-------+----------+--------------------------------+
; a1[3] ; Input ; Info     ; Stuck at VCC                   ;
; a1[1] ; Input ; Info     ; Stuck at VCC                   ;
; a2[3] ; Input ; Info     ; Stuck at VCC                   ;
; a2[2] ; Input ; Info     ; Stuck at GND                   ;
; a2[1] ; Input ; Info     ; Stuck at VCC                   ;
; a2[0] ; Input ; Info     ; Stuck at GND                   ;
; b     ; Input ; Info     ; Stuck at VCC                   ;
+-------+-------+----------+--------------------------------+


+---------------------------------------------------------------------------------------------------------------------------------------------------------------------------------------------------------------+
; Port Connectivity Checks: "switchesHex:s1|sevenSegNum:V4"                                                                                                                                                     ;
+-------+-------+----------+------------------------------------------------------------------------------------------------------------------------------------------------------------------------------------+
; Port  ; Type  ; Severity ; Details                                                                                                                                                                            ;
+-------+-------+----------+------------------------------------------------------------------------------------------------------------------------------------------------------------------------------------+
; a1[3] ; Input ; Info     ; Stuck at VCC                                                                                                                                                                       ;
; a1[2] ; Input ; Info     ; Stuck at GND                                                                                                                                                                       ;
; a1[1] ; Input ; Info     ; Stuck at VCC                                                                                                                                                                       ;
; a1[0] ; Input ; Info     ; Stuck at GND                                                                                                                                                                       ;
; a2[3] ; Input ; Info     ; Stuck at VCC                                                                                                                                                                       ;
; a2[2] ; Input ; Info     ; Stuck at GND                                                                                                                                                                       ;
; a2[1] ; Input ; Info     ; Stuck at VCC                                                                                                                                                                       ;
; a2[0] ; Input ; Info     ; Stuck at GND                                                                                                                                                                       ;
; b     ; Input ; Warning  ; Input port expression (32 bits) is wider than the input port (1 bits) it drives.  The 31 most-significant bit(s) in the expression will be dangling if they have no other fanouts. ;
; b[-1] ; Input ; Info     ; Stuck at VCC                                                                                                                                                                       ;
+-------+-------+----------+------------------------------------------------------------------------------------------------------------------------------------------------------------------------------------+


+---------------------------------------------------------------------------------------------------------------------------------------------------------------------------------------------------------------+
; Port Connectivity Checks: "switchesHex:s1|sevenSeg:V5"                                                                                                                                                        ;
+-------+-------+----------+------------------------------------------------------------------------------------------------------------------------------------------------------------------------------------+
; Port  ; Type  ; Severity ; Details                                                                                                                                                                            ;
+-------+-------+----------+------------------------------------------------------------------------------------------------------------------------------------------------------------------------------------+
; a2[3] ; Input ; Info     ; Stuck at VCC                                                                                                                                                                       ;
; a2[2] ; Input ; Info     ; Stuck at GND                                                                                                                                                                       ;
; a2[1] ; Input ; Info     ; Stuck at VCC                                                                                                                                                                       ;
; a2[0] ; Input ; Info     ; Stuck at GND                                                                                                                                                                       ;
; b     ; Input ; Warning  ; Input port expression (32 bits) is wider than the input port (1 bits) it drives.  The 31 most-significant bit(s) in the expression will be dangling if they have no other fanouts. ;
; b[-1] ; Input ; Info     ; Stuck at VCC                                                                                                                                                                       ;
+-------+-------+----------+------------------------------------------------------------------------------------------------------------------------------------------------------------------------------------+


+----------------------------------------------+
; Port Connectivity Checks: "birthday:b0"      ;
+------------+-------+----------+--------------+
; Port       ; Type  ; Severity ; Details      ;
+------------+-------+----------+--------------+
; a1[18..16] ; Input ; Info     ; Stuck at VCC ;
; a1[23..19] ; Input ; Info     ; Stuck at GND ;
; a1[15..13] ; Input ; Info     ; Stuck at GND ;
; a1[11..10] ; Input ; Info     ; Stuck at GND ;
; a1[8..1]   ; Input ; Info     ; Stuck at GND ;
; a1[12]     ; Input ; Info     ; Stuck at VCC ;
; a1[9]      ; Input ; Info     ; Stuck at VCC ;
; a1[0]      ; Input ; Info     ; Stuck at VCC ;
; a2[8..7]   ; Input ; Info     ; Stuck at VCC ;
; a2[2..0]   ; Input ; Info     ; Stuck at VCC ;
; a2[23..21] ; Input ; Info     ; Stuck at GND ;
; a2[19..18] ; Input ; Info     ; Stuck at GND ;
; a2[16..12] ; Input ; Info     ; Stuck at GND ;
; a2[10..9]  ; Input ; Info     ; Stuck at GND ;
; a2[6..5]   ; Input ; Info     ; Stuck at GND ;
; a2[20]     ; Input ; Info     ; Stuck at VCC ;
; a2[17]     ; Input ; Info     ; Stuck at VCC ;
; a2[11]     ; Input ; Info     ; Stuck at VCC ;
; a2[4]      ; Input ; Info     ; Stuck at VCC ;
; a2[3]      ; Input ; Info     ; Stuck at GND ;
+------------+-------+----------+--------------+


+-----------------------------------------------------+
; Post-Synthesis Netlist Statistics for Top Partition ;
+-----------------------+-----------------------------+
; Type                  ; Count                       ;
+-----------------------+-----------------------------+
; boundary_port         ; 70                          ;
; cycloneiii_lcell_comb ; 58                          ;
;     normal            ; 58                          ;
;         0 data inputs ; 2                           ;
;         1 data inputs ; 6                           ;
;         2 data inputs ; 9                           ;
;         3 data inputs ; 18                          ;
;         4 data inputs ; 23                          ;
;                       ;                             ;
; Max LUT depth         ; 4.00                        ;
; Average LUT depth     ; 2.51                        ;
+-----------------------+-----------------------------+


+-------------------------------+
; Elapsed Time Per Partition    ;
+----------------+--------------+
; Partition Name ; Elapsed Time ;
+----------------+--------------+
; Top            ; 00:00:02     ;
+----------------+--------------+


+-------------------------------+
; Analysis & Synthesis Messages ;
+-------------------------------+
Info: *******************************************************************
Info: Running Quartus Prime Analysis & Synthesis
    Info: Version 20.1.0 Build 711 06/05/2020 SJ Lite Edition
    Info: Processing started: Fri Oct 16 19:04:52 2020
Info: Command: quartus_map --read_settings_files=on --write_settings_files=off proj1 -c proj1
Warning (18236): Number of processors has not been specified which may cause overloading on shared machines.  Set the global assignment NUM_PARALLEL_PROCESSORS in your QSF to an appropriate value for best performance.
Info (20030): Parallel compilation is enabled and will use 16 of the 16 processors detected
Info (12021): Found 1 design units, including 1 entities, in source file sevensegnum.v
    Info (12023): Found entity 1: sevenSegNum File: E:/SpookyHax/Digital Logic Class/Project 1/sevenSegNum.v Line: 1
Info (12021): Found 1 design units, including 1 entities, in source file switcheshex.v
    Info (12023): Found entity 1: switchesHex File: E:/SpookyHax/Digital Logic Class/Project 1/switchesHex.v Line: 1
Warning (12125): Using design file proj1.v, which is not specified as a design file for the current project, but contains definitions for 1 design units and 1 entities in project
    Info (12023): Found entity 1: proj1 File: E:/SpookyHax/Digital Logic Class/Project 1/proj1.v Line: 1
Info (12127): Elaborating entity "proj1" for the top level hierarchy
Warning (12125): Using design file birthday.v, which is not specified as a design file for the current project, but contains definitions for 1 design units and 1 entities in project
    Info (12023): Found entity 1: birthday File: E:/SpookyHax/Digital Logic Class/Project 1/birthday.v Line: 1
Info (12128): Elaborating entity "birthday" for hierarchy "birthday:b0" File: E:/SpookyHax/Digital Logic Class/Project 1/proj1.v Line: 27
Warning (12125): Using design file sevenseg.v, which is not specified as a design file for the current project, but contains definitions for 1 design units and 1 entities in project
    Info (12023): Found entity 1: sevenSeg File: E:/SpookyHax/Digital Logic Class/Project 1/sevenseg.v Line: 1
Info (12128): Elaborating entity "sevenSeg" for hierarchy "birthday:b0|sevenSeg:U0" File: E:/SpookyHax/Digital Logic Class/Project 1/birthday.v Line: 7
Warning (12125): Using design file switches.v, which is not specified as a design file for the current project, but contains definitions for 1 design units and 1 entities in project
    Info (12023): Found entity 1: switches File: E:/SpookyHax/Digital Logic Class/Project 1/switches.v Line: 1
Info (12128): Elaborating entity "switches" for hierarchy "switches:s0" File: E:/SpookyHax/Digital Logic Class/Project 1/proj1.v Line: 28
Info (12128): Elaborating entity "switchesHex" for hierarchy "switchesHex:s1" File: E:/SpookyHax/Digital Logic Class/Project 1/proj1.v Line: 30
Info (12128): Elaborating entity "sevenSegNum" for hierarchy "switchesHex:s1|sevenSegNum:V4" File: E:/SpookyHax/Digital Logic Class/Project 1/switchesHex.v Line: 9
Warning (12241): 5 hierarchies have connectivity warnings - see the Connectivity Checks report folder
Warning (13024): Output pins are stuck at VCC or GND
    Warning (13410): Pin "HEX0[3]" is stuck at VCC File: E:/SpookyHax/Digital Logic Class/Project 1/proj1.v Line: 4
    Warning (13410): Pin "HEX0[4]" is stuck at VCC File: E:/SpookyHax/Digital Logic Class/Project 1/proj1.v Line: 4
    Warning (13410): Pin "HEX0[5]" is stuck at VCC File: E:/SpookyHax/Digital Logic Class/Project 1/proj1.v Line: 4
    Warning (13410): Pin "HEX0[6]" is stuck at VCC File: E:/SpookyHax/Digital Logic Class/Project 1/proj1.v Line: 4
    Warning (13410): Pin "HEX0[7]" is stuck at VCC File: E:/SpookyHax/Digital Logic Class/Project 1/proj1.v Line: 4
    Warning (13410): Pin "HEX1[7]" is stuck at VCC File: E:/SpookyHax/Digital Logic Class/Project 1/proj1.v Line: 4
    Warning (13410): Pin "HEX2[7]" is stuck at VCC File: E:/SpookyHax/Digital Logic Class/Project 1/proj1.v Line: 4
    Warning (13410): Pin "HEX3[7]" is stuck at VCC File: E:/SpookyHax/Digital Logic Class/Project 1/proj1.v Line: 4
    Warning (13410): Pin "HEX4[5]" is stuck at VCC File: E:/SpookyHax/Digital Logic Class/Project 1/proj1.v Line: 4
    Warning (13410): Pin "HEX4[7]" is stuck at VCC File: E:/SpookyHax/Digital Logic Class/Project 1/proj1.v Line: 4
    Warning (13410): Pin "HEX5[7]" is stuck at VCC File: E:/SpookyHax/Digital Logic Class/Project 1/proj1.v Line: 4
    Warning (13410): Pin "LEDR[8]" is stuck at GND File: E:/SpookyHax/Digital Logic Class/Project 1/proj1.v Line: 6
    Warning (13410): Pin "LEDR[9]" is stuck at GND File: E:/SpookyHax/Digital Logic Class/Project 1/proj1.v Line: 6
Info (286030): Timing-Driven Synthesis is running
Info (16010): Generating hard_block partition "hard_block:auto_generated_inst"
    Info (16011): Adding 0 node(s), including 0 DDIO, 0 PLL, 0 transceiver and 0 LCELL
Warning (21074): Design contains 1 input pin(s) that do not drive logic
    Warning (15610): No output dependent on input pin "SW[8]" File: E:/SpookyHax/Digital Logic Class/Project 1/proj1.v Line: 3
Info (21057): Implemented 120 device resources after synthesis - the final resource count might be different
    Info (21058): Implemented 12 input pins
    Info (21059): Implemented 58 output pins
    Info (21061): Implemented 50 logic cells
Info: Quartus Prime Analysis & Synthesis was successful. 0 errors, 22 warnings
    Info: Peak virtual memory: 4766 megabytes
    Info: Processing ended: Fri Oct 16 19:05:06 2020
    Info: Elapsed time: 00:00:14
    Info: Total CPU time (on all processors): 00:00:24


