#! /mingw64/bin/vvp
:ivl_version "10.3 (stable)" "(v10_3-42-gb9885430)";
:ivl_delay_selection "TYPICAL";
:vpi_time_precision - 10;
:vpi_module "system";
:vpi_module "vhdl_sys";
:vpi_module "v2005_math";
:vpi_module "va_math";
S_0000000004469d00 .scope module, "tb_p3" "tb_p3" 2 2;
 .timescale -9 -10;
v0000000004469690_0 .var "m", 7 0;
v0000000004469730_0 .var "n", 7 0;
v0000000004469190_0 .net "p", 0 0, L_000000000446b8b0;  1 drivers
S_0000000004466170 .scope module, "U0" "Problem3" 2 8, 3 1 0, S_0000000004469d00;
 .timescale -9 -10;
    .port_info 0 /INPUT 8 "a"
    .port_info 1 /INPUT 8 "b"
    .port_info 2 /OUTPUT 1 "x"
L_0000000004469e80 .functor OR 1, L_0000000004469870, L_0000000004468bf0, C4<0>, C4<0>;
L_000000000446b840 .functor OR 1, L_0000000004469e80, L_00000000044690f0, C4<0>, C4<0>;
L_000000000446b8b0 .functor XOR 1, L_000000000446b840, L_0000000004468dd0, C4<0>, C4<0>;
v0000000004468ab0_0 .net *"_s1", 0 0, L_0000000004469870;  1 drivers
v0000000004468d30_0 .net *"_s11", 0 0, L_0000000004468dd0;  1 drivers
v0000000004469410_0 .net *"_s3", 0 0, L_0000000004468bf0;  1 drivers
v0000000004469050_0 .net *"_s4", 0 0, L_0000000004469e80;  1 drivers
v00000000044694b0_0 .net *"_s7", 0 0, L_00000000044690f0;  1 drivers
v0000000004468a10_0 .net *"_s8", 0 0, L_000000000446b840;  1 drivers
v0000000004468c90_0 .net "a", 7 0, v0000000004469690_0;  1 drivers
v00000000044697d0_0 .net "b", 7 0, v0000000004469730_0;  1 drivers
v0000000004468e70_0 .net "x", 0 0, L_000000000446b8b0;  alias, 1 drivers
L_0000000004469870 .part v0000000004469690_0, 6, 1;
L_0000000004468bf0 .part v0000000004469730_0, 5, 1;
L_00000000044690f0 .part v0000000004469690_0, 0, 1;
L_0000000004468dd0 .part v0000000004469730_0, 0, 1;
    .scope S_0000000004469d00;
T_0 ;
    %pushi/vec4 165, 0, 8;
    %store/vec4 v0000000004469690_0, 0, 8;
    %pushi/vec4 85, 0, 8;
    %store/vec4 v0000000004469730_0, 0, 8;
    %end;
    .thread T_0;
    .scope S_0000000004469d00;
T_1 ;
    %delay 10, 0;
	  %vpi_call 2 13 "$monitor", "x = %b\012", v0000000004469190_0 {0 0 0};
    %end;
    .thread T_1;
# The file index is used to find the file name in the following table.
:file_names 4;
    "N/A";
    "<interactive>";
    "tb_p3.v";
    "Problem3.v";
