Analysis & Synthesis report for proj3
Sun Jan 17 04:42:00 2021
Quartus Prime Version 20.1.0 Build 711 06/05/2020 SJ Lite Edition


---------------------
; Table of Contents ;
---------------------
  1. Legal Notice
  2. Analysis & Synthesis Summary
  3. Analysis & Synthesis Settings
  4. Parallel Compilation
  5. Analysis & Synthesis Source Files Read
  6. Analysis & Synthesis Resource Usage Summary
  7. Analysis & Synthesis Resource Utilization by Entity
  8. Analysis & Synthesis RAM Summary
  9. Analysis & Synthesis IP Cores Summary
 10. General Register Statistics
 11. Multiplexer Restructuring Statistics (Restructuring Performed)
 12. Source assignments for proj3Mem:m0|altsyncram:altsyncram_component|altsyncram_ab91:auto_generated
 13. Parameter Settings for User Entity Instance: Top-level Entity: |proj3
 14. Parameter Settings for User Entity Instance: clk_divider:cd0
 15. Parameter Settings for User Entity Instance: clk_divider:cd1
 16. Parameter Settings for User Entity Instance: clk_divider:cd2
 17. Parameter Settings for User Entity Instance: proj3Mem:m0|altsyncram:altsyncram_component
 18. altsyncram Parameter Settings by Entity Instance
 19. Post-Synthesis Netlist Statistics for Top Partition
 20. Elapsed Time Per Partition
 21. Analysis & Synthesis Messages



----------------
; Legal Notice ;
----------------
Copyright (C) 2020  Intel Corporation. All rights reserved.
Your use of Intel Corporation's design tools, logic functions 
and other software and tools, and any partner logic 
functions, and any output files from any of the foregoing 
(including device programming or simulation files), and any 
associated documentation or information are expressly subject 
to the terms and conditions of the Intel Program License 
Subscription Agreement, the Intel Quartus Prime License Agreement,
the Intel FPGA IP License Agreement, or other applicable license
agreement, including, without limitation, that your use is for
the sole purpose of programming logic devices manufactured by
Intel and sold by Intel or its authorized distributors.  Please
refer to the applicable agreement for further details, at
https://fpgasoftware.intel.com/eula.



+----------------------------------------------------------------------------------+
; Analysis & Synthesis Summary                                                     ;
+------------------------------------+---------------------------------------------+
; Analysis & Synthesis Status        ; Successful - Sun Jan 17 04:42:00 2021       ;
; Quartus Prime Version              ; 20.1.0 Build 711 06/05/2020 SJ Lite Edition ;
; Revision Name                      ; proj3                                       ;
; Top-level Entity Name              ; proj3                                       ;
; Family                             ; MAX 10                                      ;
; Total logic elements               ; 195                                         ;
;     Total combinational functions  ; 194                                         ;
;     Dedicated logic registers      ; 109                                         ;
; Total registers                    ; 109                                         ;
; Total pins                         ; 71                                          ;
; Total virtual pins                 ; 0                                           ;
; Total memory bits                  ; 32                                          ;
; Embedded Multiplier 9-bit elements ; 0                                           ;
; Total PLLs                         ; 0                                           ;
; UFM blocks                         ; 0                                           ;
; ADC blocks                         ; 0                                           ;
+------------------------------------+---------------------------------------------+


+------------------------------------------------------------------------------------------------------------+
; Analysis & Synthesis Settings                                                                              ;
+------------------------------------------------------------------+--------------------+--------------------+
; Option                                                           ; Setting            ; Default Value      ;
+------------------------------------------------------------------+--------------------+--------------------+
; Device                                                           ; 10M50DAF484C6GES   ;                    ;
; Top-level entity name                                            ; proj3              ; proj3              ;
; Family name                                                      ; MAX 10             ; Cyclone V          ;
; Use smart compilation                                            ; Off                ; Off                ;
; Enable parallel Assembler and Timing Analyzer during compilation ; On                 ; On                 ;
; Enable compact report table                                      ; Off                ; Off                ;
; Restructure Multiplexers                                         ; Auto               ; Auto               ;
; Create Debugging Nodes for IP Cores                              ; Off                ; Off                ;
; Preserve fewer node names                                        ; On                 ; On                 ;
; Intel FPGA IP Evaluation Mode                                    ; Enable             ; Enable             ;
; Verilog Version                                                  ; Verilog_2001       ; Verilog_2001       ;
; VHDL Version                                                     ; VHDL_1993          ; VHDL_1993          ;
; State Machine Processing                                         ; Auto               ; Auto               ;
; Safe State Machine                                               ; Off                ; Off                ;
; Extract Verilog State Machines                                   ; On                 ; On                 ;
; Extract VHDL State Machines                                      ; On                 ; On                 ;
; Ignore Verilog initial constructs                                ; Off                ; Off                ;
; Iteration limit for constant Verilog loops                       ; 5000               ; 5000               ;
; Iteration limit for non-constant Verilog loops                   ; 250                ; 250                ;
; Add Pass-Through Logic to Inferred RAMs                          ; On                 ; On                 ;
; Infer RAMs from Raw Logic                                        ; On                 ; On                 ;
; Parallel Synthesis                                               ; On                 ; On                 ;
; DSP Block Balancing                                              ; Auto               ; Auto               ;
; NOT Gate Push-Back                                               ; On                 ; On                 ;
; Power-Up Don't Care                                              ; On                 ; On                 ;
; Remove Redundant Logic Cells                                     ; Off                ; Off                ;
; Remove Duplicate Registers                                       ; On                 ; On                 ;
; Ignore CARRY Buffers                                             ; Off                ; Off                ;
; Ignore CASCADE Buffers                                           ; Off                ; Off                ;
; Ignore GLOBAL Buffers                                            ; Off                ; Off                ;
; Ignore ROW GLOBAL Buffers                                        ; Off                ; Off                ;
; Ignore LCELL Buffers                                             ; Off                ; Off                ;
; Ignore SOFT Buffers                                              ; On                 ; On                 ;
; Limit AHDL Integers to 32 Bits                                   ; Off                ; Off                ;
; Optimization Technique                                           ; Balanced           ; Balanced           ;
; Carry Chain Length                                               ; 70                 ; 70                 ;
; Auto Carry Chains                                                ; On                 ; On                 ;
; Auto Open-Drain Pins                                             ; On                 ; On                 ;
; Perform WYSIWYG Primitive Resynthesis                            ; Off                ; Off                ;
; Auto ROM Replacement                                             ; On                 ; On                 ;
; Auto RAM Replacement                                             ; On                 ; On                 ;
; Auto DSP Block Replacement                                       ; On                 ; On                 ;
; Auto Shift Register Replacement                                  ; Auto               ; Auto               ;
; Allow Shift Register Merging across Hierarchies                  ; Auto               ; Auto               ;
; Auto Clock Enable Replacement                                    ; On                 ; On                 ;
; Strict RAM Replacement                                           ; Off                ; Off                ;
; Allow Synchronous Control Signals                                ; On                 ; On                 ;
; Force Use of Synchronous Clear Signals                           ; Off                ; Off                ;
; Auto RAM Block Balancing                                         ; On                 ; On                 ;
; Auto RAM to Logic Cell Conversion                                ; Off                ; Off                ;
; Auto Resource Sharing                                            ; Off                ; Off                ;
; Allow Any RAM Size For Recognition                               ; Off                ; Off                ;
; Allow Any ROM Size For Recognition                               ; Off                ; Off                ;
; Allow Any Shift Register Size For Recognition                    ; Off                ; Off                ;
; Use LogicLock Constraints during Resource Balancing              ; On                 ; On                 ;
; Ignore translate_off and synthesis_off directives                ; Off                ; Off                ;
; Timing-Driven Synthesis                                          ; On                 ; On                 ;
; Report Parameter Settings                                        ; On                 ; On                 ;
; Report Source Assignments                                        ; On                 ; On                 ;
; Report Connectivity Checks                                       ; On                 ; On                 ;
; Ignore Maximum Fan-Out Assignments                               ; Off                ; Off                ;
; Synchronization Register Chain Length                            ; 2                  ; 2                  ;
; Power Optimization During Synthesis                              ; Normal compilation ; Normal compilation ;
; HDL message level                                                ; Level2             ; Level2             ;
; Suppress Register Optimization Related Messages                  ; Off                ; Off                ;
; Number of Removed Registers Reported in Synthesis Report         ; 5000               ; 5000               ;
; Number of Swept Nodes Reported in Synthesis Report               ; 5000               ; 5000               ;
; Number of Inverted Registers Reported in Synthesis Report        ; 100                ; 100                ;
; Clock MUX Protection                                             ; On                 ; On                 ;
; Auto Gated Clock Conversion                                      ; Off                ; Off                ;
; Block Design Naming                                              ; Auto               ; Auto               ;
; SDC constraint protection                                        ; Off                ; Off                ;
; Synthesis Effort                                                 ; Auto               ; Auto               ;
; Shift Register Replacement - Allow Asynchronous Clear Signal     ; On                 ; On                 ;
; Pre-Mapping Resynthesis Optimization                             ; Off                ; Off                ;
; Analysis & Synthesis Message Level                               ; Medium             ; Medium             ;
; Disable Register Merging Across Hierarchies                      ; Auto               ; Auto               ;
; Resource Aware Inference For Block RAM                           ; On                 ; On                 ;
+------------------------------------------------------------------+--------------------+--------------------+


+------------------------------------------+
; Parallel Compilation                     ;
+----------------------------+-------------+
; Processors                 ; Number      ;
+----------------------------+-------------+
; Number detected on machine ; 16          ;
; Maximum allowed            ; 16          ;
;                            ;             ;
; Average used               ; 1.00        ;
; Maximum used               ; 16          ;
;                            ;             ;
; Usage by Processor         ; % Time Used ;
;     Processor 1            ; 100.0%      ;
;     Processor 2            ;   0.0%      ;
;     Processors 3-16        ;   0.0%      ;
+----------------------------+-------------+


+--------------------------------------------------------------------------------------------------------------------------------------------------------------------------------+
; Analysis & Synthesis Source Files Read                                                                                                                                         ;
+----------------------------------+-----------------+----------------------------------------+------------------------------------------------------------------------+---------+
; File Name with User-Entered Path ; Used in Netlist ; File Type                              ; File Name with Absolute Path                                           ; Library ;
+----------------------------------+-----------------+----------------------------------------+------------------------------------------------------------------------+---------+
; stateProcessor.v                 ; yes             ; User Verilog HDL File                  ; E:/SpookyHax/Digital Logic Class/Project 3/stateProcessor.v            ;         ;
; stateDecider.v                   ; yes             ; User Verilog HDL File                  ; E:/SpookyHax/Digital Logic Class/Project 3/stateDecider.v              ;         ;
; sevenSeg.v                       ; yes             ; User Verilog HDL File                  ; E:/SpookyHax/Digital Logic Class/Project 3/sevenSeg.v                  ;         ;
; proj3.v                          ; yes             ; User Verilog HDL File                  ; E:/SpookyHax/Digital Logic Class/Project 3/proj3.v                     ;         ;
; clk_divider.v                    ; yes             ; User Verilog HDL File                  ; E:/SpookyHax/Digital Logic Class/Project 3/clk_divider.v               ;         ;
; proj3Mem.v                       ; yes             ; User Wizard-Generated File             ; E:/SpookyHax/Digital Logic Class/Project 3/proj3Mem.v                  ;         ;
; params.vh                        ; yes             ; Auto-Found Unspecified File            ; E:/SpookyHax/Digital Logic Class/Project 3/params.vh                   ;         ;
; altsyncram.tdf                   ; yes             ; Megafunction                           ; e:/games/quartus/quartus/libraries/megafunctions/altsyncram.tdf        ;         ;
; stratix_ram_block.inc            ; yes             ; Megafunction                           ; e:/games/quartus/quartus/libraries/megafunctions/stratix_ram_block.inc ;         ;
; lpm_mux.inc                      ; yes             ; Megafunction                           ; e:/games/quartus/quartus/libraries/megafunctions/lpm_mux.inc           ;         ;
; lpm_decode.inc                   ; yes             ; Megafunction                           ; e:/games/quartus/quartus/libraries/megafunctions/lpm_decode.inc        ;         ;
; aglobal201.inc                   ; yes             ; Megafunction                           ; e:/games/quartus/quartus/libraries/megafunctions/aglobal201.inc        ;         ;
; a_rdenreg.inc                    ; yes             ; Megafunction                           ; e:/games/quartus/quartus/libraries/megafunctions/a_rdenreg.inc         ;         ;
; altrom.inc                       ; yes             ; Megafunction                           ; e:/games/quartus/quartus/libraries/megafunctions/altrom.inc            ;         ;
; altram.inc                       ; yes             ; Megafunction                           ; e:/games/quartus/quartus/libraries/megafunctions/altram.inc            ;         ;
; altdpram.inc                     ; yes             ; Megafunction                           ; e:/games/quartus/quartus/libraries/megafunctions/altdpram.inc          ;         ;
; db/altsyncram_ab91.tdf           ; yes             ; Auto-Generated Megafunction            ; E:/SpookyHax/Digital Logic Class/Project 3/db/altsyncram_ab91.tdf      ;         ;
; proj3mem.mif                     ; yes             ; Auto-Found Memory Initialization File  ; E:/SpookyHax/Digital Logic Class/Project 3/proj3mem.mif                ;         ;
; addressfinder.v                  ; yes             ; Auto-Found Verilog HDL File            ; E:/SpookyHax/Digital Logic Class/Project 3/addressfinder.v             ;         ;
+----------------------------------+-----------------+----------------------------------------+------------------------------------------------------------------------+---------+


+------------------------------------------------------------+
; Analysis & Synthesis Resource Usage Summary                ;
+---------------------------------------------+--------------+
; Resource                                    ; Usage        ;
+---------------------------------------------+--------------+
; Estimated Total logic elements              ; 195          ;
;                                             ;              ;
; Total combinational functions               ; 194          ;
; Logic element usage by number of LUT inputs ;              ;
;     -- 4 input functions                    ; 49           ;
;     -- 3 input functions                    ; 40           ;
;     -- <=2 input functions                  ; 105          ;
;                                             ;              ;
; Logic elements by mode                      ;              ;
;     -- normal mode                          ; 101          ;
;     -- arithmetic mode                      ; 93           ;
;                                             ;              ;
; Total registers                             ; 109          ;
;     -- Dedicated logic registers            ; 109          ;
;     -- I/O registers                        ; 0            ;
;                                             ;              ;
; I/O pins                                    ; 71           ;
; Total memory bits                           ; 32           ;
;                                             ;              ;
; Embedded Multiplier 9-bit elements          ; 0            ;
;                                             ;              ;
; Maximum fan-out node                        ; KEY[0]~input ;
; Maximum fan-out                             ; 109          ;
; Total fan-out                               ; 948          ;
; Average fan-out                             ; 2.11         ;
+---------------------------------------------+--------------+


+---------------------------------------------------------------------------------------------------------------------------------------------------------------------------------------------------------------------------------------------------------------------------------------------------------------------+
; Analysis & Synthesis Resource Utilization by Entity                                                                                                                                                                                                                                                                 ;
+-------------------------------------------+---------------------+---------------------------+-------------+------------+--------------+---------+-----------+------+--------------+------------+-----------------------------------------------------------------------------------+-----------------+--------------+
; Compilation Hierarchy Node                ; Combinational ALUTs ; Dedicated Logic Registers ; Memory Bits ; UFM Blocks ; DSP Elements ; DSP 9x9 ; DSP 18x18 ; Pins ; Virtual Pins ; ADC blocks ; Full Hierarchy Name                                                               ; Entity Name     ; Library Name ;
+-------------------------------------------+---------------------+---------------------------+-------------+------------+--------------+---------+-----------+------+--------------+------------+-----------------------------------------------------------------------------------+-----------------+--------------+
; |proj3                                    ; 194 (4)             ; 109 (0)                   ; 32          ; 0          ; 0            ; 0       ; 0         ; 71   ; 0            ; 0          ; |proj3                                                                            ; proj3           ; work         ;
;    |addressFinder:af0|                    ; 3 (3)               ; 3 (3)                     ; 0           ; 0          ; 0            ; 0       ; 0         ; 0    ; 0            ; 0          ; |proj3|addressFinder:af0                                                          ; addressFinder   ; work         ;
;    |clk_divider:cd0|                      ; 52 (52)             ; 33 (33)                   ; 0           ; 0          ; 0            ; 0       ; 0         ; 0    ; 0            ; 0          ; |proj3|clk_divider:cd0                                                            ; clk_divider     ; work         ;
;    |clk_divider:cd1|                      ; 56 (56)             ; 33 (33)                   ; 0           ; 0          ; 0            ; 0       ; 0         ; 0    ; 0            ; 0          ; |proj3|clk_divider:cd1                                                            ; clk_divider     ; work         ;
;    |clk_divider:cd2|                      ; 52 (52)             ; 33 (33)                   ; 0           ; 0          ; 0            ; 0       ; 0         ; 0    ; 0            ; 0          ; |proj3|clk_divider:cd2                                                            ; clk_divider     ; work         ;
;    |proj3Mem:m0|                          ; 0 (0)               ; 0 (0)                     ; 32          ; 0          ; 0            ; 0       ; 0         ; 0    ; 0            ; 0          ; |proj3|proj3Mem:m0                                                                ; proj3Mem        ; work         ;
;       |altsyncram:altsyncram_component|   ; 0 (0)               ; 0 (0)                     ; 32          ; 0          ; 0            ; 0       ; 0         ; 0    ; 0            ; 0          ; |proj3|proj3Mem:m0|altsyncram:altsyncram_component                                ; altsyncram      ; work         ;
;          |altsyncram_ab91:auto_generated| ; 0 (0)               ; 0 (0)                     ; 32          ; 0          ; 0            ; 0       ; 0         ; 0    ; 0            ; 0          ; |proj3|proj3Mem:m0|altsyncram:altsyncram_component|altsyncram_ab91:auto_generated ; altsyncram_ab91 ; work         ;
;    |sevenSeg:ss0|                         ; 7 (7)               ; 0 (0)                     ; 0           ; 0          ; 0            ; 0       ; 0         ; 0    ; 0            ; 0          ; |proj3|sevenSeg:ss0                                                               ; sevenSeg        ; work         ;
;    |stateDecider:sd0|                     ; 3 (3)               ; 4 (4)                     ; 0           ; 0          ; 0            ; 0       ; 0         ; 0    ; 0            ; 0          ; |proj3|stateDecider:sd0                                                           ; stateDecider    ; work         ;
;    |stateProcessor:sp0|                   ; 17 (17)             ; 3 (3)                     ; 0           ; 0          ; 0            ; 0       ; 0         ; 0    ; 0            ; 0          ; |proj3|stateProcessor:sp0                                                         ; stateProcessor  ; work         ;
+-------------------------------------------+---------------------+---------------------------+-------------+------------+--------------+---------+-----------+------+--------------+------------+-----------------------------------------------------------------------------------+-----------------+--------------+
Note: For table entries with two numbers listed, the numbers in parentheses indicate the number of resources of the given type used by the specific entity alone. The numbers listed outside of parentheses indicate the total resources of the given type used by the specific entity and all of its sub-entities in the hierarchy.


+---------------------------------------------------------------------------------------------------------------------------------------------------------------------------------------+
; Analysis & Synthesis RAM Summary                                                                                                                                                      ;
+---------------------------------------------------------------------------------------+------+------+--------------+--------------+--------------+--------------+------+--------------+
; Name                                                                                  ; Type ; Mode ; Port A Depth ; Port A Width ; Port B Depth ; Port B Width ; Size ; MIF          ;
+---------------------------------------------------------------------------------------+------+------+--------------+--------------+--------------+--------------+------+--------------+
; proj3Mem:m0|altsyncram:altsyncram_component|altsyncram_ab91:auto_generated|ALTSYNCRAM ; AUTO ; ROM  ; 8            ; 4            ; --           ; --           ; 32   ; proj3Mem.mif ;
+---------------------------------------------------------------------------------------+------+------+--------------+--------------+--------------+--------------+------+--------------+


+------------------------------------------------------------------------------------------------------+
; Analysis & Synthesis IP Cores Summary                                                                ;
+--------+--------------+---------+--------------+--------------+--------------------+-----------------+
; Vendor ; IP Core Name ; Version ; Release Date ; License Type ; Entity Instance    ; IP Include File ;
+--------+--------------+---------+--------------+--------------+--------------------+-----------------+
; Altera ; ROM: 1-PORT  ; 20.1    ; N/A          ; N/A          ; |proj3|proj3Mem:m0 ; proj3Mem.v      ;
+--------+--------------+---------+--------------+--------------+--------------------+-----------------+


+------------------------------------------------------+
; General Register Statistics                          ;
+----------------------------------------------+-------+
; Statistic                                    ; Value ;
+----------------------------------------------+-------+
; Total registers                              ; 109   ;
; Number of registers using Synchronous Clear  ; 0     ;
; Number of registers using Synchronous Load   ; 0     ;
; Number of registers using Asynchronous Clear ; 109   ;
; Number of registers using Asynchronous Load  ; 0     ;
; Number of registers using Clock Enable       ; 0     ;
; Number of registers using Preset             ; 0     ;
+----------------------------------------------+-------+


+-------------------------------------------------------------------------------------------------------------------------------------------------+
; Multiplexer Restructuring Statistics (Restructuring Performed)                                                                                  ;
+--------------------+-----------+---------------+----------------------+------------------------+------------+-----------------------------------+
; Multiplexer Inputs ; Bus Width ; Baseline Area ; Area if Restructured ; Saving if Restructured ; Registered ; Example Multiplexer Output        ;
+--------------------+-----------+---------------+----------------------+------------------------+------------+-----------------------------------+
; 6:1                ; 6 bits    ; 24 LEs        ; 24 LEs               ; 0 LEs                  ; No         ; |proj3|stateProcessor:sp0|leds[2] ;
+--------------------+-----------+---------------+----------------------+------------------------+------------+-----------------------------------+


+---------------------------------------------------------------------------------------------------+
; Source assignments for proj3Mem:m0|altsyncram:altsyncram_component|altsyncram_ab91:auto_generated ;
+---------------------------------+--------------------+------+-------------------------------------+
; Assignment                      ; Value              ; From ; To                                  ;
+---------------------------------+--------------------+------+-------------------------------------+
; OPTIMIZE_POWER_DURING_SYNTHESIS ; NORMAL_COMPILATION ; -    ; -                                   ;
+---------------------------------+--------------------+------+-------------------------------------+


+-----------------------------------------------------------------------+
; Parameter Settings for User Entity Instance: Top-level Entity: |proj3 ;
+----------------+----------------------------------+-------------------+
; Parameter Name ; Value                            ; Type              ;
+----------------+----------------------------------+-------------------+
; timing         ; 00011000011010100000             ; Unsigned Binary   ;
; divider1       ; 00000000001001100010010110100000 ; Unsigned Binary   ;
; divider2       ; 00000001011111010111100001000000 ; Unsigned Binary   ;
; divider3       ; 00000000000100110001001011010000 ; Unsigned Binary   ;
+----------------+----------------------------------+-------------------+
Note: In order to hide this table in the UI and the text report file, please set the "Show Parameter Settings in Synthesis Report" option in "Analysis and Synthesis Settings -> More Settings" to "Off".


+---------------------------------------------------------------------+
; Parameter Settings for User Entity Instance: clk_divider:cd0        ;
+----------------+----------------------------------+-----------------+
; Parameter Name ; Value                            ; Type            ;
+----------------+----------------------------------+-----------------+
; divider        ; 00000000001001100010010110100000 ; Unsigned Binary ;
+----------------+----------------------------------+-----------------+
Note: In order to hide this table in the UI and the text report file, please set the "Show Parameter Settings in Synthesis Report" option in "Analysis and Synthesis Settings -> More Settings" to "Off".


+---------------------------------------------------------------------+
; Parameter Settings for User Entity Instance: clk_divider:cd1        ;
+----------------+----------------------------------+-----------------+
; Parameter Name ; Value                            ; Type            ;
+----------------+----------------------------------+-----------------+
; divider        ; 00000001011111010111100001000000 ; Unsigned Binary ;
+----------------+----------------------------------+-----------------+
Note: In order to hide this table in the UI and the text report file, please set the "Show Parameter Settings in Synthesis Report" option in "Analysis and Synthesis Settings -> More Settings" to "Off".


+---------------------------------------------------------------------+
; Parameter Settings for User Entity Instance: clk_divider:cd2        ;
+----------------+----------------------------------+-----------------+
; Parameter Name ; Value                            ; Type            ;
+----------------+----------------------------------+-----------------+
; divider        ; 00000000000100110001001011010000 ; Unsigned Binary ;
+----------------+----------------------------------+-----------------+
Note: In order to hide this table in the UI and the text report file, please set the "Show Parameter Settings in Synthesis Report" option in "Analysis and Synthesis Settings -> More Settings" to "Off".


+------------------------------------------------------------------------------------------+
; Parameter Settings for User Entity Instance: proj3Mem:m0|altsyncram:altsyncram_component ;
+------------------------------------+----------------------+------------------------------+
; Parameter Name                     ; Value                ; Type                         ;
+------------------------------------+----------------------+------------------------------+
; BYTE_SIZE_BLOCK                    ; 8                    ; Untyped                      ;
; AUTO_CARRY_CHAINS                  ; ON                   ; AUTO_CARRY                   ;
; IGNORE_CARRY_BUFFERS               ; OFF                  ; IGNORE_CARRY                 ;
; AUTO_CASCADE_CHAINS                ; ON                   ; AUTO_CASCADE                 ;
; IGNORE_CASCADE_BUFFERS             ; OFF                  ; IGNORE_CASCADE               ;
; WIDTH_BYTEENA                      ; 1                    ; Untyped                      ;
; OPERATION_MODE                     ; ROM                  ; Untyped                      ;
; WIDTH_A                            ; 4                    ; Signed Integer               ;
; WIDTHAD_A                          ; 3                    ; Signed Integer               ;
; NUMWORDS_A                         ; 8                    ; Signed Integer               ;
; OUTDATA_REG_A                      ; UNREGISTERED         ; Untyped                      ;
; ADDRESS_ACLR_A                     ; NONE                 ; Untyped                      ;
; OUTDATA_ACLR_A                     ; NONE                 ; Untyped                      ;
; WRCONTROL_ACLR_A                   ; NONE                 ; Untyped                      ;
; INDATA_ACLR_A                      ; NONE                 ; Untyped                      ;
; BYTEENA_ACLR_A                     ; NONE                 ; Untyped                      ;
; WIDTH_B                            ; 1                    ; Untyped                      ;
; WIDTHAD_B                          ; 1                    ; Untyped                      ;
; NUMWORDS_B                         ; 1                    ; Untyped                      ;
; INDATA_REG_B                       ; CLOCK1               ; Untyped                      ;
; WRCONTROL_WRADDRESS_REG_B          ; CLOCK1               ; Untyped                      ;
; RDCONTROL_REG_B                    ; CLOCK1               ; Untyped                      ;
; ADDRESS_REG_B                      ; CLOCK1               ; Untyped                      ;
; OUTDATA_REG_B                      ; UNREGISTERED         ; Untyped                      ;
; BYTEENA_REG_B                      ; CLOCK1               ; Untyped                      ;
; INDATA_ACLR_B                      ; NONE                 ; Untyped                      ;
; WRCONTROL_ACLR_B                   ; NONE                 ; Untyped                      ;
; ADDRESS_ACLR_B                     ; NONE                 ; Untyped                      ;
; OUTDATA_ACLR_B                     ; NONE                 ; Untyped                      ;
; RDCONTROL_ACLR_B                   ; NONE                 ; Untyped                      ;
; BYTEENA_ACLR_B                     ; NONE                 ; Untyped                      ;
; WIDTH_BYTEENA_A                    ; 1                    ; Signed Integer               ;
; WIDTH_BYTEENA_B                    ; 1                    ; Untyped                      ;
; RAM_BLOCK_TYPE                     ; AUTO                 ; Untyped                      ;
; BYTE_SIZE                          ; 8                    ; Untyped                      ;
; READ_DURING_WRITE_MODE_MIXED_PORTS ; DONT_CARE            ; Untyped                      ;
; READ_DURING_WRITE_MODE_PORT_A      ; NEW_DATA_NO_NBE_READ ; Untyped                      ;
; READ_DURING_WRITE_MODE_PORT_B      ; NEW_DATA_NO_NBE_READ ; Untyped                      ;
; INIT_FILE                          ; proj3Mem.mif         ; Untyped                      ;
; INIT_FILE_LAYOUT                   ; PORT_A               ; Untyped                      ;
; MAXIMUM_DEPTH                      ; 0                    ; Untyped                      ;
; CLOCK_ENABLE_INPUT_A               ; BYPASS               ; Untyped                      ;
; CLOCK_ENABLE_INPUT_B               ; NORMAL               ; Untyped                      ;
; CLOCK_ENABLE_OUTPUT_A              ; BYPASS               ; Untyped                      ;
; CLOCK_ENABLE_OUTPUT_B              ; NORMAL               ; Untyped                      ;
; CLOCK_ENABLE_CORE_A                ; USE_INPUT_CLKEN      ; Untyped                      ;
; CLOCK_ENABLE_CORE_B                ; USE_INPUT_CLKEN      ; Untyped                      ;
; ENABLE_ECC                         ; FALSE                ; Untyped                      ;
; ECC_PIPELINE_STAGE_ENABLED         ; FALSE                ; Untyped                      ;
; WIDTH_ECCSTATUS                    ; 3                    ; Untyped                      ;
; DEVICE_FAMILY                      ; MAX 10               ; Untyped                      ;
; CBXI_PARAMETER                     ; altsyncram_ab91      ; Untyped                      ;
+------------------------------------+----------------------+------------------------------+
Note: In order to hide this table in the UI and the text report file, please set the "Show Parameter Settings in Synthesis Report" option in "Analysis and Synthesis Settings -> More Settings" to "Off".


+-----------------------------------------------------------------------------------------+
; altsyncram Parameter Settings by Entity Instance                                        ;
+-------------------------------------------+---------------------------------------------+
; Name                                      ; Value                                       ;
+-------------------------------------------+---------------------------------------------+
; Number of entity instances                ; 1                                           ;
; Entity Instance                           ; proj3Mem:m0|altsyncram:altsyncram_component ;
;     -- OPERATION_MODE                     ; ROM                                         ;
;     -- WIDTH_A                            ; 4                                           ;
;     -- NUMWORDS_A                         ; 8                                           ;
;     -- OUTDATA_REG_A                      ; UNREGISTERED                                ;
;     -- WIDTH_B                            ; 1                                           ;
;     -- NUMWORDS_B                         ; 1                                           ;
;     -- ADDRESS_REG_B                      ; CLOCK1                                      ;
;     -- OUTDATA_REG_B                      ; UNREGISTERED                                ;
;     -- RAM_BLOCK_TYPE                     ; AUTO                                        ;
;     -- READ_DURING_WRITE_MODE_MIXED_PORTS ; DONT_CARE                                   ;
+-------------------------------------------+---------------------------------------------+


+-----------------------------------------------------+
; Post-Synthesis Netlist Statistics for Top Partition ;
+-----------------------+-----------------------------+
; Type                  ; Count                       ;
+-----------------------+-----------------------------+
; boundary_port         ; 71                          ;
; cycloneiii_ff         ; 109                         ;
;     CLR               ; 109                         ;
; cycloneiii_lcell_comb ; 197                         ;
;     arith             ; 93                          ;
;         2 data inputs ; 93                          ;
;     normal            ; 104                         ;
;         0 data inputs ; 2                           ;
;         1 data inputs ; 6                           ;
;         2 data inputs ; 7                           ;
;         3 data inputs ; 40                          ;
;         4 data inputs ; 49                          ;
; cycloneiii_ram_block  ; 4                           ;
;                       ;                             ;
; Max LUT depth         ; 4.40                        ;
; Average LUT depth     ; 3.19                        ;
+-----------------------+-----------------------------+


+-------------------------------+
; Elapsed Time Per Partition    ;
+----------------+--------------+
; Partition Name ; Elapsed Time ;
+----------------+--------------+
; Top            ; 00:00:00     ;
+----------------+--------------+


+-------------------------------+
; Analysis & Synthesis Messages ;
+-------------------------------+
Info: *******************************************************************
Info: Running Quartus Prime Analysis & Synthesis
    Info: Version 20.1.0 Build 711 06/05/2020 SJ Lite Edition
    Info: Processing started: Sun Jan 17 04:41:49 2021
Info: Command: quartus_map --read_settings_files=on --write_settings_files=off proj3 -c proj3
Warning (18236): Number of processors has not been specified which may cause overloading on shared machines.  Set the global assignment NUM_PARALLEL_PROCESSORS in your QSF to an appropriate value for best performance.
Info (20030): Parallel compilation is enabled and will use 16 of the 16 processors detected
Info (12021): Found 1 design units, including 1 entities, in source file stateprocessor.v
    Info (12023): Found entity 1: stateProcessor File: E:/SpookyHax/Digital Logic Class/Project 3/stateProcessor.v Line: 1
Info (12021): Found 1 design units, including 1 entities, in source file statedecider.v
    Info (12023): Found entity 1: stateDecider File: E:/SpookyHax/Digital Logic Class/Project 3/stateDecider.v Line: 1
Info (12021): Found 1 design units, including 1 entities, in source file sevenseg.v
    Info (12023): Found entity 1: sevenSeg File: E:/SpookyHax/Digital Logic Class/Project 3/sevenSeg.v Line: 1
Info (12021): Found 1 design units, including 1 entities, in source file proj3.v
    Info (12023): Found entity 1: proj3 File: E:/SpookyHax/Digital Logic Class/Project 3/proj3.v Line: 1
Info (12021): Found 1 design units, including 1 entities, in source file clk_divider.v
    Info (12023): Found entity 1: clk_divider File: E:/SpookyHax/Digital Logic Class/Project 3/clk_divider.v Line: 1
Info (12021): Found 1 design units, including 1 entities, in source file proj3mem.v
    Info (12023): Found entity 1: proj3Mem File: E:/SpookyHax/Digital Logic Class/Project 3/proj3Mem.v Line: 40
Info (12127): Elaborating entity "proj3" for the top level hierarchy
Warning (10034): Output port "HEX1" at proj3.v(5) has no driver File: E:/SpookyHax/Digital Logic Class/Project 3/proj3.v Line: 5
Warning (10034): Output port "HEX2" at proj3.v(5) has no driver File: E:/SpookyHax/Digital Logic Class/Project 3/proj3.v Line: 5
Warning (10034): Output port "HEX3" at proj3.v(5) has no driver File: E:/SpookyHax/Digital Logic Class/Project 3/proj3.v Line: 5
Warning (10034): Output port "HEX4" at proj3.v(5) has no driver File: E:/SpookyHax/Digital Logic Class/Project 3/proj3.v Line: 5
Warning (10034): Output port "HEX5" at proj3.v(5) has no driver File: E:/SpookyHax/Digital Logic Class/Project 3/proj3.v Line: 5
Info (12128): Elaborating entity "clk_divider" for hierarchy "clk_divider:cd0" File: E:/SpookyHax/Digital Logic Class/Project 3/proj3.v Line: 13
Info (12128): Elaborating entity "clk_divider" for hierarchy "clk_divider:cd1" File: E:/SpookyHax/Digital Logic Class/Project 3/proj3.v Line: 14
Info (12128): Elaborating entity "clk_divider" for hierarchy "clk_divider:cd2" File: E:/SpookyHax/Digital Logic Class/Project 3/proj3.v Line: 15
Info (12128): Elaborating entity "stateDecider" for hierarchy "stateDecider:sd0" File: E:/SpookyHax/Digital Logic Class/Project 3/proj3.v Line: 35
Info (12128): Elaborating entity "sevenSeg" for hierarchy "sevenSeg:ss0" File: E:/SpookyHax/Digital Logic Class/Project 3/proj3.v Line: 37
Info (12128): Elaborating entity "stateProcessor" for hierarchy "stateProcessor:sp0" File: E:/SpookyHax/Digital Logic Class/Project 3/proj3.v Line: 39
Warning (10230): Verilog HDL assignment warning at stateprocessor.v(18): truncated value with size 32 to match size of target (2) File: E:/SpookyHax/Digital Logic Class/Project 3/stateprocessor.v Line: 18
Warning (10240): Verilog HDL Always Construct warning at stateprocessor.v(26): inferring latch(es) for variable "leds", which holds its previous value in one or more paths through the always construct File: E:/SpookyHax/Digital Logic Class/Project 3/stateprocessor.v Line: 26
Info (10041): Inferred latch for "leds[0]" at stateprocessor.v(32) File: E:/SpookyHax/Digital Logic Class/Project 3/stateprocessor.v Line: 32
Info (10041): Inferred latch for "leds[1]" at stateprocessor.v(32) File: E:/SpookyHax/Digital Logic Class/Project 3/stateprocessor.v Line: 32
Info (10041): Inferred latch for "leds[2]" at stateprocessor.v(32) File: E:/SpookyHax/Digital Logic Class/Project 3/stateprocessor.v Line: 32
Info (10041): Inferred latch for "leds[3]" at stateprocessor.v(32) File: E:/SpookyHax/Digital Logic Class/Project 3/stateprocessor.v Line: 32
Info (10041): Inferred latch for "leds[4]" at stateprocessor.v(32) File: E:/SpookyHax/Digital Logic Class/Project 3/stateprocessor.v Line: 32
Info (10041): Inferred latch for "leds[5]" at stateprocessor.v(32) File: E:/SpookyHax/Digital Logic Class/Project 3/stateprocessor.v Line: 32
Info (10041): Inferred latch for "leds[6]" at stateprocessor.v(32) File: E:/SpookyHax/Digital Logic Class/Project 3/stateprocessor.v Line: 32
Info (10041): Inferred latch for "leds[7]" at stateprocessor.v(32) File: E:/SpookyHax/Digital Logic Class/Project 3/stateprocessor.v Line: 32
Info (10041): Inferred latch for "leds[8]" at stateprocessor.v(32) File: E:/SpookyHax/Digital Logic Class/Project 3/stateprocessor.v Line: 32
Info (10041): Inferred latch for "leds[9]" at stateprocessor.v(32) File: E:/SpookyHax/Digital Logic Class/Project 3/stateprocessor.v Line: 32
Info (12128): Elaborating entity "proj3Mem" for hierarchy "proj3Mem:m0" File: E:/SpookyHax/Digital Logic Class/Project 3/proj3.v Line: 41
Info (12128): Elaborating entity "altsyncram" for hierarchy "proj3Mem:m0|altsyncram:altsyncram_component" File: E:/SpookyHax/Digital Logic Class/Project 3/proj3Mem.v Line: 82
Info (12130): Elaborated megafunction instantiation "proj3Mem:m0|altsyncram:altsyncram_component" File: E:/SpookyHax/Digital Logic Class/Project 3/proj3Mem.v Line: 82
Info (12133): Instantiated megafunction "proj3Mem:m0|altsyncram:altsyncram_component" with the following parameter: File: E:/SpookyHax/Digital Logic Class/Project 3/proj3Mem.v Line: 82
    Info (12134): Parameter "address_aclr_a" = "NONE"
    Info (12134): Parameter "clock_enable_input_a" = "BYPASS"
    Info (12134): Parameter "clock_enable_output_a" = "BYPASS"
    Info (12134): Parameter "init_file" = "proj3Mem.mif"
    Info (12134): Parameter "intended_device_family" = "MAX 10"
    Info (12134): Parameter "lpm_hint" = "ENABLE_RUNTIME_MOD=NO"
    Info (12134): Parameter "lpm_type" = "altsyncram"
    Info (12134): Parameter "numwords_a" = "8"
    Info (12134): Parameter "operation_mode" = "ROM"
    Info (12134): Parameter "outdata_aclr_a" = "NONE"
    Info (12134): Parameter "outdata_reg_a" = "UNREGISTERED"
    Info (12134): Parameter "widthad_a" = "3"
    Info (12134): Parameter "width_a" = "4"
    Info (12134): Parameter "width_byteena_a" = "1"
Info (12021): Found 1 design units, including 1 entities, in source file db/altsyncram_ab91.tdf
    Info (12023): Found entity 1: altsyncram_ab91 File: E:/SpookyHax/Digital Logic Class/Project 3/db/altsyncram_ab91.tdf Line: 28
Info (12128): Elaborating entity "altsyncram_ab91" for hierarchy "proj3Mem:m0|altsyncram:altsyncram_component|altsyncram_ab91:auto_generated" File: e:/games/quartus/quartus/libraries/megafunctions/altsyncram.tdf Line: 792
Warning (12125): Using design file addressfinder.v, which is not specified as a design file for the current project, but contains definitions for 1 design units and 1 entities in project
    Info (12023): Found entity 1: addressFinder File: E:/SpookyHax/Digital Logic Class/Project 3/addressfinder.v Line: 1
Info (12128): Elaborating entity "addressFinder" for hierarchy "addressFinder:af0" File: E:/SpookyHax/Digital Logic Class/Project 3/proj3.v Line: 43
Warning (10230): Verilog HDL assignment warning at addressfinder.v(12): truncated value with size 32 to match size of target (3) File: E:/SpookyHax/Digital Logic Class/Project 3/addressfinder.v Line: 12
Warning (13024): Output pins are stuck at VCC or GND
    Warning (13410): Pin "HEX0[7]" is stuck at VCC File: E:/SpookyHax/Digital Logic Class/Project 3/proj3.v Line: 5
    Warning (13410): Pin "HEX1[0]" is stuck at GND File: E:/SpookyHax/Digital Logic Class/Project 3/proj3.v Line: 5
    Warning (13410): Pin "HEX1[1]" is stuck at GND File: E:/SpookyHax/Digital Logic Class/Project 3/proj3.v Line: 5
    Warning (13410): Pin "HEX1[2]" is stuck at GND File: E:/SpookyHax/Digital Logic Class/Project 3/proj3.v Line: 5
    Warning (13410): Pin "HEX1[3]" is stuck at GND File: E:/SpookyHax/Digital Logic Class/Project 3/proj3.v Line: 5
    Warning (13410): Pin "HEX1[4]" is stuck at GND File: E:/SpookyHax/Digital Logic Class/Project 3/proj3.v Line: 5
    Warning (13410): Pin "HEX1[5]" is stuck at GND File: E:/SpookyHax/Digital Logic Class/Project 3/proj3.v Line: 5
    Warning (13410): Pin "HEX1[6]" is stuck at GND File: E:/SpookyHax/Digital Logic Class/Project 3/proj3.v Line: 5
    Warning (13410): Pin "HEX1[7]" is stuck at GND File: E:/SpookyHax/Digital Logic Class/Project 3/proj3.v Line: 5
    Warning (13410): Pin "HEX2[0]" is stuck at GND File: E:/SpookyHax/Digital Logic Class/Project 3/proj3.v Line: 5
    Warning (13410): Pin "HEX2[1]" is stuck at GND File: E:/SpookyHax/Digital Logic Class/Project 3/proj3.v Line: 5
    Warning (13410): Pin "HEX2[2]" is stuck at GND File: E:/SpookyHax/Digital Logic Class/Project 3/proj3.v Line: 5
    Warning (13410): Pin "HEX2[3]" is stuck at GND File: E:/SpookyHax/Digital Logic Class/Project 3/proj3.v Line: 5
    Warning (13410): Pin "HEX2[4]" is stuck at GND File: E:/SpookyHax/Digital Logic Class/Project 3/proj3.v Line: 5
    Warning (13410): Pin "HEX2[5]" is stuck at GND File: E:/SpookyHax/Digital Logic Class/Project 3/proj3.v Line: 5
    Warning (13410): Pin "HEX2[6]" is stuck at GND File: E:/SpookyHax/Digital Logic Class/Project 3/proj3.v Line: 5
    Warning (13410): Pin "HEX2[7]" is stuck at GND File: E:/SpookyHax/Digital Logic Class/Project 3/proj3.v Line: 5
    Warning (13410): Pin "HEX3[0]" is stuck at GND File: E:/SpookyHax/Digital Logic Class/Project 3/proj3.v Line: 5
    Warning (13410): Pin "HEX3[1]" is stuck at GND File: E:/SpookyHax/Digital Logic Class/Project 3/proj3.v Line: 5
    Warning (13410): Pin "HEX3[2]" is stuck at GND File: E:/SpookyHax/Digital Logic Class/Project 3/proj3.v Line: 5
    Warning (13410): Pin "HEX3[3]" is stuck at GND File: E:/SpookyHax/Digital Logic Class/Project 3/proj3.v Line: 5
    Warning (13410): Pin "HEX3[4]" is stuck at GND File: E:/SpookyHax/Digital Logic Class/Project 3/proj3.v Line: 5
    Warning (13410): Pin "HEX3[5]" is stuck at GND File: E:/SpookyHax/Digital Logic Class/Project 3/proj3.v Line: 5
    Warning (13410): Pin "HEX3[6]" is stuck at GND File: E:/SpookyHax/Digital Logic Class/Project 3/proj3.v Line: 5
    Warning (13410): Pin "HEX3[7]" is stuck at GND File: E:/SpookyHax/Digital Logic Class/Project 3/proj3.v Line: 5
    Warning (13410): Pin "HEX4[0]" is stuck at GND File: E:/SpookyHax/Digital Logic Class/Project 3/proj3.v Line: 5
    Warning (13410): Pin "HEX4[1]" is stuck at GND File: E:/SpookyHax/Digital Logic Class/Project 3/proj3.v Line: 5
    Warning (13410): Pin "HEX4[2]" is stuck at GND File: E:/SpookyHax/Digital Logic Class/Project 3/proj3.v Line: 5
    Warning (13410): Pin "HEX4[3]" is stuck at GND File: E:/SpookyHax/Digital Logic Class/Project 3/proj3.v Line: 5
    Warning (13410): Pin "HEX4[4]" is stuck at GND File: E:/SpookyHax/Digital Logic Class/Project 3/proj3.v Line: 5
    Warning (13410): Pin "HEX4[5]" is stuck at GND File: E:/SpookyHax/Digital Logic Class/Project 3/proj3.v Line: 5
    Warning (13410): Pin "HEX4[6]" is stuck at GND File: E:/SpookyHax/Digital Logic Class/Project 3/proj3.v Line: 5
    Warning (13410): Pin "HEX4[7]" is stuck at GND File: E:/SpookyHax/Digital Logic Class/Project 3/proj3.v Line: 5
    Warning (13410): Pin "HEX5[0]" is stuck at GND File: E:/SpookyHax/Digital Logic Class/Project 3/proj3.v Line: 5
    Warning (13410): Pin "HEX5[1]" is stuck at GND File: E:/SpookyHax/Digital Logic Class/Project 3/proj3.v Line: 5
    Warning (13410): Pin "HEX5[2]" is stuck at GND File: E:/SpookyHax/Digital Logic Class/Project 3/proj3.v Line: 5
    Warning (13410): Pin "HEX5[3]" is stuck at GND File: E:/SpookyHax/Digital Logic Class/Project 3/proj3.v Line: 5
    Warning (13410): Pin "HEX5[4]" is stuck at GND File: E:/SpookyHax/Digital Logic Class/Project 3/proj3.v Line: 5
    Warning (13410): Pin "HEX5[5]" is stuck at GND File: E:/SpookyHax/Digital Logic Class/Project 3/proj3.v Line: 5
    Warning (13410): Pin "HEX5[6]" is stuck at GND File: E:/SpookyHax/Digital Logic Class/Project 3/proj3.v Line: 5
    Warning (13410): Pin "HEX5[7]" is stuck at GND File: E:/SpookyHax/Digital Logic Class/Project 3/proj3.v Line: 5
    Warning (13410): Pin "LEDR[3]" is stuck at GND File: E:/SpookyHax/Digital Logic Class/Project 3/proj3.v Line: 7
    Warning (13410): Pin "LEDR[4]" is stuck at GND File: E:/SpookyHax/Digital Logic Class/Project 3/proj3.v Line: 7
    Warning (13410): Pin "LEDR[5]" is stuck at GND File: E:/SpookyHax/Digital Logic Class/Project 3/proj3.v Line: 7
    Warning (13410): Pin "LEDR[6]" is stuck at GND File: E:/SpookyHax/Digital Logic Class/Project 3/proj3.v Line: 7
Info (286030): Timing-Driven Synthesis is running
Info (16010): Generating hard_block partition "hard_block:auto_generated_inst"
    Info (16011): Adding 0 node(s), including 0 DDIO, 0 PLL, 0 transceiver and 0 LCELL
Warning (21074): Design contains 6 input pin(s) that do not drive logic
    Warning (15610): No output dependent on input pin "SW[3]" File: E:/SpookyHax/Digital Logic Class/Project 3/proj3.v Line: 4
    Warning (15610): No output dependent on input pin "SW[4]" File: E:/SpookyHax/Digital Logic Class/Project 3/proj3.v Line: 4
    Warning (15610): No output dependent on input pin "SW[5]" File: E:/SpookyHax/Digital Logic Class/Project 3/proj3.v Line: 4
    Warning (15610): No output dependent on input pin "SW[6]" File: E:/SpookyHax/Digital Logic Class/Project 3/proj3.v Line: 4
    Warning (15610): No output dependent on input pin "SW[7]" File: E:/SpookyHax/Digital Logic Class/Project 3/proj3.v Line: 4
    Warning (15610): No output dependent on input pin "SW[8]" File: E:/SpookyHax/Digital Logic Class/Project 3/proj3.v Line: 4
Info (21057): Implemented 270 device resources after synthesis - the final resource count might be different
    Info (21058): Implemented 13 input pins
    Info (21059): Implemented 58 output pins
    Info (21061): Implemented 195 logic cells
    Info (21064): Implemented 4 RAM segments
Info: Quartus Prime Analysis & Synthesis was successful. 0 errors, 63 warnings
    Info: Peak virtual memory: 4840 megabytes
    Info: Processing ended: Sun Jan 17 04:42:00 2021
    Info: Elapsed time: 00:00:11
    Info: Total CPU time (on all processors): 00:00:24


