#! /mingw64/bin/vvp
:ivl_version "10.3 (stable)" "(v10_3-42-gb9885430)";
:ivl_delay_selection "TYPICAL";
:vpi_time_precision - 10;
:vpi_module "system";
:vpi_module "vhdl_sys";
:vpi_module "v2005_math";
:vpi_module "va_math";
S_0000000004426170 .scope module, "tb_Start" "tb_Start" 2 2;
 .timescale -9 -10;
v0000000004429620_0 .var "a", 0 0;
v00000000044296c0_0 .var "b", 0 0;
v0000000004429760_0 .var "c", 0 0;
v0000000004429940_0 .var "d", 0 0;
v00000000044299e0_0 .var/i "i", 31 0;
v0000000004429b20_0 .var "result", 15 0;
v0000000004322350_0 .net "x", 0 0, L_000000000436f840;  1 drivers
S_00000000044262f0 .scope module, "U0" "Start" 2 8, 3 1 0, S_0000000004426170;
 .timescale -9 -10;
    .port_info 0 /INPUT 1 "a"
    .port_info 1 /INPUT 1 "b"
    .port_info 2 /INPUT 1 "c"
    .port_info 3 /INPUT 1 "d"
    .port_info 4 /OUTPUT 1 "x"
L_000000000442b7a0 .functor AND 1, v00000000044296c0_0, v0000000004429940_0, C4<1>, C4<1>;
L_0000000004426470 .functor AND 1, L_000000000442b7a0, L_0000000004322670, C4<1>, C4<1>;
L_00000000044264e0 .functor AND 1, L_0000000004426470, L_0000000004322850, C4<1>, C4<1>;
L_0000000004316470 .functor XOR 1, v00000000044296c0_0, v0000000004429760_0, C4<0>, C4<0>;
L_00000000043164e0 .functor AND 1, v0000000004429620_0, L_0000000004316470, C4<1>, C4<1>;
L_0000000004316550 .functor AND 1, L_00000000043164e0, v0000000004429940_0, C4<1>, C4<1>;
L_000000000436f840 .functor OR 1, L_00000000044264e0, L_0000000004316550, C4<0>, C4<0>;
v0000000004429580_0 .net *"_s0", 0 0, L_000000000442b7a0;  1 drivers
v0000000004429d00_0 .net *"_s10", 0 0, L_0000000004316470;  1 drivers
v0000000004429da0_0 .net *"_s12", 0 0, L_00000000043164e0;  1 drivers
v000000000442a020_0 .net *"_s14", 0 0, L_0000000004316550;  1 drivers
v0000000004429e40_0 .net *"_s3", 0 0, L_0000000004322670;  1 drivers
v0000000004429a80_0 .net *"_s4", 0 0, L_0000000004426470;  1 drivers
v0000000004429ee0_0 .net *"_s7", 0 0, L_0000000004322850;  1 drivers
v00000000044298a0_0 .net *"_s8", 0 0, L_00000000044264e0;  1 drivers
v0000000004429f80_0 .net "a", 0 0, v0000000004429620_0;  1 drivers
v000000000442a0c0_0 .net "b", 0 0, v00000000044296c0_0;  1 drivers
v000000000442a160_0 .net "c", 0 0, v0000000004429760_0;  1 drivers
v0000000004429440_0 .net "d", 0 0, v0000000004429940_0;  1 drivers
v00000000044294e0_0 .net "x", 0 0, L_000000000436f840;  alias, 1 drivers
L_0000000004322670 .reduce/nor v0000000004429620_0;
L_0000000004322850 .reduce/nor v0000000004429760_0;
    .scope S_0000000004426170;
T_0 ;
    %pushi/vec4 10272, 0, 16;
    %store/vec4 v0000000004429b20_0, 0, 16;
    %end;
    .thread T_0;
    .scope S_0000000004426170;
T_1 ;
	  %vpi_call 2 12 "$display", "Starting simulation....." {0 0 0};
    %pushi/vec4 0, 0, 32;
    %store/vec4 v00000000044299e0_0, 0, 32;
T_1.0 ;
    %load/vec4 v00000000044299e0_0;
    %cmpi/s 15, 0, 32;
    %flag_or 5, 4;
    %jmp/0xz T_1.1, 5;
    %load/vec4 v00000000044299e0_0;
    %pad/s 4;
    %split/vec4 1;
    %store/vec4 v0000000004429940_0, 0, 1;
    %split/vec4 1;
    %store/vec4 v0000000004429760_0, 0, 1;
    %split/vec4 1;
    %store/vec4 v00000000044296c0_0, 0, 1;
    %store/vec4 v0000000004429620_0, 0, 1;
    %delay 10, 0;
    %load/vec4 v0000000004322350_0;
    %load/vec4 v0000000004429b20_0;
    %load/vec4 v00000000044299e0_0;
    %part/s 1;
    %cmp/ne;
    %jmp/0xz  T_1.2, 4;
	  %vpi_call 2 18 "$display", "Incorrect value for %h", v00000000044299e0_0 {0 0 0};
T_1.2 ;
    %delay 10, 0;
    %load/vec4 v00000000044299e0_0;
    %addi 1, 0, 32;
    %store/vec4 v00000000044299e0_0, 0, 32;
    %jmp T_1.0;
T_1.1 ;
	  %vpi_call 2 21 "$display", "Felix Pawlowski" {0 0 0};
    %end;
    .thread T_1;
# The file index is used to find the file name in the following table.
:file_names 4;
    "N/A";
    "<interactive>";
    "tb_start.v";
    "Start.v";
