Analysis & Synthesis report for proj2
Tue Nov 10 13:57:46 2020
Quartus Prime Version 20.1.0 Build 711 06/05/2020 SJ Lite Edition


---------------------
; Table of Contents ;
---------------------
  1. Legal Notice
  2. Analysis & Synthesis Summary
  3. Analysis & Synthesis Settings
  4. Parallel Compilation
  5. Analysis & Synthesis Source Files Read
  6. Analysis & Synthesis Resource Usage Summary
  7. Analysis & Synthesis Resource Utilization by Entity
  8. General Register Statistics
  9. Inverted Register Statistics
 10. Multiplexer Restructuring Statistics (Restructuring Performed)
 11. Parameter Settings for User Entity Instance: Top-level Entity: |proj2
 12. Parameter Settings for User Entity Instance: clk_divider:cd0
 13. Parameter Settings for User Entity Instance: clk_divider:cd1
 14. Port Connectivity Checks: "sevenSeg:U5"
 15. Port Connectivity Checks: "sevenSeg:U4"
 16. Port Connectivity Checks: "sevenSeg:U3"
 17. Port Connectivity Checks: "sevenSeg:U2"
 18. Port Connectivity Checks: "sevenSeg:U1"
 19. Port Connectivity Checks: "sevenSeg:U0"
 20. Post-Synthesis Netlist Statistics for Top Partition
 21. Elapsed Time Per Partition
 22. Analysis & Synthesis Messages



----------------
; Legal Notice ;
----------------
Copyright (C) 2020  Intel Corporation. All rights reserved.
Your use of Intel Corporation's design tools, logic functions 
and other software and tools, and any partner logic 
functions, and any output files from any of the foregoing 
(including device programming or simulation files), and any 
associated documentation or information are expressly subject 
to the terms and conditions of the Intel Program License 
Subscription Agreement, the Intel Quartus Prime License Agreement,
the Intel FPGA IP License Agreement, or other applicable license
agreement, including, without limitation, that your use is for
the sole purpose of programming logic devices manufactured by
Intel and sold by Intel or its authorized distributors.  Please
refer to the applicable agreement for further details, at
https://fpgasoftware.intel.com/eula.



+----------------------------------------------------------------------------------+
; Analysis & Synthesis Summary                                                     ;
+------------------------------------+---------------------------------------------+
; Analysis & Synthesis Status        ; Successful - Tue Nov 10 13:57:46 2020       ;
; Quartus Prime Version              ; 20.1.0 Build 711 06/05/2020 SJ Lite Edition ;
; Revision Name                      ; proj2                                       ;
; Top-level Entity Name              ; proj2                                       ;
; Family                             ; MAX 10                                      ;
; Total logic elements               ; 219                                         ;
;     Total combinational functions  ; 219                                         ;
;     Dedicated logic registers      ; 74                                          ;
; Total registers                    ; 74                                          ;
; Total pins                         ; 71                                          ;
; Total virtual pins                 ; 0                                           ;
; Total memory bits                  ; 0                                           ;
; Embedded Multiplier 9-bit elements ; 0                                           ;
; Total PLLs                         ; 0                                           ;
; UFM blocks                         ; 0                                           ;
; ADC blocks                         ; 0                                           ;
+------------------------------------+---------------------------------------------+


+------------------------------------------------------------------------------------------------------------+
; Analysis & Synthesis Settings                                                                              ;
+------------------------------------------------------------------+--------------------+--------------------+
; Option                                                           ; Setting            ; Default Value      ;
+------------------------------------------------------------------+--------------------+--------------------+
; Device                                                           ; 10M50DAF484C6GES   ;                    ;
; Top-level entity name                                            ; proj2              ; proj2              ;
; Family name                                                      ; MAX 10             ; Cyclone V          ;
; Use smart compilation                                            ; Off                ; Off                ;
; Enable parallel Assembler and Timing Analyzer during compilation ; On                 ; On                 ;
; Enable compact report table                                      ; Off                ; Off                ;
; Restructure Multiplexers                                         ; Auto               ; Auto               ;
; Create Debugging Nodes for IP Cores                              ; Off                ; Off                ;
; Preserve fewer node names                                        ; On                 ; On                 ;
; Intel FPGA IP Evaluation Mode                                    ; Enable             ; Enable             ;
; Verilog Version                                                  ; Verilog_2001       ; Verilog_2001       ;
; VHDL Version                                                     ; VHDL_1993          ; VHDL_1993          ;
; State Machine Processing                                         ; Auto               ; Auto               ;
; Safe State Machine                                               ; Off                ; Off                ;
; Extract Verilog State Machines                                   ; On                 ; On                 ;
; Extract VHDL State Machines                                      ; On                 ; On                 ;
; Ignore Verilog initial constructs                                ; Off                ; Off                ;
; Iteration limit for constant Verilog loops                       ; 5000               ; 5000               ;
; Iteration limit for non-constant Verilog loops                   ; 250                ; 250                ;
; Add Pass-Through Logic to Inferred RAMs                          ; On                 ; On                 ;
; Infer RAMs from Raw Logic                                        ; On                 ; On                 ;
; Parallel Synthesis                                               ; On                 ; On                 ;
; DSP Block Balancing                                              ; Auto               ; Auto               ;
; NOT Gate Push-Back                                               ; On                 ; On                 ;
; Power-Up Don't Care                                              ; On                 ; On                 ;
; Remove Redundant Logic Cells                                     ; Off                ; Off                ;
; Remove Duplicate Registers                                       ; On                 ; On                 ;
; Ignore CARRY Buffers                                             ; Off                ; Off                ;
; Ignore CASCADE Buffers                                           ; Off                ; Off                ;
; Ignore GLOBAL Buffers                                            ; Off                ; Off                ;
; Ignore ROW GLOBAL Buffers                                        ; Off                ; Off                ;
; Ignore LCELL Buffers                                             ; Off                ; Off                ;
; Ignore SOFT Buffers                                              ; On                 ; On                 ;
; Limit AHDL Integers to 32 Bits                                   ; Off                ; Off                ;
; Optimization Technique                                           ; Balanced           ; Balanced           ;
; Carry Chain Length                                               ; 70                 ; 70                 ;
; Auto Carry Chains                                                ; On                 ; On                 ;
; Auto Open-Drain Pins                                             ; On                 ; On                 ;
; Perform WYSIWYG Primitive Resynthesis                            ; Off                ; Off                ;
; Auto ROM Replacement                                             ; On                 ; On                 ;
; Auto RAM Replacement                                             ; On                 ; On                 ;
; Auto DSP Block Replacement                                       ; On                 ; On                 ;
; Auto Shift Register Replacement                                  ; Auto               ; Auto               ;
; Allow Shift Register Merging across Hierarchies                  ; Auto               ; Auto               ;
; Auto Clock Enable Replacement                                    ; On                 ; On                 ;
; Strict RAM Replacement                                           ; Off                ; Off                ;
; Allow Synchronous Control Signals                                ; On                 ; On                 ;
; Force Use of Synchronous Clear Signals                           ; Off                ; Off                ;
; Auto RAM Block Balancing                                         ; On                 ; On                 ;
; Auto RAM to Logic Cell Conversion                                ; Off                ; Off                ;
; Auto Resource Sharing                                            ; Off                ; Off                ;
; Allow Any RAM Size For Recognition                               ; Off                ; Off                ;
; Allow Any ROM Size For Recognition                               ; Off                ; Off                ;
; Allow Any Shift Register Size For Recognition                    ; Off                ; Off                ;
; Use LogicLock Constraints during Resource Balancing              ; On                 ; On                 ;
; Ignore translate_off and synthesis_off directives                ; Off                ; Off                ;
; Timing-Driven Synthesis                                          ; On                 ; On                 ;
; Report Parameter Settings                                        ; On                 ; On                 ;
; Report Source Assignments                                        ; On                 ; On                 ;
; Report Connectivity Checks                                       ; On                 ; On                 ;
; Ignore Maximum Fan-Out Assignments                               ; Off                ; Off                ;
; Synchronization Register Chain Length                            ; 2                  ; 2                  ;
; Power Optimization During Synthesis                              ; Normal compilation ; Normal compilation ;
; HDL message level                                                ; Level2             ; Level2             ;
; Suppress Register Optimization Related Messages                  ; Off                ; Off                ;
; Number of Removed Registers Reported in Synthesis Report         ; 5000               ; 5000               ;
; Number of Swept Nodes Reported in Synthesis Report               ; 5000               ; 5000               ;
; Number of Inverted Registers Reported in Synthesis Report        ; 100                ; 100                ;
; Clock MUX Protection                                             ; On                 ; On                 ;
; Auto Gated Clock Conversion                                      ; Off                ; Off                ;
; Block Design Naming                                              ; Auto               ; Auto               ;
; SDC constraint protection                                        ; Off                ; Off                ;
; Synthesis Effort                                                 ; Auto               ; Auto               ;
; Shift Register Replacement - Allow Asynchronous Clear Signal     ; On                 ; On                 ;
; Pre-Mapping Resynthesis Optimization                             ; Off                ; Off                ;
; Analysis & Synthesis Message Level                               ; Medium             ; Medium             ;
; Disable Register Merging Across Hierarchies                      ; Auto               ; Auto               ;
; Resource Aware Inference For Block RAM                           ; On                 ; On                 ;
+------------------------------------------------------------------+--------------------+--------------------+


+------------------------------------------+
; Parallel Compilation                     ;
+----------------------------+-------------+
; Processors                 ; Number      ;
+----------------------------+-------------+
; Number detected on machine ; 16          ;
; Maximum allowed            ; 16          ;
;                            ;             ;
; Average used               ; 1.00        ;
; Maximum used               ; 16          ;
;                            ;             ;
; Usage by Processor         ; % Time Used ;
;     Processor 1            ; 100.0%      ;
;     Processors 2-16        ;   0.0%      ;
+----------------------------+-------------+


+-----------------------------------------------------------------------------------------------------------------------------------------------------------+
; Analysis & Synthesis Source Files Read                                                                                                                    ;
+----------------------------------+-----------------+------------------------------+-------------------------------------------------------------+---------+
; File Name with User-Entered Path ; Used in Netlist ; File Type                    ; File Name with Absolute Path                                ; Library ;
+----------------------------------+-----------------+------------------------------+-------------------------------------------------------------+---------+
; monthProcessor.v                 ; yes             ; User Verilog HDL File        ; E:/SpookyHax/Digital Logic Class/Project 2/monthProcessor.v ;         ;
; counter.v                        ; yes             ; User Verilog HDL File        ; E:/SpookyHax/Digital Logic Class/Project 2/counter.v        ;         ;
; clk_divider.v                    ; yes             ; User Verilog HDL File        ; E:/SpookyHax/Digital Logic Class/Project 2/clk_divider.v    ;         ;
; sevenSeg.v                       ; yes             ; User Verilog HDL File        ; E:/SpookyHax/Digital Logic Class/Project 2/sevenSeg.v       ;         ;
; proj2.v                          ; yes             ; User SystemVerilog HDL File  ; E:/SpookyHax/Digital Logic Class/Project 2/proj2.v          ;         ;
; params.vh                        ; yes             ; Auto-Found Unspecified File  ; E:/SpookyHax/Digital Logic Class/Project 2/params.vh        ;         ;
+----------------------------------+-----------------+------------------------------+-------------------------------------------------------------+---------+


+------------------------------------------------------------+
; Analysis & Synthesis Resource Usage Summary                ;
+---------------------------------------------+--------------+
; Resource                                    ; Usage        ;
+---------------------------------------------+--------------+
; Estimated Total logic elements              ; 219          ;
;                                             ;              ;
; Total combinational functions               ; 219          ;
; Logic element usage by number of LUT inputs ;              ;
;     -- 4 input functions                    ; 80           ;
;     -- 3 input functions                    ; 40           ;
;     -- <=2 input functions                  ; 99           ;
;                                             ;              ;
; Logic elements by mode                      ;              ;
;     -- normal mode                          ; 130          ;
;     -- arithmetic mode                      ; 89           ;
;                                             ;              ;
; Total registers                             ; 74           ;
;     -- Dedicated logic registers            ; 74           ;
;     -- I/O registers                        ; 0            ;
;                                             ;              ;
; I/O pins                                    ; 71           ;
;                                             ;              ;
; Embedded Multiplier 9-bit elements          ; 0            ;
;                                             ;              ;
; Maximum fan-out node                        ; KEY[0]~input ;
; Maximum fan-out                             ; 74           ;
; Total fan-out                               ; 965          ;
; Average fan-out                             ; 2.22         ;
+---------------------------------------------+--------------+


+----------------------------------------------------------------------------------------------------------------------------------------------------------------------------------------------------------------------------------------------+
; Analysis & Synthesis Resource Utilization by Entity                                                                                                                                                                                          ;
+----------------------------+---------------------+---------------------------+-------------+------------+--------------+---------+-----------+------+--------------+------------+---------------------------+-----------------+--------------+
; Compilation Hierarchy Node ; Combinational ALUTs ; Dedicated Logic Registers ; Memory Bits ; UFM Blocks ; DSP Elements ; DSP 9x9 ; DSP 18x18 ; Pins ; Virtual Pins ; ADC blocks ; Full Hierarchy Name       ; Entity Name     ; Library Name ;
+----------------------------+---------------------+---------------------------+-------------+------------+--------------+---------+-----------+------+--------------+------------+---------------------------+-----------------+--------------+
; |proj2                     ; 219 (12)            ; 74 (0)                    ; 0           ; 0          ; 0            ; 0       ; 0         ; 71   ; 0            ; 0          ; |proj2                    ; proj2           ; work         ;
;    |clk_divider:cd0|       ; 52 (52)             ; 33 (33)                   ; 0           ; 0          ; 0            ; 0       ; 0         ; 0    ; 0            ; 0          ; |proj2|clk_divider:cd0    ; clk_divider     ; work         ;
;    |clk_divider:cd1|       ; 52 (52)             ; 33 (33)                   ; 0           ; 0          ; 0            ; 0       ; 0         ; 0    ; 0            ; 0          ; |proj2|clk_divider:cd1    ; clk_divider     ; work         ;
;    |counter:c0|            ; 12 (12)             ; 8 (8)                     ; 0           ; 0          ; 0            ; 0       ; 0         ; 0    ; 0            ; 0          ; |proj2|counter:c0         ; counter         ; work         ;
;    |monthProcesssor:m0|    ; 63 (63)             ; 0 (0)                     ; 0           ; 0          ; 0            ; 0       ; 0         ; 0    ; 0            ; 0          ; |proj2|monthProcesssor:m0 ; monthProcesssor ; work         ;
;    |sevenSeg:U0|           ; 7 (7)               ; 0 (0)                     ; 0           ; 0          ; 0            ; 0       ; 0         ; 0    ; 0            ; 0          ; |proj2|sevenSeg:U0        ; sevenSeg        ; work         ;
;    |sevenSeg:U1|           ; 4 (4)               ; 0 (0)                     ; 0           ; 0          ; 0            ; 0       ; 0         ; 0    ; 0            ; 0          ; |proj2|sevenSeg:U1        ; sevenSeg        ; work         ;
;    |sevenSeg:U2|           ; 3 (3)               ; 0 (0)                     ; 0           ; 0          ; 0            ; 0       ; 0         ; 0    ; 0            ; 0          ; |proj2|sevenSeg:U2        ; sevenSeg        ; work         ;
;    |sevenSeg:U4|           ; 7 (7)               ; 0 (0)                     ; 0           ; 0          ; 0            ; 0       ; 0         ; 0    ; 0            ; 0          ; |proj2|sevenSeg:U4        ; sevenSeg        ; work         ;
;    |sevenSeg:U5|           ; 7 (7)               ; 0 (0)                     ; 0           ; 0          ; 0            ; 0       ; 0         ; 0    ; 0            ; 0          ; |proj2|sevenSeg:U5        ; sevenSeg        ; work         ;
+----------------------------+---------------------+---------------------------+-------------+------------+--------------+---------+-----------+------+--------------+------------+---------------------------+-----------------+--------------+
Note: For table entries with two numbers listed, the numbers in parentheses indicate the number of resources of the given type used by the specific entity alone. The numbers listed outside of parentheses indicate the total resources of the given type used by the specific entity and all of its sub-entities in the hierarchy.


+------------------------------------------------------+
; General Register Statistics                          ;
+----------------------------------------------+-------+
; Statistic                                    ; Value ;
+----------------------------------------------+-------+
; Total registers                              ; 74    ;
; Number of registers using Synchronous Clear  ; 0     ;
; Number of registers using Synchronous Load   ; 0     ;
; Number of registers using Asynchronous Clear ; 74    ;
; Number of registers using Asynchronous Load  ; 0     ;
; Number of registers using Clock Enable       ; 4     ;
; Number of registers using Preset             ; 0     ;
+----------------------------------------------+-------+


+--------------------------------------------------+
; Inverted Register Statistics                     ;
+----------------------------------------+---------+
; Inverted Register                      ; Fan out ;
+----------------------------------------+---------+
; counter:c0|count[0]                    ; 18      ;
; Total number of inverted registers = 1 ;         ;
+----------------------------------------+---------+


+------------------------------------------------------------------------------------------------------------------------------------------------+
; Multiplexer Restructuring Statistics (Restructuring Performed)                                                                                 ;
+--------------------+-----------+---------------+----------------------+------------------------+------------+----------------------------------+
; Multiplexer Inputs ; Bus Width ; Baseline Area ; Area if Restructured ; Saving if Restructured ; Registered ; Example Multiplexer Output       ;
+--------------------+-----------+---------------+----------------------+------------------------+------------+----------------------------------+
; 3:1                ; 4 bits    ; 8 LEs         ; 4 LEs                ; 4 LEs                  ; Yes        ; |proj2|counter:c0|count[4]       ;
; 4:1                ; 8 bits    ; 16 LEs        ; 16 LEs               ; 0 LEs                  ; No         ; |proj2|monthProcesssor:m0|dom[5] ;
+--------------------+-----------+---------------+----------------------+------------------------+------------+----------------------------------+


+-----------------------------------------------------------------------+
; Parameter Settings for User Entity Instance: Top-level Entity: |proj2 ;
+----------------+----------------------------------+-------------------+
; Parameter Name ; Value                            ; Type              ;
+----------------+----------------------------------+-------------------+
; timing         ; 00011000011010100000             ; Unsigned Binary   ;
; divider1       ; 00000000001001100010010110100000 ; Unsigned Binary   ;
; divider2       ; 00000000000011110100001001000000 ; Unsigned Binary   ;
+----------------+----------------------------------+-------------------+
Note: In order to hide this table in the UI and the text report file, please set the "Show Parameter Settings in Synthesis Report" option in "Analysis and Synthesis Settings -> More Settings" to "Off".


+---------------------------------------------------------------------+
; Parameter Settings for User Entity Instance: clk_divider:cd0        ;
+----------------+----------------------------------+-----------------+
; Parameter Name ; Value                            ; Type            ;
+----------------+----------------------------------+-----------------+
; divider        ; 00000000001001100010010110100000 ; Unsigned Binary ;
+----------------+----------------------------------+-----------------+
Note: In order to hide this table in the UI and the text report file, please set the "Show Parameter Settings in Synthesis Report" option in "Analysis and Synthesis Settings -> More Settings" to "Off".


+---------------------------------------------------------------------+
; Parameter Settings for User Entity Instance: clk_divider:cd1        ;
+----------------+----------------------------------+-----------------+
; Parameter Name ; Value                            ; Type            ;
+----------------+----------------------------------+-----------------+
; divider        ; 00000000000011110100001001000000 ; Unsigned Binary ;
+----------------+----------------------------------+-----------------+
Note: In order to hide this table in the UI and the text report file, please set the "Show Parameter Settings in Synthesis Report" option in "Analysis and Synthesis Settings -> More Settings" to "Off".


+-----------------------------------------+
; Port Connectivity Checks: "sevenSeg:U5" ;
+------+-------+----------+---------------+
; Port ; Type  ; Severity ; Details       ;
+------+-------+----------+---------------+
; a2   ; Input ; Info     ; Stuck at GND  ;
; b    ; Input ; Info     ; Stuck at VCC  ;
+------+-------+----------+---------------+


+-----------------------------------------+
; Port Connectivity Checks: "sevenSeg:U4" ;
+------+-------+----------+---------------+
; Port ; Type  ; Severity ; Details       ;
+------+-------+----------+---------------+
; a2   ; Input ; Info     ; Stuck at GND  ;
; b    ; Input ; Info     ; Stuck at VCC  ;
+------+-------+----------+---------------+


+-----------------------------------------+
; Port Connectivity Checks: "sevenSeg:U3" ;
+-------+-------+----------+--------------+
; Port  ; Type  ; Severity ; Details      ;
+-------+-------+----------+--------------+
; a1[3] ; Input ; Info     ; Stuck at VCC ;
; a1[2] ; Input ; Info     ; Stuck at GND ;
; a1[1] ; Input ; Info     ; Stuck at VCC ;
; a1[0] ; Input ; Info     ; Stuck at GND ;
; a2    ; Input ; Info     ; Stuck at GND ;
; b     ; Input ; Info     ; Stuck at VCC ;
+-------+-------+----------+--------------+


+-----------------------------------------+
; Port Connectivity Checks: "sevenSeg:U2" ;
+------+-------+----------+---------------+
; Port ; Type  ; Severity ; Details       ;
+------+-------+----------+---------------+
; a2   ; Input ; Info     ; Stuck at GND  ;
; b    ; Input ; Info     ; Stuck at VCC  ;
+------+-------+----------+---------------+


+-----------------------------------------+
; Port Connectivity Checks: "sevenSeg:U1" ;
+------+-------+----------+---------------+
; Port ; Type  ; Severity ; Details       ;
+------+-------+----------+---------------+
; a2   ; Input ; Info     ; Stuck at GND  ;
; b    ; Input ; Info     ; Stuck at VCC  ;
+------+-------+----------+---------------+


+-----------------------------------------+
; Port Connectivity Checks: "sevenSeg:U0" ;
+------+-------+----------+---------------+
; Port ; Type  ; Severity ; Details       ;
+------+-------+----------+---------------+
; a2   ; Input ; Info     ; Stuck at GND  ;
; b    ; Input ; Info     ; Stuck at VCC  ;
+------+-------+----------+---------------+


+-----------------------------------------------------+
; Post-Synthesis Netlist Statistics for Top Partition ;
+-----------------------+-----------------------------+
; Type                  ; Count                       ;
+-----------------------+-----------------------------+
; boundary_port         ; 71                          ;
; cycloneiii_ff         ; 74                          ;
;     CLR               ; 70                          ;
;     ENA CLR           ; 4                           ;
; cycloneiii_lcell_comb ; 228                         ;
;     arith             ; 89                          ;
;         2 data inputs ; 80                          ;
;         3 data inputs ; 9                           ;
;     normal            ; 139                         ;
;         0 data inputs ; 2                           ;
;         1 data inputs ; 12                          ;
;         2 data inputs ; 14                          ;
;         3 data inputs ; 31                          ;
;         4 data inputs ; 80                          ;
;                       ;                             ;
; Max LUT depth         ; 13.20                       ;
; Average LUT depth     ; 5.83                        ;
+-----------------------+-----------------------------+


+-------------------------------+
; Elapsed Time Per Partition    ;
+----------------+--------------+
; Partition Name ; Elapsed Time ;
+----------------+--------------+
; Top            ; 00:00:01     ;
+----------------+--------------+


+-------------------------------+
; Analysis & Synthesis Messages ;
+-------------------------------+
Info: *******************************************************************
Info: Running Quartus Prime Analysis & Synthesis
    Info: Version 20.1.0 Build 711 06/05/2020 SJ Lite Edition
    Info: Processing started: Tue Nov 10 13:57:37 2020
Info: Command: quartus_map --read_settings_files=on --write_settings_files=off Project2 -c proj2
Warning (18236): Number of processors has not been specified which may cause overloading on shared machines.  Set the global assignment NUM_PARALLEL_PROCESSORS in your QSF to an appropriate value for best performance.
Info (20030): Parallel compilation is enabled and will use 16 of the 16 processors detected
Info (12021): Found 1 design units, including 1 entities, in source file monthprocessor.v
    Info (12023): Found entity 1: monthProcesssor File: E:/SpookyHax/Digital Logic Class/Project 2/monthProcessor.v Line: 1
Info (12021): Found 1 design units, including 1 entities, in source file counter.v
    Info (12023): Found entity 1: counter File: E:/SpookyHax/Digital Logic Class/Project 2/counter.v Line: 1
Info (12021): Found 1 design units, including 1 entities, in source file clk_divider.v
    Info (12023): Found entity 1: clk_divider File: E:/SpookyHax/Digital Logic Class/Project 2/clk_divider.v Line: 1
Info (12021): Found 1 design units, including 1 entities, in source file sevenseg.v
    Info (12023): Found entity 1: sevenSeg File: E:/SpookyHax/Digital Logic Class/Project 2/sevenSeg.v Line: 1
Info (12021): Found 1 design units, including 1 entities, in source file proj2.v
    Info (12023): Found entity 1: proj2 File: E:/SpookyHax/Digital Logic Class/Project 2/proj2.v Line: 1
Info (12127): Elaborating entity "proj2" for the top level hierarchy
Warning (10230): Verilog HDL assignment warning at proj2.v(21): truncated value with size 32 to match size of target (8) File: E:/SpookyHax/Digital Logic Class/Project 2/proj2.v Line: 21
Warning (10034): Output port "LEDR[9..1]" at proj2.v(7) has no driver File: E:/SpookyHax/Digital Logic Class/Project 2/proj2.v Line: 7
Info (12128): Elaborating entity "sevenSeg" for hierarchy "sevenSeg:U0" File: E:/SpookyHax/Digital Logic Class/Project 2/proj2.v Line: 24
Info (12128): Elaborating entity "clk_divider" for hierarchy "clk_divider:cd0" File: E:/SpookyHax/Digital Logic Class/Project 2/proj2.v Line: 31
Info (12128): Elaborating entity "clk_divider" for hierarchy "clk_divider:cd1" File: E:/SpookyHax/Digital Logic Class/Project 2/proj2.v Line: 32
Info (12128): Elaborating entity "counter" for hierarchy "counter:c0" File: E:/SpookyHax/Digital Logic Class/Project 2/proj2.v Line: 34
Warning (10230): Verilog HDL assignment warning at counter.v(16): truncated value with size 32 to match size of target (4) File: E:/SpookyHax/Digital Logic Class/Project 2/counter.v Line: 16
Warning (10230): Verilog HDL assignment warning at counter.v(32): truncated value with size 32 to match size of target (4) File: E:/SpookyHax/Digital Logic Class/Project 2/counter.v Line: 32
Info (12128): Elaborating entity "monthProcesssor" for hierarchy "monthProcesssor:m0" File: E:/SpookyHax/Digital Logic Class/Project 2/proj2.v Line: 36
Warning (10230): Verilog HDL assignment warning at monthProcessor.v(15): truncated value with size 32 to match size of target (8) File: E:/SpookyHax/Digital Logic Class/Project 2/monthProcessor.v Line: 15
Warning (10230): Verilog HDL assignment warning at monthProcessor.v(27): truncated value with size 8 to match size of target (4) File: E:/SpookyHax/Digital Logic Class/Project 2/monthProcessor.v Line: 27
Warning (10230): Verilog HDL assignment warning at monthProcessor.v(31): truncated value with size 32 to match size of target (4) File: E:/SpookyHax/Digital Logic Class/Project 2/monthProcessor.v Line: 31
Warning (10230): Verilog HDL assignment warning at monthProcessor.v(34): truncated value with size 32 to match size of target (4) File: E:/SpookyHax/Digital Logic Class/Project 2/monthProcessor.v Line: 34
Warning (10230): Verilog HDL assignment warning at monthProcessor.v(37): truncated value with size 32 to match size of target (4) File: E:/SpookyHax/Digital Logic Class/Project 2/monthProcessor.v Line: 37
Warning (19016): Clock multiplexers are found and protected
    Warning (19017): Found clock multiplexer clk File: E:/SpookyHax/Digital Logic Class/Project 2/proj2.v Line: 12
Info (13000): Registers with preset signals will power-up high File: E:/SpookyHax/Digital Logic Class/Project 2/counter.v Line: 15
Info (13003): DEV_CLRn pin will set, and not reset, register with preset signal due to NOT Gate Push-Back
Warning (13024): Output pins are stuck at VCC or GND
    Warning (13410): Pin "HEX0[7]" is stuck at VCC File: E:/SpookyHax/Digital Logic Class/Project 2/proj2.v Line: 5
    Warning (13410): Pin "HEX1[7]" is stuck at VCC File: E:/SpookyHax/Digital Logic Class/Project 2/proj2.v Line: 5
    Warning (13410): Pin "HEX2[1]" is stuck at GND File: E:/SpookyHax/Digital Logic Class/Project 2/proj2.v Line: 5
    Warning (13410): Pin "HEX2[7]" is stuck at VCC File: E:/SpookyHax/Digital Logic Class/Project 2/proj2.v Line: 5
    Warning (13410): Pin "HEX3[0]" is stuck at VCC File: E:/SpookyHax/Digital Logic Class/Project 2/proj2.v Line: 5
    Warning (13410): Pin "HEX3[1]" is stuck at VCC File: E:/SpookyHax/Digital Logic Class/Project 2/proj2.v Line: 5
    Warning (13410): Pin "HEX3[2]" is stuck at VCC File: E:/SpookyHax/Digital Logic Class/Project 2/proj2.v Line: 5
    Warning (13410): Pin "HEX3[3]" is stuck at VCC File: E:/SpookyHax/Digital Logic Class/Project 2/proj2.v Line: 5
    Warning (13410): Pin "HEX3[4]" is stuck at VCC File: E:/SpookyHax/Digital Logic Class/Project 2/proj2.v Line: 5
    Warning (13410): Pin "HEX3[5]" is stuck at VCC File: E:/SpookyHax/Digital Logic Class/Project 2/proj2.v Line: 5
    Warning (13410): Pin "HEX3[6]" is stuck at VCC File: E:/SpookyHax/Digital Logic Class/Project 2/proj2.v Line: 5
    Warning (13410): Pin "HEX3[7]" is stuck at VCC File: E:/SpookyHax/Digital Logic Class/Project 2/proj2.v Line: 5
    Warning (13410): Pin "HEX4[7]" is stuck at VCC File: E:/SpookyHax/Digital Logic Class/Project 2/proj2.v Line: 5
    Warning (13410): Pin "HEX5[7]" is stuck at VCC File: E:/SpookyHax/Digital Logic Class/Project 2/proj2.v Line: 5
    Warning (13410): Pin "LEDR[1]" is stuck at GND File: E:/SpookyHax/Digital Logic Class/Project 2/proj2.v Line: 7
    Warning (13410): Pin "LEDR[2]" is stuck at GND File: E:/SpookyHax/Digital Logic Class/Project 2/proj2.v Line: 7
    Warning (13410): Pin "LEDR[3]" is stuck at GND File: E:/SpookyHax/Digital Logic Class/Project 2/proj2.v Line: 7
    Warning (13410): Pin "LEDR[4]" is stuck at GND File: E:/SpookyHax/Digital Logic Class/Project 2/proj2.v Line: 7
    Warning (13410): Pin "LEDR[5]" is stuck at GND File: E:/SpookyHax/Digital Logic Class/Project 2/proj2.v Line: 7
    Warning (13410): Pin "LEDR[6]" is stuck at GND File: E:/SpookyHax/Digital Logic Class/Project 2/proj2.v Line: 7
    Warning (13410): Pin "LEDR[7]" is stuck at GND File: E:/SpookyHax/Digital Logic Class/Project 2/proj2.v Line: 7
    Warning (13410): Pin "LEDR[8]" is stuck at GND File: E:/SpookyHax/Digital Logic Class/Project 2/proj2.v Line: 7
    Warning (13410): Pin "LEDR[9]" is stuck at GND File: E:/SpookyHax/Digital Logic Class/Project 2/proj2.v Line: 7
Info (286030): Timing-Driven Synthesis is running
Info (16010): Generating hard_block partition "hard_block:auto_generated_inst"
    Info (16011): Adding 0 node(s), including 0 DDIO, 0 PLL, 0 transceiver and 0 LCELL
Warning (21074): Design contains 9 input pin(s) that do not drive logic
    Warning (15610): No output dependent on input pin "SW[0]" File: E:/SpookyHax/Digital Logic Class/Project 2/proj2.v Line: 4
    Warning (15610): No output dependent on input pin "SW[1]" File: E:/SpookyHax/Digital Logic Class/Project 2/proj2.v Line: 4
    Warning (15610): No output dependent on input pin "SW[2]" File: E:/SpookyHax/Digital Logic Class/Project 2/proj2.v Line: 4
    Warning (15610): No output dependent on input pin "SW[3]" File: E:/SpookyHax/Digital Logic Class/Project 2/proj2.v Line: 4
    Warning (15610): No output dependent on input pin "SW[4]" File: E:/SpookyHax/Digital Logic Class/Project 2/proj2.v Line: 4
    Warning (15610): No output dependent on input pin "SW[5]" File: E:/SpookyHax/Digital Logic Class/Project 2/proj2.v Line: 4
    Warning (15610): No output dependent on input pin "SW[6]" File: E:/SpookyHax/Digital Logic Class/Project 2/proj2.v Line: 4
    Warning (15610): No output dependent on input pin "SW[7]" File: E:/SpookyHax/Digital Logic Class/Project 2/proj2.v Line: 4
    Warning (15610): No output dependent on input pin "SW[8]" File: E:/SpookyHax/Digital Logic Class/Project 2/proj2.v Line: 4
Info (21057): Implemented 290 device resources after synthesis - the final resource count might be different
    Info (21058): Implemented 13 input pins
    Info (21059): Implemented 58 output pins
    Info (21061): Implemented 219 logic cells
Info: Quartus Prime Analysis & Synthesis was successful. 0 errors, 46 warnings
    Info: Peak virtual memory: 4836 megabytes
    Info: Processing ended: Tue Nov 10 13:57:47 2020
    Info: Elapsed time: 00:00:10
    Info: Total CPU time (on all processors): 00:00:25


