#! /mingw64/bin/vvp
:ivl_version "10.3 (stable)" "(v10_3-42-gb9885430)";
:ivl_delay_selection "TYPICAL";
:vpi_time_precision - 10;
:vpi_module "system";
:vpi_module "vhdl_sys";
:vpi_module "v2005_math";
:vpi_module "va_math";
S_0000000004375e10 .scope module, "proj3tb" "proj3tb" 2 2;
 .timescale -8 -10;
v00000000043eb6b0_0 .var "BUTT", 1 0;
v00000000043ece70_0 .net "DISP0", 7 0, v00000000043ec150_0;  1 drivers
o00000000043958d8 .functor BUFZ 8, C4<zzzzzzzz>; HiZ drive
v00000000043ec5b0_0 .net "DISP1", 7 0, o00000000043958d8;  0 drivers
o0000000004395908 .functor BUFZ 8, C4<zzzzzzzz>; HiZ drive
v00000000043eb7f0_0 .net "DISP2", 7 0, o0000000004395908;  0 drivers
o0000000004395938 .functor BUFZ 8, C4<zzzzzzzz>; HiZ drive
v00000000043eb110_0 .net "DISP3", 7 0, o0000000004395938;  0 drivers
o0000000004395968 .functor BUFZ 8, C4<zzzzzzzz>; HiZ drive
v00000000043eb390_0 .net "DISP4", 7 0, o0000000004395968;  0 drivers
o0000000004395998 .functor BUFZ 8, C4<zzzzzzzz>; HiZ drive
v00000000043ebed0_0 .net "DISP5", 7 0, o0000000004395998;  0 drivers
v00000000043eba70_0 .net "LEDS", 9 0, v00000000043ec010_0;  1 drivers
v00000000043ec650_0 .var "SWIT", 9 0;
v00000000043eb890_0 .var "clk", 0 0;
S_0000000004375f90 .scope module, "B0" "proj3" 2 10, 3 1 0, S_0000000004375e10;
 .timescale -8 -10;
    .port_info 0 /INPUT 10 "SW"
    .port_info 1 /OUTPUT 8 "HEX0"
    .port_info 2 /OUTPUT 8 "HEX1"
    .port_info 3 /OUTPUT 8 "HEX2"
    .port_info 4 /OUTPUT 8 "HEX3"
    .port_info 5 /OUTPUT 8 "HEX4"
    .port_info 6 /OUTPUT 8 "HEX5"
    .port_info 7 /INPUT 2 "KEY"
    .port_info 8 /OUTPUT 10 "LEDR"
    .port_info 9 /INPUT 1 "ADC_CLK_10"
P_0000000004376110 .param/l "divider1" 0 4 3, C4<00000000000000000000000011111010>;
P_0000000004376148 .param/l "divider2" 0 4 4, C4<00000000000000000000100111000100>;
P_0000000004376180 .param/l "divider3" 0 4 5, C4<00000000000000000000000001111101>;
P_00000000043761b8 .param/l "timing" 0 4 2, C4<00000000000000000010>;
L_0000000004393470 .functor BUFZ 4, v00000000043eb9d0_0, C4<0000>, C4<0000>, C4<0000>;
v00000000043ec3d0_0 .net "ADC_CLK_10", 0 0, v00000000043eb890_0;  1 drivers
v00000000043ebd90_0 .net "HEX0", 7 0, v00000000043ec150_0;  alias, 1 drivers
v00000000043ec1f0_0 .net "HEX1", 7 0, o00000000043958d8;  alias, 0 drivers
v00000000043ecd30_0 .net "HEX2", 7 0, o0000000004395908;  alias, 0 drivers
v00000000043ec830_0 .net "HEX3", 7 0, o0000000004395938;  alias, 0 drivers
v00000000043ebe30_0 .net "HEX4", 7 0, o0000000004395968;  alias, 0 drivers
v00000000043ec8d0_0 .net "HEX5", 7 0, o0000000004395998;  alias, 0 drivers
v00000000043ec470_0 .net "KEY", 1 0, v00000000043eb6b0_0;  1 drivers
v00000000043ec510_0 .net "LEDR", 9 0, v00000000043ec010_0;  alias, 1 drivers
v00000000043ecbf0_0 .net "SW", 9 0, v00000000043ec650_0;  1 drivers
v00000000043ecdd0_0 .net "baseState", 3 0, v00000000043eca10_0;  1 drivers
v00000000043eb250_0 .net "clk1", 0 0, v00000000043641e0_0;  1 drivers
v00000000043ec330_0 .net "clk2", 0 0, v0000000004364000_0;  1 drivers
v00000000043eb930_0 .net "clk3", 0 0, v00000000043ecf10_0;  1 drivers
v00000000043eb570_0 .net "memAddress", 2 0, v0000000004363420_0;  1 drivers
o00000000043959f8 .functor BUFZ 4, C4<zzzz>; HiZ drive
v00000000043eb2f0_0 .net "memState", 3 0, o00000000043959f8;  0 drivers
v00000000043eb610_0 .net "state", 3 0, L_0000000004393470;  1 drivers
v00000000043eb9d0_0 .var "stateHolder", 3 0;
E_000000000438e6a0 .event edge, v00000000043ecbf0_0, v00000000043eb2f0_0, v00000000043eca10_0;
L_00000000043ebbb0 .part v00000000043eb6b0_0, 0, 1;
L_00000000043ebc50 .part v00000000043eb6b0_0, 0, 1;
L_00000000043ebf70 .part v00000000043eb6b0_0, 0, 1;
L_00000000043ec790 .part v00000000043ec650_0, 0, 3;
L_00000000043ec970 .part v00000000043eb6b0_0, 0, 1;
L_00000000043eeb30 .part v00000000043eb6b0_0, 0, 1;
S_0000000004372440 .scope module, "af0" "addressFinder" 3 43, 5 1 0, S_0000000004375f90;
 .timescale -8 -10;
    .port_info 0 /INPUT 1 "clk"
    .port_info 1 /OUTPUT 3 "address"
    .port_info 2 /INPUT 1 "rst"
v0000000004363420_0 .var "address", 2 0;
v0000000004363ce0_0 .net "clk", 0 0, v0000000004364000_0;  alias, 1 drivers
v00000000043634c0_0 .net "rst", 0 0, L_00000000043eeb30;  1 drivers
E_000000000438e620/0 .event negedge, v00000000043634c0_0;
E_000000000438e620/1 .event posedge, v0000000004363ce0_0;
E_000000000438e620 .event/or E_000000000438e620/0, E_000000000438e620/1;
S_00000000043725c0 .scope module, "cd0" "clk_divider" 3 13, 6 1 0, S_0000000004375f90;
 .timescale -8 -10;
    .port_info 0 /INPUT 1 "clk"
    .port_info 1 /OUTPUT 1 "out"
    .port_info 2 /INPUT 1 "rst"
P_000000000438e660 .param/l "divider" 0 6 9, C4<00000000000000000000000011111010>;
v0000000004363560_0 .net "clk", 0 0, v00000000043eb890_0;  alias, 1 drivers
v00000000043636a0_0 .var "count", 31 0;
v00000000043641e0_0 .var "out", 0 0;
v0000000004364140_0 .net "rst", 0 0, L_00000000043ebbb0;  1 drivers
E_000000000438eb60/0 .event negedge, v0000000004364140_0;
E_000000000438eb60/1 .event posedge, v0000000004363560_0;
E_000000000438eb60 .event/or E_000000000438eb60/0, E_000000000438eb60/1;
S_00000000041d62f0 .scope module, "cd1" "clk_divider" 3 14, 6 1 0, S_0000000004375f90;
 .timescale -8 -10;
    .port_info 0 /INPUT 1 "clk"
    .port_info 1 /OUTPUT 1 "out"
    .port_info 2 /INPUT 1 "rst"
P_000000000438eba0 .param/l "divider" 0 6 9, C4<00000000000000000000100111000100>;
v0000000004363f60_0 .net "clk", 0 0, v00000000043eb890_0;  alias, 1 drivers
v0000000004363740_0 .var "count", 31 0;
v0000000004364000_0 .var "out", 0 0;
v0000000004364280_0 .net "rst", 0 0, L_00000000043ebc50;  1 drivers
E_000000000438e460/0 .event negedge, v0000000004364280_0;
E_000000000438e460/1 .event posedge, v0000000004363560_0;
E_000000000438e460 .event/or E_000000000438e460/0, E_000000000438e460/1;
S_00000000041d6470 .scope module, "cd2" "clk_divider" 3 15, 6 1 0, S_0000000004375f90;
 .timescale -8 -10;
    .port_info 0 /INPUT 1 "clk"
    .port_info 1 /OUTPUT 1 "out"
    .port_info 2 /INPUT 1 "rst"
P_000000000438ebe0 .param/l "divider" 0 6 9, C4<00000000000000000000000001111101>;
v0000000004363380_0 .net "clk", 0 0, v00000000043eb890_0;  alias, 1 drivers
v00000000043eb750_0 .var "count", 31 0;
v00000000043ecf10_0 .var "out", 0 0;
v00000000043eb070_0 .net "rst", 0 0, L_00000000043ebf70;  1 drivers
E_000000000438ec60/0 .event negedge, v00000000043eb070_0;
E_000000000438ec60/1 .event posedge, v0000000004363560_0;
E_000000000438ec60 .event/or E_000000000438ec60/0, E_000000000438ec60/1;
S_00000000041de540 .scope module, "sd0" "stateDecider" 3 35, 7 1 0, S_0000000004375f90;
 .timescale -8 -10;
    .port_info 0 /INPUT 1 "clk"
    .port_info 1 /OUTPUT 4 "state"
    .port_info 2 /INPUT 3 "swit"
    .port_info 3 /INPUT 2 "butt"
v00000000043eb4d0_0 .net *"_s3", 0 0, L_00000000043ec6f0;  1 drivers
v00000000043ebcf0_0 .net "butt", 1 0, v00000000043eb6b0_0;  alias, 1 drivers
v00000000043ec290_0 .net "clk", 0 0, v00000000043641e0_0;  alias, 1 drivers
v00000000043eca10_0 .var "state", 3 0;
v00000000043ecab0_0 .net "swit", 2 0, L_00000000043ec790;  1 drivers
E_000000000438ed60/0 .event negedge, L_00000000043ec6f0;
E_000000000438ed60/1 .event posedge, v00000000043641e0_0;
E_000000000438ed60 .event/or E_000000000438ed60/0, E_000000000438ed60/1;
L_00000000043ec6f0 .part v00000000043eb6b0_0, 0, 1;
S_00000000041de6c0 .scope module, "sp0" "stateProcessor" 3 39, 8 1 0, S_0000000004375f90;
 .timescale -8 -10;
    .port_info 0 /INPUT 4 "state"
    .port_info 1 /OUTPUT 10 "leds"
    .port_info 2 /INPUT 1 "clk"
    .port_info 3 /INPUT 1 "rst"
v00000000043eb1b0_0 .net "clk", 0 0, v00000000043ecf10_0;  alias, 1 drivers
v00000000043eb430_0 .var "count", 1 0;
v00000000043ec010_0 .var "leds", 9 0;
v00000000043ecb50_0 .net "rst", 0 0, L_00000000043ec970;  1 drivers
v00000000043ec0b0_0 .net "state", 3 0, L_0000000004393470;  alias, 1 drivers
v00000000043ebb10_0 .var "swit", 0 0;
E_000000000438efa0 .event edge, v00000000043ec0b0_0, v00000000043ebb10_0, v00000000043eb430_0;
E_000000000438efe0/0 .event negedge, v00000000043ecb50_0;
E_000000000438efe0/1 .event posedge, v00000000043ecf10_0;
E_000000000438efe0 .event/or E_000000000438efe0/0, E_000000000438efe0/1;
S_0000000004382c20 .scope module, "ss0" "sevenSeg" 3 37, 9 1 0, S_0000000004375f90;
 .timescale -8 -10;
    .port_info 0 /INPUT 4 "a"
    .port_info 1 /OUTPUT 8 "x"
v00000000043ecc90_0 .net "a", 3 0, L_0000000004393470;  alias, 1 drivers
v00000000043ec150_0 .var "x", 7 0;
E_0000000004367d30 .event edge, v00000000043ec0b0_0;
    .scope S_00000000043725c0;
T_0 ;
    %wait E_000000000438eb60;
    %load/vec4 v0000000004364140_0;
    %pad/u 32;
    %cmpi/e 0, 0, 32;
    %jmp/0xz  T_0.0, 4;
    %pushi/vec4 0, 0, 32;
    %assign/vec4 v00000000043636a0_0, 0;
    %pushi/vec4 0, 0, 1;
    %assign/vec4 v00000000043641e0_0, 0;
    %jmp T_0.1;
T_0.0 ;
    %load/vec4 v00000000043636a0_0;
    %cmpi/ne 250, 0, 32;
    %jmp/0xz  T_0.2, 4;
    %load/vec4 v00000000043636a0_0;
    %addi 1, 0, 32;
    %assign/vec4 v00000000043636a0_0, 0;
    %jmp T_0.3;
T_0.2 ;
    %pushi/vec4 0, 0, 32;
    %assign/vec4 v00000000043636a0_0, 0;
    %load/vec4 v00000000043641e0_0;
    %inv;
    %assign/vec4 v00000000043641e0_0, 0;
T_0.3 ;
T_0.1 ;
    %jmp T_0;
    .thread T_0;
    .scope S_00000000041d62f0;
T_1 ;
    %wait E_000000000438e460;
    %load/vec4 v0000000004364280_0;
    %pad/u 32;
    %cmpi/e 0, 0, 32;
    %jmp/0xz  T_1.0, 4;
    %pushi/vec4 0, 0, 32;
    %assign/vec4 v0000000004363740_0, 0;
    %pushi/vec4 0, 0, 1;
    %assign/vec4 v0000000004364000_0, 0;
    %jmp T_1.1;
T_1.0 ;
    %load/vec4 v0000000004363740_0;
    %cmpi/ne 2500, 0, 32;
    %jmp/0xz  T_1.2, 4;
    %load/vec4 v0000000004363740_0;
    %addi 1, 0, 32;
    %assign/vec4 v0000000004363740_0, 0;
    %jmp T_1.3;
T_1.2 ;
    %pushi/vec4 0, 0, 32;
    %assign/vec4 v0000000004363740_0, 0;
    %load/vec4 v0000000004364000_0;
    %inv;
    %assign/vec4 v0000000004364000_0, 0;
T_1.3 ;
T_1.1 ;
    %jmp T_1;
    .thread T_1;
    .scope S_00000000041d6470;
T_2 ;
    %wait E_000000000438ec60;
    %load/vec4 v00000000043eb070_0;
    %pad/u 32;
    %cmpi/e 0, 0, 32;
    %jmp/0xz  T_2.0, 4;
    %pushi/vec4 0, 0, 32;
    %assign/vec4 v00000000043eb750_0, 0;
    %pushi/vec4 0, 0, 1;
    %assign/vec4 v00000000043ecf10_0, 0;
    %jmp T_2.1;
T_2.0 ;
    %load/vec4 v00000000043eb750_0;
    %cmpi/ne 125, 0, 32;
    %jmp/0xz  T_2.2, 4;
    %load/vec4 v00000000043eb750_0;
    %addi 1, 0, 32;
    %assign/vec4 v00000000043eb750_0, 0;
    %jmp T_2.3;
T_2.2 ;
    %pushi/vec4 0, 0, 32;
    %assign/vec4 v00000000043eb750_0, 0;
    %load/vec4 v00000000043ecf10_0;
    %inv;
    %assign/vec4 v00000000043ecf10_0, 0;
T_2.3 ;
T_2.1 ;
    %jmp T_2;
    .thread T_2;
    .scope S_00000000041de540;
T_3 ;
    %wait E_000000000438ed60;
    %load/vec4 v00000000043ebcf0_0;
    %parti/s 1, 0, 2;
    %pad/u 32;
    %cmpi/e 0, 0, 32;
    %jmp/0xz  T_3.0, 4;
    %pushi/vec4 0, 0, 4;
    %assign/vec4 v00000000043eca10_0, 0;
    %jmp T_3.1;
T_3.0 ;
    %load/vec4 v00000000043ecab0_0;
    %parti/s 1, 0, 2;
    %pad/u 32;
    %cmpi/e 1, 0, 32;
    %jmp/0xz  T_3.2, 4;
    %pushi/vec4 8, 0, 4;
    %assign/vec4 v00000000043eca10_0, 0;
    %jmp T_3.3;
T_3.2 ;
    %load/vec4 v00000000043ecab0_0;
    %parti/s 1, 1, 2;
    %ix/load 4, 0, 0;
    %ix/load 5, 0, 0;
    %flag_set/imm 4, 0;
    %assign/vec4/off/d v00000000043eca10_0, 4, 5;
    %load/vec4 v00000000043ebcf0_0;
    %parti/s 1, 1, 2;
    %ix/load 4, 1, 0;
    %ix/load 5, 0, 0;
    %flag_set/imm 4, 0;
    %assign/vec4/off/d v00000000043eca10_0, 4, 5;
    %load/vec4 v00000000043ecab0_0;
    %parti/s 1, 2, 3;
    %ix/load 4, 2, 0;
    %ix/load 5, 0, 0;
    %flag_set/imm 4, 0;
    %assign/vec4/off/d v00000000043eca10_0, 4, 5;
    %load/vec4 v00000000043ecab0_0;
    %parti/s 1, 0, 2;
    %ix/load 4, 3, 0;
    %ix/load 5, 0, 0;
    %flag_set/imm 4, 0;
    %assign/vec4/off/d v00000000043eca10_0, 4, 5;
T_3.3 ;
T_3.1 ;
    %jmp T_3;
    .thread T_3;
    .scope S_0000000004382c20;
T_4 ;
    %wait E_0000000004367d30;
    %load/vec4 v00000000043ecc90_0;
    %dup/vec4;
    %pushi/vec4 0, 0, 4;
    %cmp/u;
    %jmp/1 T_4.0, 6;
    %dup/vec4;
    %pushi/vec4 1, 0, 4;
    %cmp/u;
    %jmp/1 T_4.1, 6;
    %dup/vec4;
    %pushi/vec4 2, 0, 4;
    %cmp/u;
    %jmp/1 T_4.2, 6;
    %dup/vec4;
    %pushi/vec4 3, 0, 4;
    %cmp/u;
    %jmp/1 T_4.3, 6;
    %dup/vec4;
    %pushi/vec4 4, 0, 4;
    %cmp/u;
    %jmp/1 T_4.4, 6;
    %dup/vec4;
    %pushi/vec4 5, 0, 4;
    %cmp/u;
    %jmp/1 T_4.5, 6;
    %dup/vec4;
    %pushi/vec4 6, 0, 4;
    %cmp/u;
    %jmp/1 T_4.6, 6;
    %dup/vec4;
    %pushi/vec4 7, 0, 4;
    %cmp/u;
    %jmp/1 T_4.7, 6;
    %dup/vec4;
    %pushi/vec4 8, 0, 4;
    %cmp/u;
    %jmp/1 T_4.8, 6;
    %dup/vec4;
    %pushi/vec4 9, 0, 4;
    %cmp/u;
    %jmp/1 T_4.9, 6;
    %dup/vec4;
    %pushi/vec4 10, 0, 4;
    %cmp/u;
    %jmp/1 T_4.10, 6;
    %dup/vec4;
    %pushi/vec4 11, 0, 4;
    %cmp/u;
    %jmp/1 T_4.11, 6;
    %dup/vec4;
    %pushi/vec4 12, 0, 4;
    %cmp/u;
    %jmp/1 T_4.12, 6;
    %dup/vec4;
    %pushi/vec4 13, 0, 4;
    %cmp/u;
    %jmp/1 T_4.13, 6;
    %dup/vec4;
    %pushi/vec4 14, 0, 4;
    %cmp/u;
    %jmp/1 T_4.14, 6;
    %dup/vec4;
    %pushi/vec4 15, 0, 4;
    %cmp/u;
    %jmp/1 T_4.15, 6;
    %pushi/vec4 255, 0, 8;
    %store/vec4 v00000000043ec150_0, 0, 8;
    %jmp T_4.17;
T_4.0 ;
    %pushi/vec4 192, 0, 8;
    %store/vec4 v00000000043ec150_0, 0, 8;
    %jmp T_4.17;
T_4.1 ;
    %pushi/vec4 249, 0, 8;
    %store/vec4 v00000000043ec150_0, 0, 8;
    %jmp T_4.17;
T_4.2 ;
    %pushi/vec4 164, 0, 8;
    %store/vec4 v00000000043ec150_0, 0, 8;
    %jmp T_4.17;
T_4.3 ;
    %pushi/vec4 176, 0, 8;
    %store/vec4 v00000000043ec150_0, 0, 8;
    %jmp T_4.17;
T_4.4 ;
    %pushi/vec4 153, 0, 8;
    %store/vec4 v00000000043ec150_0, 0, 8;
    %jmp T_4.17;
T_4.5 ;
    %pushi/vec4 146, 0, 8;
    %store/vec4 v00000000043ec150_0, 0, 8;
    %jmp T_4.17;
T_4.6 ;
    %pushi/vec4 130, 0, 8;
    %store/vec4 v00000000043ec150_0, 0, 8;
    %jmp T_4.17;
T_4.7 ;
    %pushi/vec4 248, 0, 8;
    %store/vec4 v00000000043ec150_0, 0, 8;
    %jmp T_4.17;
T_4.8 ;
    %pushi/vec4 128, 0, 8;
    %store/vec4 v00000000043ec150_0, 0, 8;
    %jmp T_4.17;
T_4.9 ;
    %pushi/vec4 152, 0, 8;
    %store/vec4 v00000000043ec150_0, 0, 8;
    %jmp T_4.17;
T_4.10 ;
    %pushi/vec4 255, 0, 8;
    %store/vec4 v00000000043ec150_0, 0, 8;
    %jmp T_4.17;
T_4.11 ;
    %pushi/vec4 131, 0, 8;
    %store/vec4 v00000000043ec150_0, 0, 8;
    %jmp T_4.17;
T_4.12 ;
    %pushi/vec4 198, 0, 8;
    %store/vec4 v00000000043ec150_0, 0, 8;
    %jmp T_4.17;
T_4.13 ;
    %pushi/vec4 161, 0, 8;
    %store/vec4 v00000000043ec150_0, 0, 8;
    %jmp T_4.17;
T_4.14 ;
    %pushi/vec4 134, 0, 8;
    %store/vec4 v00000000043ec150_0, 0, 8;
    %jmp T_4.17;
T_4.15 ;
    %pushi/vec4 142, 0, 8;
    %store/vec4 v00000000043ec150_0, 0, 8;
    %jmp T_4.17;
T_4.17 ;
    %pop/vec4 1;
    %jmp T_4;
    .thread T_4, $push;
    .scope S_00000000041de6c0;
T_5 ;
    %wait E_000000000438efe0;
    %load/vec4 v00000000043ecb50_0;
    %pad/u 32;
    %cmpi/e 0, 0, 32;
    %jmp/0xz  T_5.0, 4;
    %pushi/vec4 0, 0, 2;
    %assign/vec4 v00000000043eb430_0, 0;
    %pushi/vec4 0, 0, 1;
    %assign/vec4 v00000000043ebb10_0, 0;
    %jmp T_5.1;
T_5.0 ;
    %load/vec4 v00000000043ebb10_0;
    %inv;
    %assign/vec4 v00000000043ebb10_0, 0;
    %load/vec4 v00000000043eb430_0;
    %cmpi/u 2, 0, 2;
    %jmp/0xz  T_5.2, 5;
    %load/vec4 v00000000043eb430_0;
    %addi 1, 0, 2;
    %assign/vec4 v00000000043eb430_0, 0;
    %jmp T_5.3;
T_5.2 ;
    %pushi/vec4 0, 0, 2;
    %assign/vec4 v00000000043eb430_0, 0;
T_5.3 ;
T_5.1 ;
    %jmp T_5;
    .thread T_5;
    .scope S_00000000041de6c0;
T_6 ;
    %wait E_000000000438efa0;
    %pushi/vec4 8, 0, 4;
    %load/vec4 v00000000043ec0b0_0;
    %cmp/u;
    %flag_or 5, 4;
    %jmp/0xz  T_6.0, 5;
    %load/vec4 v00000000043ebb10_0;
    %flag_set/vec4 8;
    %jmp/0xz  T_6.2, 8;
    %pushi/vec4 903, 0, 10;
    %store/vec4 v00000000043ec010_0, 0, 10;
    %jmp T_6.3;
T_6.2 ;
    %pushi/vec4 0, 0, 10;
    %store/vec4 v00000000043ec010_0, 0, 10;
T_6.3 ;
    %jmp T_6.1;
T_6.0 ;
    %load/vec4 v00000000043ec0b0_0;
    %cmpi/e 4, 0, 4;
    %flag_mov 8, 4;
    %load/vec4 v00000000043ec0b0_0;
    %cmpi/e 6, 0, 4;
    %flag_or 4, 8;
    %jmp/0xz  T_6.4, 4;
    %pushi/vec4 903, 0, 10;
    %store/vec4 v00000000043ec010_0, 0, 10;
    %jmp T_6.5;
T_6.4 ;
    %load/vec4 v00000000043ec0b0_0;
    %cmpi/e 0, 0, 4;
    %flag_mov 8, 4;
    %load/vec4 v00000000043ec0b0_0;
    %cmpi/e 2, 0, 4;
    %flag_or 4, 8;
    %jmp/0xz  T_6.6, 4;
    %pushi/vec4 0, 0, 10;
    %store/vec4 v00000000043ec010_0, 0, 10;
    %jmp T_6.7;
T_6.6 ;
    %load/vec4 v00000000043ec0b0_0;
    %parti/s 1, 0, 2;
    %pad/u 32;
    %cmpi/e 1, 0, 32;
    %jmp/0xz  T_6.8, 4;
    %load/vec4 v00000000043ec0b0_0;
    %parti/s 1, 1, 2;
    %pad/u 32;
    %cmpi/e 0, 0, 32;
    %jmp/0xz  T_6.10, 4;
    %load/vec4 v00000000043eb430_0;
    %dup/vec4;
    %pushi/vec4 0, 0, 2;
    %cmp/u;
    %jmp/1 T_6.12, 6;
    %dup/vec4;
    %pushi/vec4 1, 0, 2;
    %cmp/u;
    %jmp/1 T_6.13, 6;
    %dup/vec4;
    %pushi/vec4 2, 0, 2;
    %cmp/u;
    %jmp/1 T_6.14, 6;
    %pushi/vec4 7, 0, 3;
    %ix/load 4, 0, 0;
    %flag_set/imm 4, 0;
    %store/vec4 v00000000043ec010_0, 4, 3;
    %jmp T_6.16;
T_6.12 ;
    %pushi/vec4 4, 0, 3;
    %ix/load 4, 0, 0;
    %flag_set/imm 4, 0;
    %store/vec4 v00000000043ec010_0, 4, 3;
    %jmp T_6.16;
T_6.13 ;
    %pushi/vec4 2, 0, 3;
    %ix/load 4, 0, 0;
    %flag_set/imm 4, 0;
    %store/vec4 v00000000043ec010_0, 4, 3;
    %jmp T_6.16;
T_6.14 ;
    %pushi/vec4 1, 0, 3;
    %ix/load 4, 0, 0;
    %flag_set/imm 4, 0;
    %store/vec4 v00000000043ec010_0, 4, 3;
    %jmp T_6.16;
T_6.16 ;
    %pop/vec4 1;
    %load/vec4 v00000000043ec0b0_0;
    %parti/s 1, 2, 3;
    %pad/u 32;
    %cmpi/e 1, 0, 32;
    %jmp/0xz  T_6.17, 4;
    %pushi/vec4 112, 0, 7;
    %ix/load 4, 3, 0;
    %flag_set/imm 4, 0;
    %store/vec4 v00000000043ec010_0, 4, 7;
    %jmp T_6.18;
T_6.17 ;
    %pushi/vec4 0, 0, 7;
    %ix/load 4, 3, 0;
    %flag_set/imm 4, 0;
    %store/vec4 v00000000043ec010_0, 4, 7;
T_6.18 ;
    %jmp T_6.11;
T_6.10 ;
    %load/vec4 v00000000043ec0b0_0;
    %parti/s 1, 1, 2;
    %pad/u 32;
    %cmpi/e 1, 0, 32;
    %jmp/0xz  T_6.19, 4;
    %load/vec4 v00000000043eb430_0;
    %dup/vec4;
    %pushi/vec4 0, 0, 2;
    %cmp/u;
    %jmp/1 T_6.21, 6;
    %dup/vec4;
    %pushi/vec4 1, 0, 2;
    %cmp/u;
    %jmp/1 T_6.22, 6;
    %dup/vec4;
    %pushi/vec4 2, 0, 2;
    %cmp/u;
    %jmp/1 T_6.23, 6;
    %pushi/vec4 7, 0, 3;
    %ix/load 4, 7, 0;
    %flag_set/imm 4, 0;
    %store/vec4 v00000000043ec010_0, 4, 3;
    %jmp T_6.25;
T_6.21 ;
    %pushi/vec4 1, 0, 3;
    %ix/load 4, 7, 0;
    %flag_set/imm 4, 0;
    %store/vec4 v00000000043ec010_0, 4, 3;
    %jmp T_6.25;
T_6.22 ;
    %pushi/vec4 2, 0, 3;
    %ix/load 4, 7, 0;
    %flag_set/imm 4, 0;
    %store/vec4 v00000000043ec010_0, 4, 3;
    %jmp T_6.25;
T_6.23 ;
    %pushi/vec4 4, 0, 3;
    %ix/load 4, 7, 0;
    %flag_set/imm 4, 0;
    %store/vec4 v00000000043ec010_0, 4, 3;
    %jmp T_6.25;
T_6.25 ;
    %pop/vec4 1;
    %load/vec4 v00000000043ec0b0_0;
    %parti/s 1, 2, 3;
    %pad/u 32;
    %cmpi/e 1, 0, 32;
    %jmp/0xz  T_6.26, 4;
    %pushi/vec4 7, 0, 7;
    %ix/load 4, 0, 0;
    %flag_set/imm 4, 0;
    %store/vec4 v00000000043ec010_0, 4, 7;
    %jmp T_6.27;
T_6.26 ;
    %pushi/vec4 0, 0, 7;
    %ix/load 4, 0, 0;
    %flag_set/imm 4, 0;
    %store/vec4 v00000000043ec010_0, 4, 7;
T_6.27 ;
T_6.19 ;
T_6.11 ;
    %jmp T_6.9;
T_6.8 ;
    %pushi/vec4 1023, 0, 10;
    %store/vec4 v00000000043ec010_0, 0, 10;
T_6.9 ;
T_6.7 ;
T_6.5 ;
T_6.1 ;
    %jmp T_6;
    .thread T_6, $push;
    .scope S_0000000004372440;
T_7 ;
    %wait E_000000000438e620;
    %load/vec4 v00000000043634c0_0;
    %pad/u 32;
    %cmpi/e 0, 0, 32;
    %jmp/0xz  T_7.0, 4;
    %pushi/vec4 0, 0, 3;
    %assign/vec4 v0000000004363420_0, 0;
    %jmp T_7.1;
T_7.0 ;
    %load/vec4 v0000000004363420_0;
    %cmpi/u 7, 0, 3;
    %jmp/0xz  T_7.2, 5;
    %load/vec4 v0000000004363420_0;
    %addi 1, 0, 3;
    %assign/vec4 v0000000004363420_0, 0;
    %jmp T_7.3;
T_7.2 ;
    %pushi/vec4 0, 0, 3;
    %assign/vec4 v0000000004363420_0, 0;
T_7.3 ;
T_7.1 ;
    %jmp T_7;
    .thread T_7;
    .scope S_0000000004375f90;
T_8 ;
    %wait E_000000000438e6a0;
    %load/vec4 v00000000043ecbf0_0;
    %parti/s 1, 9, 5;
    %pad/u 32;
    %cmpi/e 1, 0, 32;
    %jmp/0xz  T_8.0, 4;
    %load/vec4 v00000000043eb2f0_0;
    %store/vec4 v00000000043eb9d0_0, 0, 4;
    %jmp T_8.1;
T_8.0 ;
    %load/vec4 v00000000043ecdd0_0;
    %store/vec4 v00000000043eb9d0_0, 0, 4;
T_8.1 ;
    %jmp T_8;
    .thread T_8, $push;
    .scope S_0000000004375e10;
T_9 ;
    %pushi/vec4 0, 0, 1;
    %store/vec4 v00000000043eb890_0, 0, 1;
    %end;
    .thread T_9;
    .scope S_0000000004375e10;
T_10 ;
	  %vpi_call 2 13 "$dumpfile", "proj3tb.vcd" {0 0 0};
    %vpi_call 2 14 "$dumpvars" {0 0 0};
    %pushi/vec4 0, 0, 1;
    %ix/load 4, 9, 0;
    %flag_set/imm 4, 0;
    %store/vec4 v00000000043ec650_0, 4, 1;
    %pushi/vec4 0, 0, 1;
    %ix/load 4, 0, 0;
    %flag_set/imm 4, 0;
    %store/vec4 v00000000043eb6b0_0, 4, 1;
    %pushi/vec4 1, 0, 1;
    %ix/load 4, 1, 0;
    %flag_set/imm 4, 0;
    %store/vec4 v00000000043eb6b0_0, 4, 1;
    %delay 1000, 0;
    %pushi/vec4 1, 0, 1;
    %ix/load 4, 0, 0;
    %flag_set/imm 4, 0;
    %store/vec4 v00000000043eb6b0_0, 4, 1;
    %delay 1000, 0;
    %pushi/vec4 1, 0, 3;
    %ix/load 4, 0, 0;
    %flag_set/imm 4, 0;
    %store/vec4 v00000000043ec650_0, 4, 3;
    %delay 200000, 0;
    %pushi/vec4 2, 0, 3;
    %ix/load 4, 0, 0;
    %flag_set/imm 4, 0;
    %store/vec4 v00000000043ec650_0, 4, 3;
    %delay 200000, 0;
    %pushi/vec4 0, 0, 1;
    %ix/load 4, 1, 0;
    %flag_set/imm 4, 0;
    %store/vec4 v00000000043eb6b0_0, 4, 1;
    %delay 200000, 0;
    %pushi/vec4 6, 0, 3;
    %ix/load 4, 0, 0;
    %flag_set/imm 4, 0;
    %store/vec4 v00000000043ec650_0, 4, 3;
    %delay 200000, 0;
    %pushi/vec4 1, 0, 1;
    %ix/load 4, 1, 0;
    %flag_set/imm 4, 0;
    %store/vec4 v00000000043eb6b0_0, 4, 1;
    %delay 200000, 0;
    %pushi/vec4 4, 0, 3;
    %ix/load 4, 0, 0;
    %flag_set/imm 4, 0;
    %store/vec4 v00000000043ec650_0, 4, 3;
    %delay 200000, 0;
    %pushi/vec4 0, 0, 3;
    %ix/load 4, 0, 0;
    %flag_set/imm 4, 0;
    %store/vec4 v00000000043ec650_0, 4, 3;
    %delay 200000, 0;
    %vpi_call 2 26 "$finish" {0 0 0};
    %end;
    .thread T_10;
    .scope S_0000000004375e10;
T_11 ;
    %delay 100, 0;
    %load/vec4 v00000000043eb890_0;
    %inv;
    %store/vec4 v00000000043eb890_0, 0, 1;
    %jmp T_11;
    .thread T_11;
# The file index is used to find the file name in the following table.
:file_names 10;
    "N/A";
    "<interactive>";
    "proj3tb.v";
    "proj3.v";
    "./params.vh";
    "addressFinder.v";
    "clk_divider.v";
    "stateDecider.v";
    "stateProcessor.v";
    "sevenSeg.v";
